<?xml version="1.0" encoding="utf-8"?>
<test-run id="2" testcasecount="109" result="Failed(Child)" total="109" passed="103" failed="4" inconclusive="0" skipped="2" asserts="0" engine-version="3.5.0.0" clr-version="4.0.30319.42000" start-time="2026-05-26 23:43:50Z" end-time="2026-05-26 23:43:52Z" duration="1.7173873">
  <test-suite type="TestSuite" id="1000" name="EscapeFromNightmares" fullname="EscapeFromNightmares" runstate="Runnable" testcasecount="109" result="Failed" site="Child" start-time="2026-05-26 23:43:50Z" end-time="2026-05-26 23:43:52Z" duration="1.717387" total="109" passed="103" failed="4" inconclusive="0" skipped="2" asserts="0">
    <properties>
      <property name="platform" value="EditMode" />
    </properties>
    <failure>
      <message><![CDATA[One or more child tests had errors]]></message>
    </failure>
    <test-suite type="Assembly" id="1113" name="EscapeFromNightmares.EditModeTests.dll" fullname="D:/Game/Project/Escape_from_Nightmare/Library/ScriptAssemblies/EscapeFromNightmares.EditModeTests.dll" runstate="Runnable" testcasecount="109" result="Failed" site="Child" start-time="2026-05-26 23:43:50Z" end-time="2026-05-26 23:43:52Z" duration="1.711360" total="109" passed="103" failed="4" inconclusive="0" skipped="2" asserts="0">
      <properties>
        <property name="_PID" value="23896" />
        <property name="_APPDOMAIN" value="Unity Child Domain" />
        <property name="platform" value="EditMode" />
        <property name="EditorOnly" value="True" />
      </properties>
      <failure>
        <message><![CDATA[One or more child tests had errors]]></message>
      </failure>
      <test-suite type="TestSuite" id="1114" name="EscapeFromNightmares" fullname="EscapeFromNightmares" runstate="Runnable" testcasecount="109" result="Failed" site="Child" start-time="2026-05-26 23:43:50Z" end-time="2026-05-26 23:43:52Z" duration="1.710790" total="109" passed="103" failed="4" inconclusive="0" skipped="2" asserts="0">
        <properties />
        <failure>
          <message><![CDATA[One or more child tests had errors]]></message>
        </failure>
        <test-suite type="TestSuite" id="1115" name="Tests" fullname="EscapeFromNightmares.Tests" runstate="Runnable" testcasecount="109" result="Failed" site="Child" start-time="2026-05-26 23:43:50Z" end-time="2026-05-26 23:43:52Z" duration="1.710189" total="109" passed="103" failed="4" inconclusive="0" skipped="2" asserts="0">
          <properties />
          <failure>
            <message><![CDATA[One or more child tests had errors]]></message>
          </failure>
          <test-suite type="TestSuite" id="1116" name="EditMode" fullname="EscapeFromNightmares.Tests.EditMode" runstate="Runnable" testcasecount="109" result="Failed" site="Child" start-time="2026-05-26 23:43:50Z" end-time="2026-05-26 23:43:52Z" duration="1.708520" total="109" passed="103" failed="4" inconclusive="0" skipped="2" asserts="0">
            <properties />
            <failure>
              <message><![CDATA[One or more child tests had errors]]></message>
            </failure>
            <test-suite type="TestFixture" id="1001" name="GameSessionTests" fullname="EscapeFromNightmares.Tests.EditMode.GameSessionTests" classname="EscapeFromNightmares.Tests.EditMode.GameSessionTests" runstate="Runnable" testcasecount="100" result="Failed" site="Child" start-time="2026-05-26 23:43:50Z" end-time="2026-05-26 23:43:52Z" duration="1.276077" total="100" passed="94" failed="4" inconclusive="0" skipped="2" asserts="0">
              <properties />
              <failure>
                <message><![CDATA[One or more child tests had errors]]></message>
              </failure>
              <test-case id="1096" name="BindingLookup_TryFindSoundReturnsDrawerSoundEntries" fullname="EscapeFromNightmares.Tests.EditMode.GameSessionTests.BindingLookup_TryFindSoundReturnsDrawerSoundEntries" methodname="BindingLookup_TryFindSoundReturnsDrawerSoundEntries" classname="EscapeFromNightmares.Tests.EditMode.GameSessionTests" runstate="Runnable" seed="1049113690" result="Passed" start-time="2026-05-26 23:43:50Z" end-time="2026-05-26 23:43:50Z" duration="0.022413" asserts="0">
                <properties>
                  <property name="retryIteration" value="0" />
                  <property name="repeatIteration" value="0" />
                </properties>
              </test-case>
              <test-case id="1095" name="BindingLookup_TryFindSoundReturnsEntryWithCategory" fullname="EscapeFromNightmares.Tests.EditMode.GameSessionTests.BindingLookup_TryFindSoundReturnsEntryWithCategory" methodname="BindingLookup_TryFindSoundReturnsEntryWithCategory" classname="EscapeFromNightmares.Tests.EditMode.GameSessionTests" runstate="Runnable" seed="1500029592" result="Passed" start-time="2026-05-26 23:43:50Z" end-time="2026-05-26 23:43:50Z" duration="0.001187" asserts="0">
                <properties>
                  <property name="retryIteration" value="0" />
                  <property name="repeatIteration" value="0" />
                </properties>
              </test-case>
              <test-case id="1043" name="BindingLookup_TryFindSpriteReturnsDirectSpriteReference" fullname="EscapeFromNightmares.Tests.EditMode.GameSessionTests.BindingLookup_TryFindSpriteReturnsDirectSpriteReference" methodname="BindingLookup_TryFindSpriteReturnsDirectSpriteReference" classname="EscapeFromNightmares.Tests.EditMode.GameSessionTests" runstate="Runnable" seed="1730158378" result="Passed" start-time="2026-05-26 23:43:50Z" end-time="2026-05-26 23:43:50Z" duration="0.004062" asserts="0">
                <properties>
                  <property name="retryIteration" value="0" />
                  <property name="repeatIteration" value="0" />
                </properties>
              </test-case>
              <test-case id="1093" name="Documentation_StrictIdentityCloseUpCasesRecordCropRects" fullname="EscapeFromNightmares.Tests.EditMode.GameSessionTests.Documentation_StrictIdentityCloseUpCasesRecordCropRects" methodname="Documentation_StrictIdentityCloseUpCasesRecordCropRects" classname="EscapeFromNightmares.Tests.EditMode.GameSessionTests" runstate="Runnable" seed="1693108540" result="Skipped" label="Ignored" start-time="2026-05-26 23:43:50Z" end-time="2026-05-26 23:43:50Z" duration="0.004389" asserts="0">
                <properties>
                  <property name="retryIteration" value="0" />
                  <property name="repeatIteration" value="0" />
                </properties>
                <reason>
                  <message><![CDATA[docs/ROOM_IMAGE_HARNESS.md is not present in this worktree.]]></message>
                </reason>
              </test-case>
              <test-case id="1036" name="EscapeActionResolver_ChildDeskDrawerOpensCloseUpBeforeItemPickup" fullname="EscapeFromNightmares.Tests.EditMode.GameSessionTests.EscapeActionResolver_ChildDeskDrawerOpensCloseUpBeforeItemPickup" methodname="EscapeActionResolver_ChildDeskDrawerOpensCloseUpBeforeItemPickup" classname="EscapeFromNightmares.Tests.EditMode.GameSessionTests" runstate="Runnable" seed="529081569" result="Passed" start-time="2026-05-26 23:43:50Z" end-time="2026-05-26 23:43:50Z" duration="0.003280" asserts="0">
                <properties>
                  <property name="retryIteration" value="0" />
                  <property name="repeatIteration" value="0" />
                </properties>
              </test-case>
              <test-case id="1071" name="EscapeActionResolver_FrontDoorKeyPickupMarksBasementAltarSolved" fullname="EscapeFromNightmares.Tests.EditMode.GameSessionTests.EscapeActionResolver_FrontDoorKeyPickupMarksBasementAltarSolved" methodname="EscapeActionResolver_FrontDoorKeyPickupMarksBasementAltarSolved" classname="EscapeFromNightmares.Tests.EditMode.GameSessionTests" runstate="Runnable" seed="1631263782" result="Passed" start-time="2026-05-26 23:43:50Z" end-time="2026-05-26 23:43:50Z" duration="0.001754" asserts="0">
                <properties>
                  <property name="retryIteration" value="0" />
                  <property name="repeatIteration" value="0" />
                </properties>
              </test-case>
              <test-case id="1084" name="EscapeActionResolver_MirrorExitReturnsMoveRoomAction" fullname="EscapeFromNightmares.Tests.EditMode.GameSessionTests.EscapeActionResolver_MirrorExitReturnsMoveRoomAction" methodname="EscapeActionResolver_MirrorExitReturnsMoveRoomAction" classname="EscapeFromNightmares.Tests.EditMode.GameSessionTests" runstate="Runnable" seed="1133253120" result="Passed" start-time="2026-05-26 23:43:50Z" end-time="2026-05-26 23:43:50Z" duration="0.001207" asserts="0">
                <properties>
                  <property name="retryIteration" value="0" />
                  <property name="repeatIteration" value="0" />
                </properties>
              </test-case>
              <test-case id="1094" name="EscapeActionResolver_OneShotUsedInteractableFails" fullname="EscapeFromNightmares.Tests.EditMode.GameSessionTests.EscapeActionResolver_OneShotUsedInteractableFails" methodname="EscapeActionResolver_OneShotUsedInteractableFails" classname="EscapeFromNightmares.Tests.EditMode.GameSessionTests" runstate="Runnable" seed="2092501214" result="Passed" start-time="2026-05-26 23:43:50Z" end-time="2026-05-26 23:43:50Z" duration="0.001203" asserts="0">
                <properties>
                  <property name="retryIteration" value="0" />
                  <property name="repeatIteration" value="0" />
                </properties>
              </test-case>
              <test-case id="1085" name="EscapeActionResolver_OpenPuzzleDoesNotSolveImmediately" fullname="EscapeFromNightmares.Tests.EditMode.GameSessionTests.EscapeActionResolver_OpenPuzzleDoesNotSolveImmediately" methodname="EscapeActionResolver_OpenPuzzleDoesNotSolveImmediately" classname="EscapeFromNightmares.Tests.EditMode.GameSessionTests" runstate="Runnable" seed="1237265459" result="Passed" start-time="2026-05-26 23:43:50Z" end-time="2026-05-26 23:43:50Z" duration="0.001154" asserts="0">
                <properties>
                  <property name="retryIteration" value="0" />
                  <property name="repeatIteration" value="0" />
                </properties>
              </test-case>
              <test-case id="1097" name="EscapeActionResolver_SoundIdAddsPlaySoundAction" fullname="EscapeFromNightmares.Tests.EditMode.GameSessionTests.EscapeActionResolver_SoundIdAddsPlaySoundAction" methodname="EscapeActionResolver_SoundIdAddsPlaySoundAction" classname="EscapeFromNightmares.Tests.EditMode.GameSessionTests" runstate="Runnable" seed="1776938548" result="Passed" start-time="2026-05-26 23:43:50Z" end-time="2026-05-26 23:43:50Z" duration="0.001221" asserts="0">
                <properties>
                  <property name="retryIteration" value="0" />
                  <property name="repeatIteration" value="0" />
                </properties>
              </test-case>
              <test-case id="1055" name="FlagService_ConditionsMet_ChecksFlagsItemsAndSolvedPuzzles" fullname="EscapeFromNightmares.Tests.EditMode.GameSessionTests.FlagService_ConditionsMet_ChecksFlagsItemsAndSolvedPuzzles" methodname="FlagService_ConditionsMet_ChecksFlagsItemsAndSolvedPuzzles" classname="EscapeFromNightmares.Tests.EditMode.GameSessionTests" runstate="Runnable" seed="1340563594" result="Passed" start-time="2026-05-26 23:43:50Z" end-time="2026-05-26 23:43:50Z" duration="0.000854" asserts="0">
                <properties>
                  <property name="retryIteration" value="0" />
                  <property name="repeatIteration" value="0" />
                </properties>
              </test-case>
              <test-case id="1069" name="GameDirector_ApplyFinalChaseStartStateForcesMonsterChaseAndFlag" fullname="EscapeFromNightmares.Tests.EditMode.GameSessionTests.GameDirector_ApplyFinalChaseStartStateForcesMonsterChaseAndFlag" methodname="GameDirector_ApplyFinalChaseStartStateForcesMonsterChaseAndFlag" classname="EscapeFromNightmares.Tests.EditMode.GameSessionTests" runstate="Runnable" seed="2053710218" result="Passed" start-time="2026-05-26 23:43:50Z" end-time="2026-05-26 23:43:50Z" duration="0.001302" asserts="0">
                <properties>
                  <property name="retryIteration" value="0" />
                  <property name="repeatIteration" value="0" />
                </properties>
              </test-case>
              <test-case id="1070" name="GameDirector_ApplyLaundryStorageBoxMonsterStartStateEnablesMonsterAndSetsFirstAppearanceOnce" fullname="EscapeFromNightmares.Tests.EditMode.GameSessionTests.GameDirector_ApplyLaundryStorageBoxMonsterStartStateEnablesMonsterAndSetsFirstAppearanceOnce" methodname="GameDirector_ApplyLaundryStorageBoxMonsterStartStateEnablesMonsterAndSetsFirstAppearanceOnce" classname="EscapeFromNightmares.Tests.EditMode.GameSessionTests" runstate="Runnable" seed="109462226" result="Passed" start-time="2026-05-26 23:43:50Z" end-time="2026-05-26 23:43:50Z" duration="0.000991" asserts="0">
                <properties>
                  <property name="retryIteration" value="0" />
                  <property name="repeatIteration" value="0" />
                </properties>
              </test-case>
              <test-case id="1052" name="GameDirector_ApplyMonsterPlacementMapsNormalizedRectToRectTransformAnchors" fullname="EscapeFromNightmares.Tests.EditMode.GameSessionTests.GameDirector_ApplyMonsterPlacementMapsNormalizedRectToRectTransformAnchors" methodname="GameDirector_ApplyMonsterPlacementMapsNormalizedRectToRectTransformAnchors" classname="EscapeFromNightmares.Tests.EditMode.GameSessionTests" runstate="Runnable" seed="1649684468" result="Passed" start-time="2026-05-26 23:43:50Z" end-time="2026-05-26 23:43:50Z" duration="0.003441" asserts="0">
                <properties>
                  <property name="retryIteration" value="0" />
                  <property name="repeatIteration" value="0" />
                </properties>
              </test-case>
              <test-case id="1067" name="GameDirector_ApplyStageClearStateSavesRecordAndResetsMonster" fullname="EscapeFromNightmares.Tests.EditMode.GameSessionTests.GameDirector_ApplyStageClearStateSavesRecordAndResetsMonster" methodname="GameDirector_ApplyStageClearStateSavesRecordAndResetsMonster" classname="EscapeFromNightmares.Tests.EditMode.GameSessionTests" runstate="Runnable" seed="1787498438" result="Passed" start-time="2026-05-26 23:43:50Z" end-time="2026-05-26 23:43:50Z" duration="0.018644" asserts="0">
                <properties>
                  <property name="retryIteration" value="0" />
                  <property name="repeatIteration" value="0" />
                </properties>
              </test-case>
              <test-case id="1034" name="GameDirector_ChildDeskDrawerHitboxStopsRenderingAfterItemAcquired" fullname="EscapeFromNightmares.Tests.EditMode.GameSessionTests.GameDirector_ChildDeskDrawerHitboxStopsRenderingAfterItemAcquired" methodname="GameDirector_ChildDeskDrawerHitboxStopsRenderingAfterItemAcquired" classname="EscapeFromNightmares.Tests.EditMode.GameSessionTests" runstate="Runnable" seed="220491966" result="Passed" start-time="2026-05-26 23:43:50Z" end-time="2026-05-26 23:43:50Z" duration="0.001110" asserts="0">
                <properties>
                  <property name="retryIteration" value="0" />
                  <property name="repeatIteration" value="0" />
                </properties>
              </test-case>
              <test-case id="1032" name="GameDirector_ConditionalRoomBackgroundsUseSessionState" fullname="EscapeFromNightmares.Tests.EditMode.GameSessionTests.GameDirector_ConditionalRoomBackgroundsUseSessionState" methodname="GameDirector_ConditionalRoomBackgroundsUseSessionState" classname="EscapeFromNightmares.Tests.EditMode.GameSessionTests" runstate="Runnable" seed="481596444" result="Passed" start-time="2026-05-26 23:43:50Z" end-time="2026-05-26 23:43:50Z" duration="0.001569" asserts="0">
                <properties>
                  <property name="retryIteration" value="0" />
                  <property name="repeatIteration" value="0" />
                </properties>
              </test-case>
              <test-case id="1049" name="GameDirector_CreateMonsterQaSnapshotReportsDisabledEmptyAndReadyPlacements" fullname="EscapeFromNightmares.Tests.EditMode.GameSessionTests.GameDirector_CreateMonsterQaSnapshotReportsDisabledEmptyAndReadyPlacements" methodname="GameDirector_CreateMonsterQaSnapshotReportsDisabledEmptyAndReadyPlacements" classname="EscapeFromNightmares.Tests.EditMode.GameSessionTests" runstate="Runnable" seed="1556919054" result="Passed" start-time="2026-05-26 23:43:50Z" end-time="2026-05-26 23:43:50Z" duration="0.001532" asserts="0">
                <properties>
                  <property name="retryIteration" value="0" />
                  <property name="repeatIteration" value="0" />
                </properties>
              </test-case>
              <test-case id="1048" name="GameDirector_CreateMonsterQaSnapshotReportsHiddenAndMissingPlacementReasons" fullname="EscapeFromNightmares.Tests.EditMode.GameSessionTests.GameDirector_CreateMonsterQaSnapshotReportsHiddenAndMissingPlacementReasons" methodname="GameDirector_CreateMonsterQaSnapshotReportsHiddenAndMissingPlacementReasons" classname="EscapeFromNightmares.Tests.EditMode.GameSessionTests" runstate="Runnable" seed="1077994780" result="Passed" start-time="2026-05-26 23:43:50Z" end-time="2026-05-26 23:43:50Z" duration="0.000342" asserts="0">
                <properties>
                  <property name="retryIteration" value="0" />
                  <property name="repeatIteration" value="0" />
                </properties>
              </test-case>
              <test-case id="1033" name="GameDirector_FinalChaseBackgroundsUseSessionState" fullname="EscapeFromNightmares.Tests.EditMode.GameSessionTests.GameDirector_FinalChaseBackgroundsUseSessionState" methodname="GameDirector_FinalChaseBackgroundsUseSessionState" classname="EscapeFromNightmares.Tests.EditMode.GameSessionTests" runstate="Runnable" seed="606409712" result="Passed" start-time="2026-05-26 23:43:50Z" end-time="2026-05-26 23:43:50Z" duration="0.001998" asserts="0">
                <properties>
                  <property name="retryIteration" value="0" />
                  <property name="repeatIteration" value="0" />
                </properties>
              </test-case>
              <test-case id="1082" name="GameDirector_NextFaceDirectionTogglesTwoFaceHallways" fullname="EscapeFromNightmares.Tests.EditMode.GameSessionTests.GameDirector_NextFaceDirectionTogglesTwoFaceHallways" methodname="GameDirector_NextFaceDirectionTogglesTwoFaceHallways" classname="EscapeFromNightmares.Tests.EditMode.GameSessionTests" runstate="Runnable" seed="413009686" result="Passed" start-time="2026-05-26 23:43:50Z" end-time="2026-05-26 23:43:50Z" duration="0.003910" asserts="0">
                <properties>
                  <property name="retryIteration" value="0" />
                  <property name="repeatIteration" value="0" />
                </properties>
              </test-case>
              <test-case id="1072" name="GameDirector_ShouldRenderRoomHitboxHonorsConditionsAndUsedState" fullname="EscapeFromNightmares.Tests.EditMode.GameSessionTests.GameDirector_ShouldRenderRoomHitboxHonorsConditionsAndUsedState" methodname="GameDirector_ShouldRenderRoomHitboxHonorsConditionsAndUsedState" classname="EscapeFromNightmares.Tests.EditMode.GameSessionTests" runstate="Runnable" seed="1218984485" result="Passed" start-time="2026-05-26 23:43:50Z" end-time="2026-05-26 23:43:50Z" duration="0.001316" asserts="0">
                <properties>
                  <property name="retryIteration" value="0" />
                  <property name="repeatIteration" value="0" />
                </properties>
              </test-case>
              <test-case id="1047" name="GameDirector_TryResolveMonsterPlacementRequiresVisibleStateEnabledEntryAndPositiveRect" fullname="EscapeFromNightmares.Tests.EditMode.GameSessionTests.GameDirector_TryResolveMonsterPlacementRequiresVisibleStateEnabledEntryAndPositiveRect" methodname="GameDirector_TryResolveMonsterPlacementRequiresVisibleStateEnabledEntryAndPositiveRect" classname="EscapeFromNightmares.Tests.EditMode.GameSessionTests" runstate="Runnable" seed="205861755" result="Passed" start-time="2026-05-26 23:43:50Z" end-time="2026-05-26 23:43:50Z" duration="0.000823" asserts="0">
                <properties>
                  <property name="retryIteration" value="0" />
                  <property name="repeatIteration" value="0" />
                </properties>
              </test-case>
              <test-case id="1081" name="GameSession_RotateFaceWrapsAndMoveToResetsNorth" fullname="EscapeFromNightmares.Tests.EditMode.GameSessionTests.GameSession_RotateFaceWrapsAndMoveToResetsNorth" methodname="GameSession_RotateFaceWrapsAndMoveToResetsNorth" classname="EscapeFromNightmares.Tests.EditMode.GameSessionTests" runstate="Runnable" seed="2110250045" result="Passed" start-time="2026-05-26 23:43:50Z" end-time="2026-05-26 23:43:50Z" duration="0.000890" asserts="0">
                <properties>
                  <property name="retryIteration" value="0" />
                  <property name="repeatIteration" value="0" />
                </properties>
              </test-case>
              <test-case id="1037" name="InteractionSystem_ChildDeskDrawerReturnsOpenCloseUp" fullname="EscapeFromNightmares.Tests.EditMode.GameSessionTests.InteractionSystem_ChildDeskDrawerReturnsOpenCloseUp" methodname="InteractionSystem_ChildDeskDrawerReturnsOpenCloseUp" classname="EscapeFromNightmares.Tests.EditMode.GameSessionTests" runstate="Runnable" seed="1286349825" result="Passed" start-time="2026-05-26 23:43:50Z" end-time="2026-05-26 23:43:50Z" duration="0.001397" asserts="0">
                <properties>
                  <property name="retryIteration" value="0" />
                  <property name="repeatIteration" value="0" />
                </properties>
              </test-case>
              <test-case id="1056" name="InteractionSystem_ConditionFailure_ReturnsNone" fullname="EscapeFromNightmares.Tests.EditMode.GameSessionTests.InteractionSystem_ConditionFailure_ReturnsNone" methodname="InteractionSystem_ConditionFailure_ReturnsNone" classname="EscapeFromNightmares.Tests.EditMode.GameSessionTests" runstate="Runnable" seed="959968244" result="Passed" start-time="2026-05-26 23:43:50Z" end-time="2026-05-26 23:43:50Z" duration="0.000860" asserts="0">
                <properties>
                  <property name="retryIteration" value="0" />
                  <property name="repeatIteration" value="0" />
                </properties>
              </test-case>
              <test-case id="1083" name="InteractionSystem_DoorInteraction_ReturnsMoveRoom" fullname="EscapeFromNightmares.Tests.EditMode.GameSessionTests.InteractionSystem_DoorInteraction_ReturnsMoveRoom" methodname="InteractionSystem_DoorInteraction_ReturnsMoveRoom" classname="EscapeFromNightmares.Tests.EditMode.GameSessionTests" runstate="Runnable" seed="1119316205" result="Passed" start-time="2026-05-26 23:43:50Z" end-time="2026-05-26 23:43:50Z" duration="0.000895" asserts="0">
                <properties>
                  <property name="retryIteration" value="0" />
                  <property name="repeatIteration" value="0" />
                </properties>
              </test-case>
              <test-case id="1039" name="InteractionSystem_DressingColorClueReturnsOpenCloseUp" fullname="EscapeFromNightmares.Tests.EditMode.GameSessionTests.InteractionSystem_DressingColorClueReturnsOpenCloseUp" methodname="InteractionSystem_DressingColorClueReturnsOpenCloseUp" classname="EscapeFromNightmares.Tests.EditMode.GameSessionTests" runstate="Runnable" seed="1990822556" result="Passed" start-time="2026-05-26 23:43:50Z" end-time="2026-05-26 23:43:50Z" duration="0.000964" asserts="0">
                <properties>
                  <property name="retryIteration" value="0" />
                  <property name="repeatIteration" value="0" />
                </properties>
              </test-case>
              <test-case id="1041" name="InteractionSystem_MasterDrawerReturnsOpenPuzzle" fullname="EscapeFromNightmares.Tests.EditMode.GameSessionTests.InteractionSystem_MasterDrawerReturnsOpenPuzzle" methodname="InteractionSystem_MasterDrawerReturnsOpenPuzzle" classname="EscapeFromNightmares.Tests.EditMode.GameSessionTests" runstate="Runnable" seed="572692889" result="Passed" start-time="2026-05-26 23:43:50Z" end-time="2026-05-26 23:43:50Z" duration="0.000831" asserts="0">
                <properties>
                  <property name="retryIteration" value="0" />
                  <property name="repeatIteration" value="0" />
                </properties>
              </test-case>
              <test-case id="1040" name="InteractionSystem_MirrorPanelReturnsOpenPuzzle" fullname="EscapeFromNightmares.Tests.EditMode.GameSessionTests.InteractionSystem_MirrorPanelReturnsOpenPuzzle" methodname="InteractionSystem_MirrorPanelReturnsOpenPuzzle" classname="EscapeFromNightmares.Tests.EditMode.GameSessionTests" runstate="Runnable" seed="1761768379" result="Passed" start-time="2026-05-26 23:43:50Z" end-time="2026-05-26 23:43:50Z" duration="0.001069" asserts="0">
                <properties>
                  <property name="retryIteration" value="0" />
                  <property name="repeatIteration" value="0" />
                </properties>
              </test-case>
              <test-case id="1038" name="InteractionSystem_StudySafeClueReturnsOpenCloseUp" fullname="EscapeFromNightmares.Tests.EditMode.GameSessionTests.InteractionSystem_StudySafeClueReturnsOpenCloseUp" methodname="InteractionSystem_StudySafeClueReturnsOpenCloseUp" classname="EscapeFromNightmares.Tests.EditMode.GameSessionTests" runstate="Runnable" seed="1481941798" result="Passed" start-time="2026-05-26 23:43:50Z" end-time="2026-05-26 23:43:50Z" duration="0.001361" asserts="0">
                <properties>
                  <property name="retryIteration" value="0" />
                  <property name="repeatIteration" value="0" />
                </properties>
              </test-case>
              <test-case id="1054" name="Inventory_AcquireItem_AddsItOnce" fullname="EscapeFromNightmares.Tests.EditMode.GameSessionTests.Inventory_AcquireItem_AddsItOnce" methodname="Inventory_AcquireItem_AddsItOnce" classname="EscapeFromNightmares.Tests.EditMode.GameSessionTests" runstate="Runnable" seed="1861536195" result="Passed" start-time="2026-05-26 23:43:50Z" end-time="2026-05-26 23:43:50Z" duration="0.001491" asserts="0">
                <properties>
                  <property name="retryIteration" value="0" />
                  <property name="repeatIteration" value="0" />
                </properties>
              </test-case>
              <test-case id="1042" name="InventoryWindow_BuildSlotModelsShowsAcquiredItemsAndSelection" fullname="EscapeFromNightmares.Tests.EditMode.GameSessionTests.InventoryWindow_BuildSlotModelsShowsAcquiredItemsAndSelection" methodname="InventoryWindow_BuildSlotModelsShowsAcquiredItemsAndSelection" classname="EscapeFromNightmares.Tests.EditMode.GameSessionTests" runstate="Runnable" seed="1661270084" result="Passed" start-time="2026-05-26 23:43:50Z" end-time="2026-05-26 23:43:50Z" duration="0.002930" asserts="0">
                <properties>
                  <property name="retryIteration" value="0" />
                  <property name="repeatIteration" value="0" />
                </properties>
              </test-case>
              <test-case id="1051" name="MonsterAIController_DebugStateOverridePersistsUntilCleared" fullname="EscapeFromNightmares.Tests.EditMode.GameSessionTests.MonsterAIController_DebugStateOverridePersistsUntilCleared" methodname="MonsterAIController_DebugStateOverridePersistsUntilCleared" classname="EscapeFromNightmares.Tests.EditMode.GameSessionTests" runstate="Runnable" seed="1663987553" result="Passed" start-time="2026-05-26 23:43:50Z" end-time="2026-05-26 23:43:50Z" duration="0.000298" asserts="0">
                <properties>
                  <property name="retryIteration" value="0" />
                  <property name="repeatIteration" value="0" />
                </properties>
              </test-case>
              <test-case id="1046" name="MonsterPlacementCatalog_CreateMergedDefaultEntriesPreservesExistingEnabledRects" fullname="EscapeFromNightmares.Tests.EditMode.GameSessionTests.MonsterPlacementCatalog_CreateMergedDefaultEntriesPreservesExistingEnabledRects" methodname="MonsterPlacementCatalog_CreateMergedDefaultEntriesPreservesExistingEnabledRects" classname="EscapeFromNightmares.Tests.EditMode.GameSessionTests" runstate="Runnable" seed="126561752" result="Passed" start-time="2026-05-26 23:43:50Z" end-time="2026-05-26 23:43:50Z" duration="0.002601" asserts="0">
                <properties>
                  <property name="retryIteration" value="0" />
                  <property name="repeatIteration" value="0" />
                </properties>
              </test-case>
              <test-case id="1044" name="MonsterPlacementCatalog_DefaultEntriesExcludeChildRoomAndUseDisabledEmptyRects" fullname="EscapeFromNightmares.Tests.EditMode.GameSessionTests.MonsterPlacementCatalog_DefaultEntriesExcludeChildRoomAndUseDisabledEmptyRects" methodname="MonsterPlacementCatalog_DefaultEntriesExcludeChildRoomAndUseDisabledEmptyRects" classname="EscapeFromNightmares.Tests.EditMode.GameSessionTests" runstate="Runnable" seed="193477775" result="Passed" start-time="2026-05-26 23:43:50Z" end-time="2026-05-26 23:43:50Z" duration="0.004264" asserts="0">
                <properties>
                  <property name="retryIteration" value="0" />
                  <property name="repeatIteration" value="0" />
                </properties>
              </test-case>
              <test-case id="1045" name="MonsterPlacementCatalog_DefaultRuntimeDataMatchesRoomFaces" fullname="EscapeFromNightmares.Tests.EditMode.GameSessionTests.MonsterPlacementCatalog_DefaultRuntimeDataMatchesRoomFaces" methodname="MonsterPlacementCatalog_DefaultRuntimeDataMatchesRoomFaces" classname="EscapeFromNightmares.Tests.EditMode.GameSessionTests" runstate="Runnable" seed="1336984580" result="Passed" start-time="2026-05-26 23:43:50Z" end-time="2026-05-26 23:43:50Z" duration="0.001853" asserts="0">
                <properties>
                  <property name="retryIteration" value="0" />
                  <property name="repeatIteration" value="0" />
                </properties>
              </test-case>
              <test-case id="1050" name="MonsterRuntimeQaPanel_CreateBuildsInactiveNonBlockingPanelWithText" fullname="EscapeFromNightmares.Tests.EditMode.GameSessionTests.MonsterRuntimeQaPanel_CreateBuildsInactiveNonBlockingPanelWithText" methodname="MonsterRuntimeQaPanel_CreateBuildsInactiveNonBlockingPanelWithText" classname="EscapeFromNightmares.Tests.EditMode.GameSessionTests" runstate="Runnable" seed="1733995005" result="Passed" start-time="2026-05-26 23:43:50Z" end-time="2026-05-26 23:43:50Z" duration="0.017271" asserts="0">
                <properties>
                  <property name="retryIteration" value="0" />
                  <property name="repeatIteration" value="0" />
                </properties>
              </test-case>
              <test-case id="1064" name="Puzzle_TrySolve_AtticToySequenceGrantsRewardsOnce" fullname="EscapeFromNightmares.Tests.EditMode.GameSessionTests.Puzzle_TrySolve_AtticToySequenceGrantsRewardsOnce" methodname="Puzzle_TrySolve_AtticToySequenceGrantsRewardsOnce" classname="EscapeFromNightmares.Tests.EditMode.GameSessionTests" runstate="Runnable" seed="475500433" result="Passed" start-time="2026-05-26 23:43:50Z" end-time="2026-05-26 23:43:50Z" duration="0.001661" asserts="0">
                <properties>
                  <property name="retryIteration" value="0" />
                  <property name="repeatIteration" value="0" />
                </properties>
              </test-case>
              <test-case id="1063" name="Puzzle_TrySolve_AtticToySequenceRequiresDrawingFragment" fullname="EscapeFromNightmares.Tests.EditMode.GameSessionTests.Puzzle_TrySolve_AtticToySequenceRequiresDrawingFragment" methodname="Puzzle_TrySolve_AtticToySequenceRequiresDrawingFragment" classname="EscapeFromNightmares.Tests.EditMode.GameSessionTests" runstate="Runnable" seed="819948588" result="Passed" start-time="2026-05-26 23:43:50Z" end-time="2026-05-26 23:43:50Z" duration="0.001629" asserts="0">
                <properties>
                  <property name="retryIteration" value="0" />
                  <property name="repeatIteration" value="0" />
                </properties>
              </test-case>
              <test-case id="1065" name="Puzzle_TrySolve_BasementAltarSpawnsKeyWithoutImmediateReward" fullname="EscapeFromNightmares.Tests.EditMode.GameSessionTests.Puzzle_TrySolve_BasementAltarSpawnsKeyWithoutImmediateReward" methodname="Puzzle_TrySolve_BasementAltarSpawnsKeyWithoutImmediateReward" classname="EscapeFromNightmares.Tests.EditMode.GameSessionTests" runstate="Runnable" seed="1000693966" result="Passed" start-time="2026-05-26 23:43:50Z" end-time="2026-05-26 23:43:50Z" duration="0.001534" asserts="0">
                <properties>
                  <property name="retryIteration" value="0" />
                  <property name="repeatIteration" value="0" />
                </properties>
              </test-case>
              <test-case id="1062" name="Puzzle_TrySolve_BreakerBoxRequiresFusePartsAndGrantsKeychainOnce" fullname="EscapeFromNightmares.Tests.EditMode.GameSessionTests.Puzzle_TrySolve_BreakerBoxRequiresFusePartsAndGrantsKeychainOnce" methodname="Puzzle_TrySolve_BreakerBoxRequiresFusePartsAndGrantsKeychainOnce" classname="EscapeFromNightmares.Tests.EditMode.GameSessionTests" runstate="Runnable" seed="1148796943" result="Passed" start-time="2026-05-26 23:43:50Z" end-time="2026-05-26 23:43:50Z" duration="0.000917" asserts="0">
                <properties>
                  <property name="retryIteration" value="0" />
                  <property name="repeatIteration" value="0" />
                </properties>
              </test-case>
              <test-case id="1080" name="Puzzle_TrySolve_DeferredStudySafeDoesNotTrackSolvedPuzzle" fullname="EscapeFromNightmares.Tests.EditMode.GameSessionTests.Puzzle_TrySolve_DeferredStudySafeDoesNotTrackSolvedPuzzle" methodname="Puzzle_TrySolve_DeferredStudySafeDoesNotTrackSolvedPuzzle" classname="EscapeFromNightmares.Tests.EditMode.GameSessionTests" runstate="Runnable" seed="817003141" result="Passed" start-time="2026-05-26 23:43:50Z" end-time="2026-05-26 23:43:50Z" duration="0.000897" asserts="0">
                <properties>
                  <property name="retryIteration" value="0" />
                  <property name="repeatIteration" value="0" />
                </properties>
              </test-case>
              <test-case id="1066" name="Puzzle_TrySolve_FrontDoorEscapeRequiresKeyAndSetsStageClear" fullname="EscapeFromNightmares.Tests.EditMode.GameSessionTests.Puzzle_TrySolve_FrontDoorEscapeRequiresKeyAndSetsStageClear" methodname="Puzzle_TrySolve_FrontDoorEscapeRequiresKeyAndSetsStageClear" classname="EscapeFromNightmares.Tests.EditMode.GameSessionTests" runstate="Runnable" seed="831954020" result="Passed" start-time="2026-05-26 23:43:50Z" end-time="2026-05-26 23:43:50Z" duration="0.000871" asserts="0">
                <properties>
                  <property name="retryIteration" value="0" />
                  <property name="repeatIteration" value="0" />
                </properties>
              </test-case>
              <test-case id="1061" name="Puzzle_TrySolve_LaundryStorageBoxGrantsFuseOnce" fullname="EscapeFromNightmares.Tests.EditMode.GameSessionTests.Puzzle_TrySolve_LaundryStorageBoxGrantsFuseOnce" methodname="Puzzle_TrySolve_LaundryStorageBoxGrantsFuseOnce" classname="EscapeFromNightmares.Tests.EditMode.GameSessionTests" runstate="Runnable" seed="1344293967" result="Passed" start-time="2026-05-26 23:43:50Z" end-time="2026-05-26 23:43:50Z" duration="0.000947" asserts="0">
                <properties>
                  <property name="retryIteration" value="0" />
                  <property name="repeatIteration" value="0" />
                </properties>
              </test-case>
              <test-case id="1060" name="Puzzle_TrySolve_MasterBedroomDrawerGrantsNecklaceAndSetsSolvedState" fullname="EscapeFromNightmares.Tests.EditMode.GameSessionTests.Puzzle_TrySolve_MasterBedroomDrawerGrantsNecklaceAndSetsSolvedState" methodname="Puzzle_TrySolve_MasterBedroomDrawerGrantsNecklaceAndSetsSolvedState" classname="EscapeFromNightmares.Tests.EditMode.GameSessionTests" runstate="Runnable" seed="101847785" result="Passed" start-time="2026-05-26 23:43:50Z" end-time="2026-05-26 23:43:50Z" duration="0.000918" asserts="0">
                <properties>
                  <property name="retryIteration" value="0" />
                  <property name="repeatIteration" value="0" />
                </properties>
              </test-case>
              <test-case id="1059" name="Puzzle_TrySolve_MirrorSymbolPanelGrantsMirrorAndSetsSolvedState" fullname="EscapeFromNightmares.Tests.EditMode.GameSessionTests.Puzzle_TrySolve_MirrorSymbolPanelGrantsMirrorAndSetsSolvedState" methodname="Puzzle_TrySolve_MirrorSymbolPanelGrantsMirrorAndSetsSolvedState" classname="EscapeFromNightmares.Tests.EditMode.GameSessionTests" runstate="Runnable" seed="1793933134" result="Passed" start-time="2026-05-26 23:43:50Z" end-time="2026-05-26 23:43:50Z" duration="0.000814" asserts="0">
                <properties>
                  <property name="retryIteration" value="0" />
                  <property name="repeatIteration" value="0" />
                </properties>
              </test-case>
              <test-case id="1057" name="Puzzle_TrySolve_StudySafeUnlocksWithoutRewardOrSolvedState" fullname="EscapeFromNightmares.Tests.EditMode.GameSessionTests.Puzzle_TrySolve_StudySafeUnlocksWithoutRewardOrSolvedState" methodname="Puzzle_TrySolve_StudySafeUnlocksWithoutRewardOrSolvedState" classname="EscapeFromNightmares.Tests.EditMode.GameSessionTests" runstate="Runnable" seed="1929857129" result="Passed" start-time="2026-05-26 23:43:50Z" end-time="2026-05-26 23:43:50Z" duration="0.000990" asserts="0">
                <properties>
                  <property name="retryIteration" value="0" />
                  <property name="repeatIteration" value="0" />
                </properties>
              </test-case>
              <test-case id="1058" name="Puzzle_TrySolve_WrongTokensDoNotGrantRewardOrSolvedState" fullname="EscapeFromNightmares.Tests.EditMode.GameSessionTests.Puzzle_TrySolve_WrongTokensDoNotGrantRewardOrSolvedState" methodname="Puzzle_TrySolve_WrongTokensDoNotGrantRewardOrSolvedState" classname="EscapeFromNightmares.Tests.EditMode.GameSessionTests" runstate="Runnable" seed="557053509" result="Passed" start-time="2026-05-26 23:43:50Z" end-time="2026-05-26 23:43:50Z" duration="0.001122" asserts="0">
                <properties>
                  <property name="retryIteration" value="0" />
                  <property name="repeatIteration" value="0" />
                </properties>
              </test-case>
              <test-case id="1099" name="RuntimeStageFactory_CreateStage1UsesRuntimeData" fullname="EscapeFromNightmares.Tests.EditMode.GameSessionTests.RuntimeStageFactory_CreateStage1UsesRuntimeData" methodname="RuntimeStageFactory_CreateStage1UsesRuntimeData" classname="EscapeFromNightmares.Tests.EditMode.GameSessionTests" runstate="Runnable" seed="1417795467" result="Passed" start-time="2026-05-26 23:43:50Z" end-time="2026-05-26 23:43:50Z" duration="0.000935" asserts="0">
                <properties>
                  <property name="retryIteration" value="0" />
                  <property name="repeatIteration" value="0" />
                </properties>
              </test-case>
              <test-case id="1098" name="SettingsSaveService_SavesSettingsAndClearRecordsOnly" fullname="EscapeFromNightmares.Tests.EditMode.GameSessionTests.SettingsSaveService_SavesSettingsAndClearRecordsOnly" methodname="SettingsSaveService_SavesSettingsAndClearRecordsOnly" classname="EscapeFromNightmares.Tests.EditMode.GameSessionTests" runstate="Runnable" seed="1263789607" result="Passed" start-time="2026-05-26 23:43:50Z" end-time="2026-05-26 23:43:50Z" duration="0.008853" asserts="0">
                <properties>
                  <property name="retryIteration" value="0" />
                  <property name="repeatIteration" value="0" />
                </properties>
              </test-case>
              <test-case id="1100" name="SoundManager_ApplyVolumes_UsesAudioSourceVolumes" fullname="EscapeFromNightmares.Tests.EditMode.GameSessionTests.SoundManager_ApplyVolumes_UsesAudioSourceVolumes" methodname="SoundManager_ApplyVolumes_UsesAudioSourceVolumes" classname="EscapeFromNightmares.Tests.EditMode.GameSessionTests" runstate="Runnable" seed="1225480582" result="Passed" start-time="2026-05-26 23:43:50Z" end-time="2026-05-26 23:43:50Z" duration="0.002745" asserts="0">
                <properties>
                  <property name="retryIteration" value="0" />
                  <property name="repeatIteration" value="0" />
                </properties>
              </test-case>
              <test-case id="1101" name="SoundManager_PlayMissingClip_DoesNotThrow" fullname="EscapeFromNightmares.Tests.EditMode.GameSessionTests.SoundManager_PlayMissingClip_DoesNotThrow" methodname="SoundManager_PlayMissingClip_DoesNotThrow" classname="EscapeFromNightmares.Tests.EditMode.GameSessionTests" runstate="Runnable" seed="1281580328" result="Passed" start-time="2026-05-26 23:43:50Z" end-time="2026-05-26 23:43:50Z" duration="0.000588" asserts="0">
                <properties>
                  <property name="retryIteration" value="0" />
                  <property name="repeatIteration" value="0" />
                </properties>
              </test-case>
              <test-case id="1089" name="Stage1Data_AiGeneratedCloseUpAndPuzzleAssetsLoadAndUseExpectedDimensions" fullname="EscapeFromNightmares.Tests.EditMode.GameSessionTests.Stage1Data_AiGeneratedCloseUpAndPuzzleAssetsLoadAndUseExpectedDimensions" methodname="Stage1Data_AiGeneratedCloseUpAndPuzzleAssetsLoadAndUseExpectedDimensions" classname="EscapeFromNightmares.Tests.EditMode.GameSessionTests" runstate="Runnable" seed="36334663" result="Failed" start-time="2026-05-26 23:43:50Z" end-time="2026-05-26 23:43:51Z" duration="0.446171" asserts="0">
                <properties>
                  <property name="retryIteration" value="0" />
                  <property name="repeatIteration" value="0" />
                </properties>
                <failure>
                  <message><![CDATA[  CloseUps/attic_family_album_photo
  Expected: 1280
  But was:  900
]]></message>
                  <stack-trace><![CDATA[at EscapeFromNightmares.Tests.EditMode.GameSessionTests.AssertPngAssetSize (System.String resourcePath, System.Int32 width, System.Int32 height) [0x00009] in D:\Game\Project\Escape_from_Nightmare\Assets\Tests\EditMode\GameSessionTests.cs:1983
at EscapeFromNightmares.Tests.EditMode.GameSessionTests.Stage1Data_AiGeneratedCloseUpAndPuzzleAssetsLoadAndUseExpectedDimensions () [0x00019] in D:\Game\Project\Escape_from_Nightmare\Assets\Tests\EditMode\GameSessionTests.cs:1737
]]></stack-trace>
                </failure>
              </test-case>
              <test-case id="1024" name="Stage1Data_AtticChainSpriteAssetsLoad" fullname="EscapeFromNightmares.Tests.EditMode.GameSessionTests.Stage1Data_AtticChainSpriteAssetsLoad" methodname="Stage1Data_AtticChainSpriteAssetsLoad" classname="EscapeFromNightmares.Tests.EditMode.GameSessionTests" runstate="Runnable" seed="2105632338" result="Passed" start-time="2026-05-26 23:43:51Z" end-time="2026-05-26 23:43:51Z" duration="0.011013" asserts="0">
                <properties>
                  <property name="retryIteration" value="0" />
                  <property name="repeatIteration" value="0" />
                </properties>
              </test-case>
              <test-case id="1023" name="Stage1Data_AtticChainUsesFourFaceHarness" fullname="EscapeFromNightmares.Tests.EditMode.GameSessionTests.Stage1Data_AtticChainUsesFourFaceHarness" methodname="Stage1Data_AtticChainUsesFourFaceHarness" classname="EscapeFromNightmares.Tests.EditMode.GameSessionTests" runstate="Runnable" seed="1260934078" result="Passed" start-time="2026-05-26 23:43:51Z" end-time="2026-05-26 23:43:51Z" duration="0.002719" asserts="0">
                <properties>
                  <property name="retryIteration" value="0" />
                  <property name="repeatIteration" value="0" />
                </properties>
              </test-case>
              <test-case id="1009" name="Stage1Data_BasementAltarChainSpriteAssetsLoad" fullname="EscapeFromNightmares.Tests.EditMode.GameSessionTests.Stage1Data_BasementAltarChainSpriteAssetsLoad" methodname="Stage1Data_BasementAltarChainSpriteAssetsLoad" classname="EscapeFromNightmares.Tests.EditMode.GameSessionTests" runstate="Runnable" seed="1703440325" result="Failed" start-time="2026-05-26 23:43:51Z" end-time="2026-05-26 23:43:51Z" duration="0.191760" asserts="0">
                <properties>
                  <property name="retryIteration" value="0" />
                  <property name="repeatIteration" value="0" />
                </properties>
                <failure>
                  <message><![CDATA[  Puzzles/basement_altar
  Expected: 1280
  But was:  900
]]></message>
                  <stack-trace><![CDATA[at EscapeFromNightmares.Tests.EditMode.GameSessionTests.AssertPngAssetSize (System.String resourcePath, System.Int32 width, System.Int32 height) [0x00009] in D:\Game\Project\Escape_from_Nightmare\Assets\Tests\EditMode\GameSessionTests.cs:1983
at EscapeFromNightmares.Tests.EditMode.GameSessionTests.Stage1Data_BasementAltarChainSpriteAssetsLoad () [0x000fa] in D:\Game\Project\Escape_from_Nightmare\Assets\Tests\EditMode\GameSessionTests.cs:216
]]></stack-trace>
                </failure>
              </test-case>
              <test-case id="1008" name="Stage1Data_BasementAltarChainUsesPlannedFaces" fullname="EscapeFromNightmares.Tests.EditMode.GameSessionTests.Stage1Data_BasementAltarChainUsesPlannedFaces" methodname="Stage1Data_BasementAltarChainUsesPlannedFaces" classname="EscapeFromNightmares.Tests.EditMode.GameSessionTests" runstate="Runnable" seed="1851593557" result="Passed" start-time="2026-05-26 23:43:51Z" end-time="2026-05-26 23:43:51Z" duration="0.002256" asserts="0">
                <properties>
                  <property name="retryIteration" value="0" />
                  <property name="repeatIteration" value="0" />
                </properties>
              </test-case>
              <test-case id="1035" name="Stage1Data_ChildBedHideUsesHideViewResource" fullname="EscapeFromNightmares.Tests.EditMode.GameSessionTests.Stage1Data_ChildBedHideUsesHideViewResource" methodname="Stage1Data_ChildBedHideUsesHideViewResource" classname="EscapeFromNightmares.Tests.EditMode.GameSessionTests" runstate="Runnable" seed="97740238" result="Passed" start-time="2026-05-26 23:43:51Z" end-time="2026-05-26 23:43:51Z" duration="0.000891" asserts="0">
                <properties>
                  <property name="retryIteration" value="0" />
                  <property name="repeatIteration" value="0" />
                </properties>
              </test-case>
              <test-case id="1029" name="Stage1Data_ChildDeskDrawerUsesCloseUpResources" fullname="EscapeFromNightmares.Tests.EditMode.GameSessionTests.Stage1Data_ChildDeskDrawerUsesCloseUpResources" methodname="Stage1Data_ChildDeskDrawerUsesCloseUpResources" classname="EscapeFromNightmares.Tests.EditMode.GameSessionTests" runstate="Runnable" seed="1072927378" result="Passed" start-time="2026-05-26 23:43:51Z" end-time="2026-05-26 23:43:51Z" duration="0.000977" asserts="0">
                <properties>
                  <property name="retryIteration" value="0" />
                  <property name="repeatIteration" value="0" />
                </properties>
              </test-case>
              <test-case id="1027" name="Stage1Data_ChildRoomHidesObjectSpritesButKeepsHitboxes" fullname="EscapeFromNightmares.Tests.EditMode.GameSessionTests.Stage1Data_ChildRoomHidesObjectSpritesButKeepsHitboxes" methodname="Stage1Data_ChildRoomHidesObjectSpritesButKeepsHitboxes" classname="EscapeFromNightmares.Tests.EditMode.GameSessionTests" runstate="Runnable" seed="1759527845" result="Passed" start-time="2026-05-26 23:43:51Z" end-time="2026-05-26 23:43:51Z" duration="0.001940" asserts="0">
                <properties>
                  <property name="retryIteration" value="0" />
                  <property name="repeatIteration" value="0" />
                </properties>
              </test-case>
              <test-case id="1025" name="Stage1Data_ChildRoomPlacesSampleInteractionsOnFourFaces" fullname="EscapeFromNightmares.Tests.EditMode.GameSessionTests.Stage1Data_ChildRoomPlacesSampleInteractionsOnFourFaces" methodname="Stage1Data_ChildRoomPlacesSampleInteractionsOnFourFaces" classname="EscapeFromNightmares.Tests.EditMode.GameSessionTests" runstate="Runnable" seed="1841243120" result="Passed" start-time="2026-05-26 23:43:51Z" end-time="2026-05-26 23:43:51Z" duration="0.001146" asserts="0">
                <properties>
                  <property name="retryIteration" value="0" />
                  <property name="repeatIteration" value="0" />
                </properties>
              </test-case>
              <test-case id="1026" name="Stage1Data_ChildRoomUsesExpectedImageResourcesAndHitboxes" fullname="EscapeFromNightmares.Tests.EditMode.GameSessionTests.Stage1Data_ChildRoomUsesExpectedImageResourcesAndHitboxes" methodname="Stage1Data_ChildRoomUsesExpectedImageResourcesAndHitboxes" classname="EscapeFromNightmares.Tests.EditMode.GameSessionTests" runstate="Runnable" seed="2034262616" result="Passed" start-time="2026-05-26 23:43:51Z" end-time="2026-05-26 23:43:51Z" duration="0.001224" asserts="0">
                <properties>
                  <property name="retryIteration" value="0" />
                  <property name="repeatIteration" value="0" />
                </properties>
              </test-case>
              <test-case id="1088" name="Stage1Data_CloseUpInteractablesArePlacedOnOneFaceOnly" fullname="EscapeFromNightmares.Tests.EditMode.GameSessionTests.Stage1Data_CloseUpInteractablesArePlacedOnOneFaceOnly" methodname="Stage1Data_CloseUpInteractablesArePlacedOnOneFaceOnly" classname="EscapeFromNightmares.Tests.EditMode.GameSessionTests" runstate="Runnable" seed="87449847" result="Passed" start-time="2026-05-26 23:43:51Z" end-time="2026-05-26 23:43:51Z" duration="0.003135" asserts="0">
                <properties>
                  <property name="retryIteration" value="0" />
                  <property name="repeatIteration" value="0" />
                </properties>
              </test-case>
              <test-case id="1031" name="Stage1Data_CoreInspectionObjectsUseClueCloseUps" fullname="EscapeFromNightmares.Tests.EditMode.GameSessionTests.Stage1Data_CoreInspectionObjectsUseClueCloseUps" methodname="Stage1Data_CoreInspectionObjectsUseClueCloseUps" classname="EscapeFromNightmares.Tests.EditMode.GameSessionTests" runstate="Runnable" seed="1076765343" result="Passed" start-time="2026-05-26 23:43:51Z" end-time="2026-05-26 23:43:51Z" duration="0.001030" asserts="0">
                <properties>
                  <property name="retryIteration" value="0" />
                  <property name="repeatIteration" value="0" />
                </properties>
              </test-case>
              <test-case id="1020" name="Stage1Data_DressingRoomSpriteAssetsLoad" fullname="EscapeFromNightmares.Tests.EditMode.GameSessionTests.Stage1Data_DressingRoomSpriteAssetsLoad" methodname="Stage1Data_DressingRoomSpriteAssetsLoad" classname="EscapeFromNightmares.Tests.EditMode.GameSessionTests" runstate="Runnable" seed="2082774490" result="Passed" start-time="2026-05-26 23:43:51Z" end-time="2026-05-26 23:43:51Z" duration="0.002567" asserts="0">
                <properties>
                  <property name="retryIteration" value="0" />
                  <property name="repeatIteration" value="0" />
                </properties>
              </test-case>
              <test-case id="1019" name="Stage1Data_DressingRoomUsesFourFaceHarness" fullname="EscapeFromNightmares.Tests.EditMode.GameSessionTests.Stage1Data_DressingRoomUsesFourFaceHarness" methodname="Stage1Data_DressingRoomUsesFourFaceHarness" classname="EscapeFromNightmares.Tests.EditMode.GameSessionTests" runstate="Runnable" seed="1391612784" result="Passed" start-time="2026-05-26 23:43:51Z" end-time="2026-05-26 23:43:51Z" duration="0.001254" asserts="0">
                <properties>
                  <property name="retryIteration" value="0" />
                  <property name="repeatIteration" value="0" />
                </properties>
              </test-case>
              <test-case id="1010" name="Stage1Data_EntranceUsesFinalDoorHarness" fullname="EscapeFromNightmares.Tests.EditMode.GameSessionTests.Stage1Data_EntranceUsesFinalDoorHarness" methodname="Stage1Data_EntranceUsesFinalDoorHarness" classname="EscapeFromNightmares.Tests.EditMode.GameSessionTests" runstate="Runnable" seed="1681876270" result="Passed" start-time="2026-05-26 23:43:51Z" end-time="2026-05-26 23:43:51Z" duration="0.002165" asserts="0">
                <properties>
                  <property name="retryIteration" value="0" />
                  <property name="repeatIteration" value="0" />
                </properties>
              </test-case>
              <test-case id="1087" name="Stage1Data_FaceCloseUpAndPuzzleSpriteAssetsLoad" fullname="EscapeFromNightmares.Tests.EditMode.GameSessionTests.Stage1Data_FaceCloseUpAndPuzzleSpriteAssetsLoad" methodname="Stage1Data_FaceCloseUpAndPuzzleSpriteAssetsLoad" classname="EscapeFromNightmares.Tests.EditMode.GameSessionTests" runstate="Runnable" seed="991366375" result="Passed" start-time="2026-05-26 23:43:51Z" end-time="2026-05-26 23:43:51Z" duration="0.005875" asserts="0">
                <properties>
                  <property name="retryIteration" value="0" />
                  <property name="repeatIteration" value="0" />
                </properties>
              </test-case>
              <test-case id="1053" name="Stage1Data_FaceInteractablesPreserveRoomInteractables" fullname="EscapeFromNightmares.Tests.EditMode.GameSessionTests.Stage1Data_FaceInteractablesPreserveRoomInteractables" methodname="Stage1Data_FaceInteractablesPreserveRoomInteractables" classname="EscapeFromNightmares.Tests.EditMode.GameSessionTests" runstate="Runnable" seed="2026958241" result="Passed" start-time="2026-05-26 23:43:51Z" end-time="2026-05-26 23:43:51Z" duration="0.001193" asserts="0">
                <properties>
                  <property name="retryIteration" value="0" />
                  <property name="repeatIteration" value="0" />
                </properties>
              </test-case>
              <test-case id="1011" name="Stage1Data_FinalChaseFrontDoorSpriteAssetsLoad" fullname="EscapeFromNightmares.Tests.EditMode.GameSessionTests.Stage1Data_FinalChaseFrontDoorSpriteAssetsLoad" methodname="Stage1Data_FinalChaseFrontDoorSpriteAssetsLoad" classname="EscapeFromNightmares.Tests.EditMode.GameSessionTests" runstate="Runnable" seed="2005898499" result="Failed" start-time="2026-05-26 23:43:51Z" end-time="2026-05-26 23:43:51Z" duration="0.061956" asserts="0">
                <properties>
                  <property name="retryIteration" value="0" />
                  <property name="repeatIteration" value="0" />
                </properties>
                <failure>
                  <message><![CDATA[  Puzzles/front_door_escape
  Expected: 1280
  But was:  900
]]></message>
                  <stack-trace><![CDATA[at EscapeFromNightmares.Tests.EditMode.GameSessionTests.AssertPngAssetSize (System.String resourcePath, System.Int32 width, System.Int32 height) [0x00009] in D:\Game\Project\Escape_from_Nightmare\Assets\Tests\EditMode\GameSessionTests.cs:1983
at EscapeFromNightmares.Tests.EditMode.GameSessionTests.Stage1Data_FinalChaseFrontDoorSpriteAssetsLoad () [0x00054] in D:\Game\Project\Escape_from_Nightmare\Assets\Tests\EditMode\GameSessionTests.cs:264
]]></stack-trace>
                </failure>
              </test-case>
              <test-case id="1012" name="Stage1Data_FirstFloorLaundryPowerChainSpriteAssetsLoad" fullname="EscapeFromNightmares.Tests.EditMode.GameSessionTests.Stage1Data_FirstFloorLaundryPowerChainSpriteAssetsLoad" methodname="Stage1Data_FirstFloorLaundryPowerChainSpriteAssetsLoad" classname="EscapeFromNightmares.Tests.EditMode.GameSessionTests" runstate="Runnable" seed="701676521" result="Failed" start-time="2026-05-26 23:43:51Z" end-time="2026-05-26 23:43:51Z" duration="0.226303" asserts="0">
                <properties>
                  <property name="retryIteration" value="0" />
                  <property name="repeatIteration" value="0" />
                </properties>
                <failure>
                  <message><![CDATA[  Puzzles/laundry_storage_box
  Expected: 1280
  But was:  900
]]></message>
                  <stack-trace><![CDATA[at EscapeFromNightmares.Tests.EditMode.GameSessionTests.AssertPngAssetSize (System.String resourcePath, System.Int32 width, System.Int32 height) [0x00009] in D:\Game\Project\Escape_from_Nightmare\Assets\Tests\EditMode\GameSessionTests.cs:1983
at EscapeFromNightmares.Tests.EditMode.GameSessionTests.Stage1Data_FirstFloorLaundryPowerChainSpriteAssetsLoad () [0x00142] in D:\Game\Project\Escape_from_Nightmare\Assets\Tests\EditMode\GameSessionTests.cs:308
]]></stack-trace>
                </failure>
              </test-case>
              <test-case id="1007" name="Stage1Data_FirstFloorLaundryPowerChainUsesPlannedFaces" fullname="EscapeFromNightmares.Tests.EditMode.GameSessionTests.Stage1Data_FirstFloorLaundryPowerChainUsesPlannedFaces" methodname="Stage1Data_FirstFloorLaundryPowerChainUsesPlannedFaces" classname="EscapeFromNightmares.Tests.EditMode.GameSessionTests" runstate="Runnable" seed="1237562857" result="Passed" start-time="2026-05-26 23:43:51Z" end-time="2026-05-26 23:43:51Z" duration="0.003324" asserts="0">
                <properties>
                  <property name="retryIteration" value="0" />
                  <property name="repeatIteration" value="0" />
                </properties>
              </test-case>
              <test-case id="1002" name="Stage1Data_HasStartRoomAndRequiredPuzzles" fullname="EscapeFromNightmares.Tests.EditMode.GameSessionTests.Stage1Data_HasStartRoomAndRequiredPuzzles" methodname="Stage1Data_HasStartRoomAndRequiredPuzzles" classname="EscapeFromNightmares.Tests.EditMode.GameSessionTests" runstate="Runnable" seed="404263154" result="Passed" start-time="2026-05-26 23:43:51Z" end-time="2026-05-26 23:43:51Z" duration="0.000843" asserts="0">
                <properties>
                  <property name="retryIteration" value="0" />
                  <property name="repeatIteration" value="0" />
                </properties>
              </test-case>
              <test-case id="1022" name="Stage1Data_MasterBedroomSpriteAssetsLoad" fullname="EscapeFromNightmares.Tests.EditMode.GameSessionTests.Stage1Data_MasterBedroomSpriteAssetsLoad" methodname="Stage1Data_MasterBedroomSpriteAssetsLoad" classname="EscapeFromNightmares.Tests.EditMode.GameSessionTests" runstate="Runnable" seed="1236150117" result="Passed" start-time="2026-05-26 23:43:51Z" end-time="2026-05-26 23:43:51Z" duration="0.003106" asserts="0">
                <properties>
                  <property name="retryIteration" value="0" />
                  <property name="repeatIteration" value="0" />
                </properties>
              </test-case>
              <test-case id="1021" name="Stage1Data_MasterBedroomUsesFourFaceHarness" fullname="EscapeFromNightmares.Tests.EditMode.GameSessionTests.Stage1Data_MasterBedroomUsesFourFaceHarness" methodname="Stage1Data_MasterBedroomUsesFourFaceHarness" classname="EscapeFromNightmares.Tests.EditMode.GameSessionTests" runstate="Runnable" seed="817077924" result="Passed" start-time="2026-05-26 23:43:51Z" end-time="2026-05-26 23:43:51Z" duration="0.001682" asserts="0">
                <properties>
                  <property name="retryIteration" value="0" />
                  <property name="repeatIteration" value="0" />
                </properties>
              </test-case>
              <test-case id="1016" name="Stage1Data_MirrorRoomSpriteAssetsLoad" fullname="EscapeFromNightmares.Tests.EditMode.GameSessionTests.Stage1Data_MirrorRoomSpriteAssetsLoad" methodname="Stage1Data_MirrorRoomSpriteAssetsLoad" classname="EscapeFromNightmares.Tests.EditMode.GameSessionTests" runstate="Runnable" seed="1349166472" result="Passed" start-time="2026-05-26 23:43:51Z" end-time="2026-05-26 23:43:51Z" duration="0.064306" asserts="0">
                <properties>
                  <property name="retryIteration" value="0" />
                  <property name="repeatIteration" value="0" />
                </properties>
              </test-case>
              <test-case id="1015" name="Stage1Data_MirrorRoomUsesFourFaceHarness" fullname="EscapeFromNightmares.Tests.EditMode.GameSessionTests.Stage1Data_MirrorRoomUsesFourFaceHarness" methodname="Stage1Data_MirrorRoomUsesFourFaceHarness" classname="EscapeFromNightmares.Tests.EditMode.GameSessionTests" runstate="Runnable" seed="1377743127" result="Passed" start-time="2026-05-26 23:43:51Z" end-time="2026-05-26 23:43:51Z" duration="0.001583" asserts="0">
                <properties>
                  <property name="retryIteration" value="0" />
                  <property name="repeatIteration" value="0" />
                </properties>
              </test-case>
              <test-case id="1091" name="Stage1Data_MonsterShadowAssetLoadsAndIsRegistered" fullname="EscapeFromNightmares.Tests.EditMode.GameSessionTests.Stage1Data_MonsterShadowAssetLoadsAndIsRegistered" methodname="Stage1Data_MonsterShadowAssetLoadsAndIsRegistered" classname="EscapeFromNightmares.Tests.EditMode.GameSessionTests" runstate="Runnable" seed="249429273" result="Passed" start-time="2026-05-26 23:43:51Z" end-time="2026-05-26 23:43:51Z" duration="0.001044" asserts="0">
                <properties>
                  <property name="retryIteration" value="0" />
                  <property name="repeatIteration" value="0" />
                </properties>
              </test-case>
              <test-case id="1086" name="Stage1Data_PuzzlesHaveCloseUpResourcePaths" fullname="EscapeFromNightmares.Tests.EditMode.GameSessionTests.Stage1Data_PuzzlesHaveCloseUpResourcePaths" methodname="Stage1Data_PuzzlesHaveCloseUpResourcePaths" classname="EscapeFromNightmares.Tests.EditMode.GameSessionTests" runstate="Runnable" seed="1277307929" result="Passed" start-time="2026-05-26 23:43:51Z" end-time="2026-05-26 23:43:51Z" duration="0.000690" asserts="0">
                <properties>
                  <property name="retryIteration" value="0" />
                  <property name="repeatIteration" value="0" />
                </properties>
              </test-case>
              <test-case id="1003" name="Stage1Data_RoomsUseExpectedDirectionalFaces" fullname="EscapeFromNightmares.Tests.EditMode.GameSessionTests.Stage1Data_RoomsUseExpectedDirectionalFaces" methodname="Stage1Data_RoomsUseExpectedDirectionalFaces" classname="EscapeFromNightmares.Tests.EditMode.GameSessionTests" runstate="Runnable" seed="1783113899" result="Passed" start-time="2026-05-26 23:43:51Z" end-time="2026-05-26 23:43:51Z" duration="0.001599" asserts="0">
                <properties>
                  <property name="retryIteration" value="0" />
                  <property name="repeatIteration" value="0" />
                </properties>
              </test-case>
              <test-case id="1018" name="Stage1Data_SecondFloorBathroomSpriteAssetsLoad" fullname="EscapeFromNightmares.Tests.EditMode.GameSessionTests.Stage1Data_SecondFloorBathroomSpriteAssetsLoad" methodname="Stage1Data_SecondFloorBathroomSpriteAssetsLoad" classname="EscapeFromNightmares.Tests.EditMode.GameSessionTests" runstate="Runnable" seed="1056634344" result="Passed" start-time="2026-05-26 23:43:51Z" end-time="2026-05-26 23:43:51Z" duration="0.002079" asserts="0">
                <properties>
                  <property name="retryIteration" value="0" />
                  <property name="repeatIteration" value="0" />
                </properties>
              </test-case>
              <test-case id="1017" name="Stage1Data_SecondFloorBathroomUsesFourFaceHarness" fullname="EscapeFromNightmares.Tests.EditMode.GameSessionTests.Stage1Data_SecondFloorBathroomUsesFourFaceHarness" methodname="Stage1Data_SecondFloorBathroomUsesFourFaceHarness" classname="EscapeFromNightmares.Tests.EditMode.GameSessionTests" runstate="Runnable" seed="1752306027" result="Passed" start-time="2026-05-26 23:43:51Z" end-time="2026-05-26 23:43:51Z" duration="0.001206" asserts="0">
                <properties>
                  <property name="retryIteration" value="0" />
                  <property name="repeatIteration" value="0" />
                </properties>
              </test-case>
              <test-case id="1006" name="Stage1Data_SecondFloorHallwayDoorsAreTransparentNormalizedHitboxes" fullname="EscapeFromNightmares.Tests.EditMode.GameSessionTests.Stage1Data_SecondFloorHallwayDoorsAreTransparentNormalizedHitboxes" methodname="Stage1Data_SecondFloorHallwayDoorsAreTransparentNormalizedHitboxes" classname="EscapeFromNightmares.Tests.EditMode.GameSessionTests" runstate="Runnable" seed="1108084810" result="Passed" start-time="2026-05-26 23:43:51Z" end-time="2026-05-26 23:43:51Z" duration="0.000908" asserts="0">
                <properties>
                  <property name="retryIteration" value="0" />
                  <property name="repeatIteration" value="0" />
                </properties>
              </test-case>
              <test-case id="1005" name="Stage1Data_SecondFloorHallwayUsesTwoPerspectiveFaces" fullname="EscapeFromNightmares.Tests.EditMode.GameSessionTests.Stage1Data_SecondFloorHallwayUsesTwoPerspectiveFaces" methodname="Stage1Data_SecondFloorHallwayUsesTwoPerspectiveFaces" classname="EscapeFromNightmares.Tests.EditMode.GameSessionTests" runstate="Runnable" seed="272052712" result="Passed" start-time="2026-05-26 23:43:51Z" end-time="2026-05-26 23:43:51Z" duration="0.000954" asserts="0">
                <properties>
                  <property name="retryIteration" value="0" />
                  <property name="repeatIteration" value="0" />
                </properties>
              </test-case>
              <test-case id="1004" name="Stage1Data_SingleConnectionFourFaceRoomsExposeExactlyOneExitDoor" fullname="EscapeFromNightmares.Tests.EditMode.GameSessionTests.Stage1Data_SingleConnectionFourFaceRoomsExposeExactlyOneExitDoor" methodname="Stage1Data_SingleConnectionFourFaceRoomsExposeExactlyOneExitDoor" classname="EscapeFromNightmares.Tests.EditMode.GameSessionTests" runstate="Runnable" seed="677585760" result="Passed" start-time="2026-05-26 23:43:51Z" end-time="2026-05-26 23:43:51Z" duration="0.001611" asserts="0">
                <properties>
                  <property name="retryIteration" value="0" />
                  <property name="repeatIteration" value="0" />
                </properties>
              </test-case>
              <test-case id="1090" name="Stage1Data_StageClearEndingAssetLoadsAndIsRegistered" fullname="EscapeFromNightmares.Tests.EditMode.GameSessionTests.Stage1Data_StageClearEndingAssetLoadsAndIsRegistered" methodname="Stage1Data_StageClearEndingAssetLoadsAndIsRegistered" classname="EscapeFromNightmares.Tests.EditMode.GameSessionTests" runstate="Runnable" seed="1703652374" result="Passed" start-time="2026-05-26 23:43:51Z" end-time="2026-05-26 23:43:51Z" duration="0.022958" asserts="0">
                <properties>
                  <property name="retryIteration" value="0" />
                  <property name="repeatIteration" value="0" />
                </properties>
              </test-case>
              <test-case id="1092" name="Stage1Data_StrictIdentityCloseUpCasesAreDocumentedAsAiGeneratedExceptions" fullname="EscapeFromNightmares.Tests.EditMode.GameSessionTests.Stage1Data_StrictIdentityCloseUpCasesAreDocumentedAsAiGeneratedExceptions" methodname="Stage1Data_StrictIdentityCloseUpCasesAreDocumentedAsAiGeneratedExceptions" classname="EscapeFromNightmares.Tests.EditMode.GameSessionTests" runstate="Runnable" seed="247580044" result="Skipped" label="Ignored" start-time="2026-05-26 23:43:51Z" end-time="2026-05-26 23:43:51Z" duration="0.000561" asserts="0">
                <properties>
                  <property name="retryIteration" value="0" />
                  <property name="repeatIteration" value="0" />
                </properties>
                <reason>
                  <message><![CDATA[docs/ROOM_IMAGE_HARNESS.md is not present in this worktree.]]></message>
                </reason>
              </test-case>
              <test-case id="1014" name="Stage1Data_StudyInteractablesUseTransparentHitboxesAndClueResource" fullname="EscapeFromNightmares.Tests.EditMode.GameSessionTests.Stage1Data_StudyInteractablesUseTransparentHitboxesAndClueResource" methodname="Stage1Data_StudyInteractablesUseTransparentHitboxesAndClueResource" classname="EscapeFromNightmares.Tests.EditMode.GameSessionTests" runstate="Runnable" seed="893901024" result="Passed" start-time="2026-05-26 23:43:51Z" end-time="2026-05-26 23:43:51Z" duration="0.000964" asserts="0">
                <properties>
                  <property name="retryIteration" value="0" />
                  <property name="repeatIteration" value="0" />
                </properties>
              </test-case>
              <test-case id="1013" name="Stage1Data_StudyPlacesSafeExitAndClueOnFourFaces" fullname="EscapeFromNightmares.Tests.EditMode.GameSessionTests.Stage1Data_StudyPlacesSafeExitAndClueOnFourFaces" methodname="Stage1Data_StudyPlacesSafeExitAndClueOnFourFaces" classname="EscapeFromNightmares.Tests.EditMode.GameSessionTests" runstate="Runnable" seed="404839357" result="Passed" start-time="2026-05-26 23:43:51Z" end-time="2026-05-26 23:43:51Z" duration="0.001064" asserts="0">
                <properties>
                  <property name="retryIteration" value="0" />
                  <property name="repeatIteration" value="0" />
                </properties>
              </test-case>
              <test-case id="1030" name="Stage1Data_StudySafeUsesDeferredRewardCloseUpResources" fullname="EscapeFromNightmares.Tests.EditMode.GameSessionTests.Stage1Data_StudySafeUsesDeferredRewardCloseUpResources" methodname="Stage1Data_StudySafeUsesDeferredRewardCloseUpResources" classname="EscapeFromNightmares.Tests.EditMode.GameSessionTests" runstate="Runnable" seed="510630460" result="Passed" start-time="2026-05-26 23:43:51Z" end-time="2026-05-26 23:43:51Z" duration="0.000765" asserts="0">
                <properties>
                  <property name="retryIteration" value="0" />
                  <property name="repeatIteration" value="0" />
                </properties>
              </test-case>
              <test-case id="1028" name="Stage1Data_TornDrawingFragmentUsesProjectResourceIcon" fullname="EscapeFromNightmares.Tests.EditMode.GameSessionTests.Stage1Data_TornDrawingFragmentUsesProjectResourceIcon" methodname="Stage1Data_TornDrawingFragmentUsesProjectResourceIcon" classname="EscapeFromNightmares.Tests.EditMode.GameSessionTests" runstate="Runnable" seed="1451954895" result="Passed" start-time="2026-05-26 23:43:51Z" end-time="2026-05-26 23:43:51Z" duration="0.000700" asserts="0">
                <properties>
                  <property name="retryIteration" value="0" />
                  <property name="repeatIteration" value="0" />
                </properties>
              </test-case>
              <test-case id="1068" name="StageClearPanel_FallbackCreatesBlockingPanelWithTitleButton" fullname="EscapeFromNightmares.Tests.EditMode.GameSessionTests.StageClearPanel_FallbackCreatesBlockingPanelWithTitleButton" methodname="StageClearPanel_FallbackCreatesBlockingPanelWithTitleButton" classname="EscapeFromNightmares.Tests.EditMode.GameSessionTests" runstate="Runnable" seed="1969756065" result="Passed" start-time="2026-05-26 23:43:51Z" end-time="2026-05-26 23:43:52Z" duration="0.009015" asserts="0">
                <properties>
                  <property name="retryIteration" value="0" />
                  <property name="repeatIteration" value="0" />
                </properties>
              </test-case>
              <test-case id="1077" name="StudySafeDigit_CorrectInputStateUnlocksAndOpensWithoutReward" fullname="EscapeFromNightmares.Tests.EditMode.GameSessionTests.StudySafeDigit_CorrectInputStateUnlocksAndOpensWithoutReward" methodname="StudySafeDigit_CorrectInputStateUnlocksAndOpensWithoutReward" classname="EscapeFromNightmares.Tests.EditMode.GameSessionTests" runstate="Runnable" seed="2097702391" result="Passed" start-time="2026-05-26 23:43:52Z" end-time="2026-05-26 23:43:52Z" duration="0.000762" asserts="0">
                <properties>
                  <property name="retryIteration" value="0" />
                  <property name="repeatIteration" value="0" />
                </properties>
              </test-case>
              <test-case id="1076" name="StudySafeDigit_LayoutPreservesSerializedOrSceneObjects" fullname="EscapeFromNightmares.Tests.EditMode.GameSessionTests.StudySafeDigit_LayoutPreservesSerializedOrSceneObjects" methodname="StudySafeDigit_LayoutPreservesSerializedOrSceneObjects" classname="EscapeFromNightmares.Tests.EditMode.GameSessionTests" runstate="Runnable" seed="375387230" result="Passed" start-time="2026-05-26 23:43:52Z" end-time="2026-05-26 23:43:52Z" duration="0.000247" asserts="0">
                <properties>
                  <property name="retryIteration" value="0" />
                  <property name="repeatIteration" value="0" />
                </properties>
              </test-case>
              <test-case id="1078" name="StudySafeDigit_MatchesOnlyConfiguredAnswer" fullname="EscapeFromNightmares.Tests.EditMode.GameSessionTests.StudySafeDigit_MatchesOnlyConfiguredAnswer" methodname="StudySafeDigit_MatchesOnlyConfiguredAnswer" classname="EscapeFromNightmares.Tests.EditMode.GameSessionTests" runstate="Runnable" seed="1789750539" result="Passed" start-time="2026-05-26 23:43:52Z" end-time="2026-05-26 23:43:52Z" duration="0.001044" asserts="0">
                <properties>
                  <property name="retryIteration" value="0" />
                  <property name="repeatIteration" value="0" />
                </properties>
              </test-case>
              <test-case id="1073" name="StudySafeDigit_NextValueCyclesZeroThroughNine" fullname="EscapeFromNightmares.Tests.EditMode.GameSessionTests.StudySafeDigit_NextValueCyclesZeroThroughNine" methodname="StudySafeDigit_NextValueCyclesZeroThroughNine" classname="EscapeFromNightmares.Tests.EditMode.GameSessionTests" runstate="Runnable" seed="519135614" result="Passed" start-time="2026-05-26 23:43:52Z" end-time="2026-05-26 23:43:52Z" duration="0.000256" asserts="0">
                <properties>
                  <property name="retryIteration" value="0" />
                  <property name="repeatIteration" value="0" />
                </properties>
              </test-case>
              <test-case id="1074" name="StudySafeDigit_ResourceMapsToTenImageAssets" fullname="EscapeFromNightmares.Tests.EditMode.GameSessionTests.StudySafeDigit_ResourceMapsToTenImageAssets" methodname="StudySafeDigit_ResourceMapsToTenImageAssets" classname="EscapeFromNightmares.Tests.EditMode.GameSessionTests" runstate="Runnable" seed="93094462" result="Passed" start-time="2026-05-26 23:43:52Z" end-time="2026-05-26 23:43:52Z" duration="0.000304" asserts="0">
                <properties>
                  <property name="retryIteration" value="0" />
                  <property name="repeatIteration" value="0" />
                </properties>
              </test-case>
              <test-case id="1079" name="StudySafeDigit_WrongAutoStateDoesNotSolveOrReward" fullname="EscapeFromNightmares.Tests.EditMode.GameSessionTests.StudySafeDigit_WrongAutoStateDoesNotSolveOrReward" methodname="StudySafeDigit_WrongAutoStateDoesNotSolveOrReward" classname="EscapeFromNightmares.Tests.EditMode.GameSessionTests" runstate="Runnable" seed="824394770" result="Passed" start-time="2026-05-26 23:43:52Z" end-time="2026-05-26 23:43:52Z" duration="0.000829" asserts="0">
                <properties>
                  <property name="retryIteration" value="0" />
                  <property name="repeatIteration" value="0" />
                </properties>
              </test-case>
              <test-case id="1075" name="StudySafeDigits_LoadAsSpriteAssets" fullname="EscapeFromNightmares.Tests.EditMode.GameSessionTests.StudySafeDigits_LoadAsSpriteAssets" methodname="StudySafeDigits_LoadAsSpriteAssets" classname="EscapeFromNightmares.Tests.EditMode.GameSessionTests" runstate="Runnable" seed="1487168680" result="Passed" start-time="2026-05-26 23:43:52Z" end-time="2026-05-26 23:43:52Z" duration="0.004158" asserts="0">
                <properties>
                  <property name="retryIteration" value="0" />
                  <property name="repeatIteration" value="0" />
                </properties>
              </test-case>
            </test-suite>
            <test-suite type="TestFixture" id="1102" name="PuzzleFlowControllerTests" fullname="EscapeFromNightmares.Tests.EditMode.PuzzleFlowControllerTests" classname="EscapeFromNightmares.Tests.EditMode.PuzzleFlowControllerTests" runstate="Runnable" testcasecount="2" result="Passed" start-time="2026-05-26 23:43:52Z" end-time="2026-05-26 23:43:52Z" duration="0.004767" total="2" passed="2" failed="0" inconclusive="0" skipped="0" asserts="0">
              <properties />
              <test-case id="1103" name="AddToken_ReplacesLastToken_WhenInputIsFull" fullname="EscapeFromNightmares.Tests.EditMode.PuzzleFlowControllerTests.AddToken_ReplacesLastToken_WhenInputIsFull" methodname="AddToken_ReplacesLastToken_WhenInputIsFull" classname="EscapeFromNightmares.Tests.EditMode.PuzzleFlowControllerTests" runstate="Runnable" seed="2061607166" result="Passed" start-time="2026-05-26 23:43:52Z" end-time="2026-05-26 23:43:52Z" duration="0.000630" asserts="0">
                <properties>
                  <property name="retryIteration" value="0" />
                  <property name="repeatIteration" value="0" />
                </properties>
              </test-case>
              <test-case id="1104" name="Reset_ClearsInputAndShowsEmptyLabel" fullname="EscapeFromNightmares.Tests.EditMode.PuzzleFlowControllerTests.Reset_ClearsInputAndShowsEmptyLabel" methodname="Reset_ClearsInputAndShowsEmptyLabel" classname="EscapeFromNightmares.Tests.EditMode.PuzzleFlowControllerTests" runstate="Runnable" seed="1255176953" result="Passed" start-time="2026-05-26 23:43:52Z" end-time="2026-05-26 23:43:52Z" duration="0.000249" asserts="0">
                <properties>
                  <property name="retryIteration" value="0" />
                  <property name="repeatIteration" value="0" />
                </properties>
              </test-case>
            </test-suite>
            <test-suite type="TestFixture" id="1105" name="StageAssetCatalogTests" fullname="EscapeFromNightmares.Tests.EditMode.StageAssetCatalogTests" classname="EscapeFromNightmares.Tests.EditMode.StageAssetCatalogTests" runstate="Runnable" testcasecount="7" result="Passed" start-time="2026-05-26 23:43:52Z" end-time="2026-05-26 23:43:52Z" duration="0.424607" total="7" passed="7" failed="0" inconclusive="0" skipped="0" asserts="0">
              <properties />
              <test-case id="1110" name="GameDirector_DefaultResourceCatalogHelperLoadsFallbackCatalog" fullname="EscapeFromNightmares.Tests.EditMode.StageAssetCatalogTests.GameDirector_DefaultResourceCatalogHelperLoadsFallbackCatalog" methodname="GameDirector_DefaultResourceCatalogHelperLoadsFallbackCatalog" classname="EscapeFromNightmares.Tests.EditMode.StageAssetCatalogTests" runstate="Runnable" seed="88087376" result="Passed" start-time="2026-05-26 23:43:52Z" end-time="2026-05-26 23:43:52Z" duration="0.018544" asserts="0">
                <properties>
                  <property name="retryIteration" value="0" />
                  <property name="repeatIteration" value="0" />
                </properties>
              </test-case>
              <test-case id="1112" name="MainScene_GameDirectorMonsterPlacementsAreGenerated" fullname="EscapeFromNightmares.Tests.EditMode.StageAssetCatalogTests.MainScene_GameDirectorMonsterPlacementsAreGenerated" methodname="MainScene_GameDirectorMonsterPlacementsAreGenerated" classname="EscapeFromNightmares.Tests.EditMode.StageAssetCatalogTests" runstate="Runnable" seed="67867646" result="Passed" start-time="2026-05-26 23:43:52Z" end-time="2026-05-26 23:43:52Z" duration="0.218318" asserts="0">
                <properties>
                  <property name="retryIteration" value="0" />
                  <property name="repeatIteration" value="0" />
                </properties>
              </test-case>
              <test-case id="1111" name="MainScene_GameDirectorSpriteBindingsAreCompleteUniqueAndCatalogLinked" fullname="EscapeFromNightmares.Tests.EditMode.StageAssetCatalogTests.MainScene_GameDirectorSpriteBindingsAreCompleteUniqueAndCatalogLinked" methodname="MainScene_GameDirectorSpriteBindingsAreCompleteUniqueAndCatalogLinked" classname="EscapeFromNightmares.Tests.EditMode.StageAssetCatalogTests" runstate="Runnable" seed="1324288138" result="Passed" start-time="2026-05-26 23:43:52Z" end-time="2026-05-26 23:43:52Z" duration="0.179226" asserts="0">
                <properties>
                  <property name="retryIteration" value="0" />
                  <property name="repeatIteration" value="0" />
                </properties>
              </test-case>
              <test-case id="1108" name="ResourcePathCatalog_ContainsEveryStage1VisibleSpriteReference" fullname="EscapeFromNightmares.Tests.EditMode.StageAssetCatalogTests.ResourcePathCatalog_ContainsEveryStage1VisibleSpriteReference" methodname="ResourcePathCatalog_ContainsEveryStage1VisibleSpriteReference" classname="EscapeFromNightmares.Tests.EditMode.StageAssetCatalogTests" runstate="Runnable" seed="463642834" result="Passed" start-time="2026-05-26 23:43:52Z" end-time="2026-05-26 23:43:52Z" duration="0.003306" asserts="0">
                <properties>
                  <property name="retryIteration" value="0" />
                  <property name="repeatIteration" value="0" />
                </properties>
              </test-case>
              <test-case id="1109" name="ResourcePathCatalog_LoadsFromResourcesForBootstrapFallback" fullname="EscapeFromNightmares.Tests.EditMode.StageAssetCatalogTests.ResourcePathCatalog_LoadsFromResourcesForBootstrapFallback" methodname="ResourcePathCatalog_LoadsFromResourcesForBootstrapFallback" classname="EscapeFromNightmares.Tests.EditMode.StageAssetCatalogTests" runstate="Runnable" seed="544101465" result="Passed" start-time="2026-05-26 23:43:52Z" end-time="2026-05-26 23:43:52Z" duration="0.000483" asserts="0">
                <properties>
                  <property name="retryIteration" value="0" />
                  <property name="repeatIteration" value="0" />
                </properties>
              </test-case>
              <test-case id="1106" name="RuntimeStageFactory_CreatesStage1Data" fullname="EscapeFromNightmares.Tests.EditMode.StageAssetCatalogTests.RuntimeStageFactory_CreatesStage1Data" methodname="RuntimeStageFactory_CreatesStage1Data" classname="EscapeFromNightmares.Tests.EditMode.StageAssetCatalogTests" runstate="Runnable" seed="229951956" result="Passed" start-time="2026-05-26 23:43:52Z" end-time="2026-05-26 23:43:52Z" duration="0.000686" asserts="0">
                <properties>
                  <property name="retryIteration" value="0" />
                  <property name="repeatIteration" value="0" />
                </properties>
              </test-case>
              <test-case id="1107" name="Stage1Data_ReferencesAreCompleteAndIdsAreUnique" fullname="EscapeFromNightmares.Tests.EditMode.StageAssetCatalogTests.Stage1Data_ReferencesAreCompleteAndIdsAreUnique" methodname="Stage1Data_ReferencesAreCompleteAndIdsAreUnique" classname="EscapeFromNightmares.Tests.EditMode.StageAssetCatalogTests" runstate="Runnable" seed="1036543977" result="Passed" start-time="2026-05-26 23:43:52Z" end-time="2026-05-26 23:43:52Z" duration="0.001860" asserts="0">
                <properties>
                  <property name="retryIteration" value="0" />
                  <property name="repeatIteration" value="0" />
                </properties>
                <output><![CDATA[Saving results to: C:/Users/rlaxo/AppData/LocalLow/DefaultCompany/EscapeFromNightmares\TestResults.xml
]]></output>
              </test-case>
            </test-suite>
          </test-suite>
        </test-suite>
      </test-suite>
    </test-suite>
  </test-suite>
</test-run>