<?xml version="1.0" encoding="utf-8"?>
<test-run id="2" testcasecount="105" result="Failed(Child)" total="105" passed="102" failed="3" inconclusive="0" skipped="0" asserts="0" engine-version="3.5.0.0" clr-version="4.0.30319.42000" start-time="2026-05-25 12:27:40Z" end-time="2026-05-25 12:27:41Z" duration="1.8578908">
  <test-suite type="TestSuite" id="1000" name="EscapeFromNightmares" fullname="EscapeFromNightmares" runstate="Runnable" testcasecount="105" result="Failed" site="Child" start-time="2026-05-25 12:27:40Z" end-time="2026-05-25 12:27:41Z" duration="1.857891" total="105" passed="102" failed="3" inconclusive="0" skipped="0" asserts="0">
    <properties>
      <property name="platform" value="EditMode" />
    </properties>
    <failure>
      <message><![CDATA[One or more child tests had errors]]></message>
    </failure>
    <test-suite type="Assembly" id="1108" name="EscapeFromNightmares.EditModeTests.dll" fullname="D:/Game/Project/Escape_from_Nightmares/Library/ScriptAssemblies/EscapeFromNightmares.EditModeTests.dll" runstate="Runnable" testcasecount="105" result="Failed" site="Child" start-time="2026-05-25 12:27:40Z" end-time="2026-05-25 12:27:41Z" duration="1.851110" total="105" passed="102" failed="3" inconclusive="0" skipped="0" asserts="0">
      <properties>
        <property name="_PID" value="13196" />
        <property name="_APPDOMAIN" value="Unity Child Domain" />
        <property name="platform" value="EditMode" />
        <property name="EditorOnly" value="True" />
      </properties>
      <failure>
        <message><![CDATA[One or more child tests had errors]]></message>
      </failure>
      <test-suite type="TestSuite" id="1109" name="EscapeFromNightmares" fullname="EscapeFromNightmares" runstate="Runnable" testcasecount="105" result="Failed" site="Child" start-time="2026-05-25 12:27:40Z" end-time="2026-05-25 12:27:41Z" duration="1.850266" total="105" passed="102" failed="3" inconclusive="0" skipped="0" asserts="0">
        <properties />
        <failure>
          <message><![CDATA[One or more child tests had errors]]></message>
        </failure>
        <test-suite type="TestSuite" id="1110" name="Tests" fullname="EscapeFromNightmares.Tests" runstate="Runnable" testcasecount="105" result="Failed" site="Child" start-time="2026-05-25 12:27:40Z" end-time="2026-05-25 12:27:41Z" duration="1.849891" total="105" passed="102" failed="3" inconclusive="0" skipped="0" asserts="0">
          <properties />
          <failure>
            <message><![CDATA[One or more child tests had errors]]></message>
          </failure>
          <test-suite type="TestSuite" id="1111" name="EditMode" fullname="EscapeFromNightmares.Tests.EditMode" runstate="Runnable" testcasecount="105" result="Failed" site="Child" start-time="2026-05-25 12:27:40Z" end-time="2026-05-25 12:27:41Z" duration="1.849438" total="105" passed="102" failed="3" inconclusive="0" skipped="0" asserts="0">
            <properties />
            <failure>
              <message><![CDATA[One or more child tests had errors]]></message>
            </failure>
            <test-suite type="TestFixture" id="1001" name="GameSessionTests" fullname="EscapeFromNightmares.Tests.EditMode.GameSessionTests" classname="EscapeFromNightmares.Tests.EditMode.GameSessionTests" runstate="Runnable" testcasecount="102" result="Failed" site="Child" start-time="2026-05-25 12:27:40Z" end-time="2026-05-25 12:27:41Z" duration="1.691737" total="102" passed="99" failed="3" inconclusive="0" skipped="0" asserts="0">
              <properties />
              <failure>
                <message><![CDATA[One or more child tests had errors]]></message>
              </failure>
              <test-case id="1093" name="Documentation_StrictIdentityCloseUpCasesRecordCropRects" fullname="EscapeFromNightmares.Tests.EditMode.GameSessionTests.Documentation_StrictIdentityCloseUpCasesRecordCropRects" methodname="Documentation_StrictIdentityCloseUpCasesRecordCropRects" classname="EscapeFromNightmares.Tests.EditMode.GameSessionTests" runstate="Runnable" seed="1401982304" result="Failed" label="Error" start-time="2026-05-25 12:27:40Z" end-time="2026-05-25 12:27:40Z" duration="0.008611" asserts="0">
                <properties>
                  <property name="retryIteration" value="0" />
                  <property name="repeatIteration" value="0" />
                </properties>
                <failure>
                  <message><![CDATA[System.IO.DirectoryNotFoundException : Could not find a part of the path "D:\Game\Project\Escape_from_Nightmares\docs\ROOM_IMAGE_HARNESS.md".]]></message>
                  <stack-trace><![CDATA[  at System.IO.FileStream..ctor (System.String path, System.IO.FileMode mode, System.IO.FileAccess access, System.IO.FileShare share, System.Int32 bufferSize, System.Boolean anonymous, System.IO.FileOptions options) [0x00164] in <1eb9db207454431c84a47bcd81e79c37>:0 
  at System.IO.FileStream..ctor (System.String path, System.IO.FileMode mode, System.IO.FileAccess access, System.IO.FileShare share, System.Int32 bufferSize, System.IO.FileOptions options) [0x00000] in <1eb9db207454431c84a47bcd81e79c37>:0 
  at (wrapper remoting-invoke-with-check) System.IO.FileStream..ctor(string,System.IO.FileMode,System.IO.FileAccess,System.IO.FileShare,int,System.IO.FileOptions)
  at System.IO.StreamReader..ctor (System.String path, System.Text.Encoding encoding, System.Boolean detectEncodingFromByteOrderMarks, System.Int32 bufferSize) [0x00055] in <1eb9db207454431c84a47bcd81e79c37>:0 
  at System.IO.StreamReader..ctor (System.String path, System.Text.Encoding encoding, System.Boolean detectEncodingFromByteOrderMarks) [0x00000] in <1eb9db207454431c84a47bcd81e79c37>:0 
  at (wrapper remoting-invoke-with-check) System.IO.StreamReader..ctor(string,System.Text.Encoding,bool)
  at System.IO.File.InternalReadAllText (System.String path, System.Text.Encoding encoding) [0x00000] in <1eb9db207454431c84a47bcd81e79c37>:0 
  at System.IO.File.ReadAllText (System.String path) [0x0002c] in <1eb9db207454431c84a47bcd81e79c37>:0 
  at EscapeFromNightmares.Tests.EditMode.GameSessionTests.Documentation_StrictIdentityCloseUpCasesRecordCropRects () [0x00001] in D:\Game\Project\Escape_from_Nightmares\Assets\EscapeFromNightmares\Tests\EditMode\GameSessionTests.cs:1846 
  at (wrapper managed-to-native) System.Reflection.RuntimeMethodInfo.InternalInvoke(System.Reflection.RuntimeMethodInfo,object,object[],System.Exception&)
  at System.Reflection.RuntimeMethodInfo.Invoke (System.Object obj, System.Reflection.BindingFlags invokeAttr, System.Reflection.Binder binder, System.Object[] parameters, System.Globalization.CultureInfo culture) [0x0006a] in <1eb9db207454431c84a47bcd81e79c37>:0 ]]></stack-trace>
                </failure>
              </test-case>
              <test-case id="1036" name="EscapeActionResolver_ChildDeskDrawerOpensCloseUpBeforeItemPickup" fullname="EscapeFromNightmares.Tests.EditMode.GameSessionTests.EscapeActionResolver_ChildDeskDrawerOpensCloseUpBeforeItemPickup" methodname="EscapeActionResolver_ChildDeskDrawerOpensCloseUpBeforeItemPickup" classname="EscapeFromNightmares.Tests.EditMode.GameSessionTests" runstate="Runnable" seed="1191424933" result="Passed" start-time="2026-05-25 12:27:40Z" end-time="2026-05-25 12:27:40Z" duration="0.023917" asserts="0">
                <properties>
                  <property name="retryIteration" value="0" />
                  <property name="repeatIteration" value="0" />
                </properties>
              </test-case>
              <test-case id="1071" name="EscapeActionResolver_FrontDoorKeyPickupMarksBasementAltarSolved" fullname="EscapeFromNightmares.Tests.EditMode.GameSessionTests.EscapeActionResolver_FrontDoorKeyPickupMarksBasementAltarSolved" methodname="EscapeActionResolver_FrontDoorKeyPickupMarksBasementAltarSolved" classname="EscapeFromNightmares.Tests.EditMode.GameSessionTests" runstate="Runnable" seed="1988756563" result="Passed" start-time="2026-05-25 12:27:40Z" end-time="2026-05-25 12:27:40Z" duration="0.001108" asserts="0">
                <properties>
                  <property name="retryIteration" value="0" />
                  <property name="repeatIteration" value="0" />
                </properties>
              </test-case>
              <test-case id="1084" name="EscapeActionResolver_MirrorExitReturnsMoveRoomAction" fullname="EscapeFromNightmares.Tests.EditMode.GameSessionTests.EscapeActionResolver_MirrorExitReturnsMoveRoomAction" methodname="EscapeActionResolver_MirrorExitReturnsMoveRoomAction" classname="EscapeFromNightmares.Tests.EditMode.GameSessionTests" runstate="Runnable" seed="189819452" result="Passed" start-time="2026-05-25 12:27:40Z" end-time="2026-05-25 12:27:40Z" duration="0.000537" asserts="0">
                <properties>
                  <property name="retryIteration" value="0" />
                  <property name="repeatIteration" value="0" />
                </properties>
              </test-case>
              <test-case id="1094" name="EscapeActionResolver_OneShotUsedInteractableFails" fullname="EscapeFromNightmares.Tests.EditMode.GameSessionTests.EscapeActionResolver_OneShotUsedInteractableFails" methodname="EscapeActionResolver_OneShotUsedInteractableFails" classname="EscapeFromNightmares.Tests.EditMode.GameSessionTests" runstate="Runnable" seed="39689212" result="Passed" start-time="2026-05-25 12:27:40Z" end-time="2026-05-25 12:27:40Z" duration="0.000372" asserts="0">
                <properties>
                  <property name="retryIteration" value="0" />
                  <property name="repeatIteration" value="0" />
                </properties>
              </test-case>
              <test-case id="1085" name="EscapeActionResolver_OpenPuzzleDoesNotSolveImmediately" fullname="EscapeFromNightmares.Tests.EditMode.GameSessionTests.EscapeActionResolver_OpenPuzzleDoesNotSolveImmediately" methodname="EscapeActionResolver_OpenPuzzleDoesNotSolveImmediately" classname="EscapeFromNightmares.Tests.EditMode.GameSessionTests" runstate="Runnable" seed="14493457" result="Passed" start-time="2026-05-25 12:27:40Z" end-time="2026-05-25 12:27:40Z" duration="0.000522" asserts="0">
                <properties>
                  <property name="retryIteration" value="0" />
                  <property name="repeatIteration" value="0" />
                </properties>
              </test-case>
              <test-case id="1097" name="EscapeActionResolver_SoundIdAddsPlaySoundAction" fullname="EscapeFromNightmares.Tests.EditMode.GameSessionTests.EscapeActionResolver_SoundIdAddsPlaySoundAction" methodname="EscapeActionResolver_SoundIdAddsPlaySoundAction" classname="EscapeFromNightmares.Tests.EditMode.GameSessionTests" runstate="Runnable" seed="1152733864" result="Passed" start-time="2026-05-25 12:27:40Z" end-time="2026-05-25 12:27:40Z" duration="0.005180" asserts="0">
                <properties>
                  <property name="retryIteration" value="0" />
                  <property name="repeatIteration" value="0" />
                </properties>
              </test-case>
              <test-case id="1055" name="FlagService_ConditionsMet_ChecksFlagsItemsAndSolvedPuzzles" fullname="EscapeFromNightmares.Tests.EditMode.GameSessionTests.FlagService_ConditionsMet_ChecksFlagsItemsAndSolvedPuzzles" methodname="FlagService_ConditionsMet_ChecksFlagsItemsAndSolvedPuzzles" classname="EscapeFromNightmares.Tests.EditMode.GameSessionTests" runstate="Runnable" seed="1878409248" result="Passed" start-time="2026-05-25 12:27:40Z" end-time="2026-05-25 12:27:40Z" duration="0.000496" asserts="0">
                <properties>
                  <property name="retryIteration" value="0" />
                  <property name="repeatIteration" value="0" />
                </properties>
              </test-case>
              <test-case id="1069" name="GameDirector_ApplyFinalChaseStartStateForcesMonsterChaseAndFlag" fullname="EscapeFromNightmares.Tests.EditMode.GameSessionTests.GameDirector_ApplyFinalChaseStartStateForcesMonsterChaseAndFlag" methodname="GameDirector_ApplyFinalChaseStartStateForcesMonsterChaseAndFlag" classname="EscapeFromNightmares.Tests.EditMode.GameSessionTests" runstate="Runnable" seed="1001729065" result="Passed" start-time="2026-05-25 12:27:40Z" end-time="2026-05-25 12:27:40Z" duration="0.000699" asserts="0">
                <properties>
                  <property name="retryIteration" value="0" />
                  <property name="repeatIteration" value="0" />
                </properties>
              </test-case>
              <test-case id="1070" name="GameDirector_ApplyLaundryStorageBoxMonsterStartStateEnablesMonsterAndSetsFirstAppearanceOnce" fullname="EscapeFromNightmares.Tests.EditMode.GameSessionTests.GameDirector_ApplyLaundryStorageBoxMonsterStartStateEnablesMonsterAndSetsFirstAppearanceOnce" methodname="GameDirector_ApplyLaundryStorageBoxMonsterStartStateEnablesMonsterAndSetsFirstAppearanceOnce" classname="EscapeFromNightmares.Tests.EditMode.GameSessionTests" runstate="Runnable" seed="572400675" result="Passed" start-time="2026-05-25 12:27:40Z" end-time="2026-05-25 12:27:40Z" duration="0.000655" asserts="0">
                <properties>
                  <property name="retryIteration" value="0" />
                  <property name="repeatIteration" value="0" />
                </properties>
              </test-case>
              <test-case id="1052" name="GameDirector_ApplyMonsterPlacementMapsNormalizedRectToRectTransformAnchors" fullname="EscapeFromNightmares.Tests.EditMode.GameSessionTests.GameDirector_ApplyMonsterPlacementMapsNormalizedRectToRectTransformAnchors" methodname="GameDirector_ApplyMonsterPlacementMapsNormalizedRectToRectTransformAnchors" classname="EscapeFromNightmares.Tests.EditMode.GameSessionTests" runstate="Runnable" seed="961921348" result="Passed" start-time="2026-05-25 12:27:40Z" end-time="2026-05-25 12:27:40Z" duration="0.003831" asserts="0">
                <properties>
                  <property name="retryIteration" value="0" />
                  <property name="repeatIteration" value="0" />
                </properties>
              </test-case>
              <test-case id="1067" name="GameDirector_ApplyStageClearStateSavesRecordAndResetsMonster" fullname="EscapeFromNightmares.Tests.EditMode.GameSessionTests.GameDirector_ApplyStageClearStateSavesRecordAndResetsMonster" methodname="GameDirector_ApplyStageClearStateSavesRecordAndResetsMonster" classname="EscapeFromNightmares.Tests.EditMode.GameSessionTests" runstate="Runnable" seed="1554108238" result="Passed" start-time="2026-05-25 12:27:40Z" end-time="2026-05-25 12:27:40Z" duration="0.011251" asserts="0">
                <properties>
                  <property name="retryIteration" value="0" />
                  <property name="repeatIteration" value="0" />
                </properties>
              </test-case>
              <test-case id="1034" name="GameDirector_ChildDeskDrawerHitboxStopsRenderingAfterItemAcquired" fullname="EscapeFromNightmares.Tests.EditMode.GameSessionTests.GameDirector_ChildDeskDrawerHitboxStopsRenderingAfterItemAcquired" methodname="GameDirector_ChildDeskDrawerHitboxStopsRenderingAfterItemAcquired" classname="EscapeFromNightmares.Tests.EditMode.GameSessionTests" runstate="Runnable" seed="2012776151" result="Passed" start-time="2026-05-25 12:27:40Z" end-time="2026-05-25 12:27:40Z" duration="0.000733" asserts="0">
                <properties>
                  <property name="retryIteration" value="0" />
                  <property name="repeatIteration" value="0" />
                </properties>
              </test-case>
              <test-case id="1032" name="GameDirector_ConditionalRoomBackgroundsUseSessionState" fullname="EscapeFromNightmares.Tests.EditMode.GameSessionTests.GameDirector_ConditionalRoomBackgroundsUseSessionState" methodname="GameDirector_ConditionalRoomBackgroundsUseSessionState" classname="EscapeFromNightmares.Tests.EditMode.GameSessionTests" runstate="Runnable" seed="1807538294" result="Passed" start-time="2026-05-25 12:27:40Z" end-time="2026-05-25 12:27:40Z" duration="0.001213" asserts="0">
                <properties>
                  <property name="retryIteration" value="0" />
                  <property name="repeatIteration" value="0" />
                </properties>
              </test-case>
              <test-case id="1049" name="GameDirector_CreateMonsterQaSnapshotReportsDisabledEmptyAndReadyPlacements" fullname="EscapeFromNightmares.Tests.EditMode.GameSessionTests.GameDirector_CreateMonsterQaSnapshotReportsDisabledEmptyAndReadyPlacements" methodname="GameDirector_CreateMonsterQaSnapshotReportsDisabledEmptyAndReadyPlacements" classname="EscapeFromNightmares.Tests.EditMode.GameSessionTests" runstate="Runnable" seed="1184509033" result="Passed" start-time="2026-05-25 12:27:40Z" end-time="2026-05-25 12:27:40Z" duration="0.001411" asserts="0">
                <properties>
                  <property name="retryIteration" value="0" />
                  <property name="repeatIteration" value="0" />
                </properties>
              </test-case>
              <test-case id="1048" name="GameDirector_CreateMonsterQaSnapshotReportsHiddenAndMissingPlacementReasons" fullname="EscapeFromNightmares.Tests.EditMode.GameSessionTests.GameDirector_CreateMonsterQaSnapshotReportsHiddenAndMissingPlacementReasons" methodname="GameDirector_CreateMonsterQaSnapshotReportsHiddenAndMissingPlacementReasons" classname="EscapeFromNightmares.Tests.EditMode.GameSessionTests" runstate="Runnable" seed="326331303" result="Passed" start-time="2026-05-25 12:27:40Z" end-time="2026-05-25 12:27:40Z" duration="0.000494" asserts="0">
                <properties>
                  <property name="retryIteration" value="0" />
                  <property name="repeatIteration" value="0" />
                </properties>
              </test-case>
              <test-case id="1033" name="GameDirector_FinalChaseBackgroundsUseSessionState" fullname="EscapeFromNightmares.Tests.EditMode.GameSessionTests.GameDirector_FinalChaseBackgroundsUseSessionState" methodname="GameDirector_FinalChaseBackgroundsUseSessionState" classname="EscapeFromNightmares.Tests.EditMode.GameSessionTests" runstate="Runnable" seed="1878904088" result="Passed" start-time="2026-05-25 12:27:40Z" end-time="2026-05-25 12:27:40Z" duration="0.000555" asserts="0">
                <properties>
                  <property name="retryIteration" value="0" />
                  <property name="repeatIteration" value="0" />
                </properties>
              </test-case>
              <test-case id="1082" name="GameDirector_NextFaceDirectionTogglesTwoFaceHallways" fullname="EscapeFromNightmares.Tests.EditMode.GameSessionTests.GameDirector_NextFaceDirectionTogglesTwoFaceHallways" methodname="GameDirector_NextFaceDirectionTogglesTwoFaceHallways" classname="EscapeFromNightmares.Tests.EditMode.GameSessionTests" runstate="Runnable" seed="938311385" result="Passed" start-time="2026-05-25 12:27:40Z" end-time="2026-05-25 12:27:40Z" duration="0.003917" asserts="0">
                <properties>
                  <property name="retryIteration" value="0" />
                  <property name="repeatIteration" value="0" />
                </properties>
              </test-case>
              <test-case id="1072" name="GameDirector_ShouldRenderRoomHitboxHonorsConditionsAndUsedState" fullname="EscapeFromNightmares.Tests.EditMode.GameSessionTests.GameDirector_ShouldRenderRoomHitboxHonorsConditionsAndUsedState" methodname="GameDirector_ShouldRenderRoomHitboxHonorsConditionsAndUsedState" classname="EscapeFromNightmares.Tests.EditMode.GameSessionTests" runstate="Runnable" seed="1369144954" result="Passed" start-time="2026-05-25 12:27:40Z" end-time="2026-05-25 12:27:40Z" duration="0.000520" asserts="0">
                <properties>
                  <property name="retryIteration" value="0" />
                  <property name="repeatIteration" value="0" />
                </properties>
              </test-case>
              <test-case id="1047" name="GameDirector_TryResolveMonsterPlacementRequiresVisibleStateEnabledEntryAndPositiveRect" fullname="EscapeFromNightmares.Tests.EditMode.GameSessionTests.GameDirector_TryResolveMonsterPlacementRequiresVisibleStateEnabledEntryAndPositiveRect" methodname="GameDirector_TryResolveMonsterPlacementRequiresVisibleStateEnabledEntryAndPositiveRect" classname="EscapeFromNightmares.Tests.EditMode.GameSessionTests" runstate="Runnable" seed="80969057" result="Passed" start-time="2026-05-25 12:27:40Z" end-time="2026-05-25 12:27:40Z" duration="0.001269" asserts="0">
                <properties>
                  <property name="retryIteration" value="0" />
                  <property name="repeatIteration" value="0" />
                </properties>
              </test-case>
              <test-case id="1081" name="GameSession_RotateFaceWrapsAndMoveToResetsNorth" fullname="EscapeFromNightmares.Tests.EditMode.GameSessionTests.GameSession_RotateFaceWrapsAndMoveToResetsNorth" methodname="GameSession_RotateFaceWrapsAndMoveToResetsNorth" classname="EscapeFromNightmares.Tests.EditMode.GameSessionTests" runstate="Runnable" seed="1722323468" result="Passed" start-time="2026-05-25 12:27:40Z" end-time="2026-05-25 12:27:40Z" duration="0.000501" asserts="0">
                <properties>
                  <property name="retryIteration" value="0" />
                  <property name="repeatIteration" value="0" />
                </properties>
              </test-case>
              <test-case id="1037" name="InteractionSystem_ChildDeskDrawerReturnsOpenCloseUp" fullname="EscapeFromNightmares.Tests.EditMode.GameSessionTests.InteractionSystem_ChildDeskDrawerReturnsOpenCloseUp" methodname="InteractionSystem_ChildDeskDrawerReturnsOpenCloseUp" classname="EscapeFromNightmares.Tests.EditMode.GameSessionTests" runstate="Runnable" seed="1210771308" result="Passed" start-time="2026-05-25 12:27:40Z" end-time="2026-05-25 12:27:40Z" duration="0.000888" asserts="0">
                <properties>
                  <property name="retryIteration" value="0" />
                  <property name="repeatIteration" value="0" />
                </properties>
              </test-case>
              <test-case id="1056" name="InteractionSystem_ConditionFailure_ReturnsNone" fullname="EscapeFromNightmares.Tests.EditMode.GameSessionTests.InteractionSystem_ConditionFailure_ReturnsNone" methodname="InteractionSystem_ConditionFailure_ReturnsNone" classname="EscapeFromNightmares.Tests.EditMode.GameSessionTests" runstate="Runnable" seed="387647729" result="Passed" start-time="2026-05-25 12:27:40Z" end-time="2026-05-25 12:27:40Z" duration="0.000359" asserts="0">
                <properties>
                  <property name="retryIteration" value="0" />
                  <property name="repeatIteration" value="0" />
                </properties>
              </test-case>
              <test-case id="1083" name="InteractionSystem_DoorInteraction_ReturnsMoveRoom" fullname="EscapeFromNightmares.Tests.EditMode.GameSessionTests.InteractionSystem_DoorInteraction_ReturnsMoveRoom" methodname="InteractionSystem_DoorInteraction_ReturnsMoveRoom" classname="EscapeFromNightmares.Tests.EditMode.GameSessionTests" runstate="Runnable" seed="169246150" result="Passed" start-time="2026-05-25 12:27:40Z" end-time="2026-05-25 12:27:40Z" duration="0.000435" asserts="0">
                <properties>
                  <property name="retryIteration" value="0" />
                  <property name="repeatIteration" value="0" />
                </properties>
              </test-case>
              <test-case id="1039" name="InteractionSystem_DressingColorClueReturnsOpenCloseUp" fullname="EscapeFromNightmares.Tests.EditMode.GameSessionTests.InteractionSystem_DressingColorClueReturnsOpenCloseUp" methodname="InteractionSystem_DressingColorClueReturnsOpenCloseUp" classname="EscapeFromNightmares.Tests.EditMode.GameSessionTests" runstate="Runnable" seed="1152735958" result="Passed" start-time="2026-05-25 12:27:40Z" end-time="2026-05-25 12:27:40Z" duration="0.000397" asserts="0">
                <properties>
                  <property name="retryIteration" value="0" />
                  <property name="repeatIteration" value="0" />
                </properties>
              </test-case>
              <test-case id="1041" name="InteractionSystem_MasterDrawerReturnsOpenPuzzle" fullname="EscapeFromNightmares.Tests.EditMode.GameSessionTests.InteractionSystem_MasterDrawerReturnsOpenPuzzle" methodname="InteractionSystem_MasterDrawerReturnsOpenPuzzle" classname="EscapeFromNightmares.Tests.EditMode.GameSessionTests" runstate="Runnable" seed="1026955580" result="Passed" start-time="2026-05-25 12:27:40Z" end-time="2026-05-25 12:27:40Z" duration="0.000439" asserts="0">
                <properties>
                  <property name="retryIteration" value="0" />
                  <property name="repeatIteration" value="0" />
                </properties>
              </test-case>
              <test-case id="1040" name="InteractionSystem_MirrorPanelReturnsOpenPuzzle" fullname="EscapeFromNightmares.Tests.EditMode.GameSessionTests.InteractionSystem_MirrorPanelReturnsOpenPuzzle" methodname="InteractionSystem_MirrorPanelReturnsOpenPuzzle" classname="EscapeFromNightmares.Tests.EditMode.GameSessionTests" runstate="Runnable" seed="678421873" result="Passed" start-time="2026-05-25 12:27:40Z" end-time="2026-05-25 12:27:40Z" duration="0.000404" asserts="0">
                <properties>
                  <property name="retryIteration" value="0" />
                  <property name="repeatIteration" value="0" />
                </properties>
              </test-case>
              <test-case id="1038" name="InteractionSystem_StudySafeClueReturnsOpenCloseUp" fullname="EscapeFromNightmares.Tests.EditMode.GameSessionTests.InteractionSystem_StudySafeClueReturnsOpenCloseUp" methodname="InteractionSystem_StudySafeClueReturnsOpenCloseUp" classname="EscapeFromNightmares.Tests.EditMode.GameSessionTests" runstate="Runnable" seed="476616080" result="Passed" start-time="2026-05-25 12:27:40Z" end-time="2026-05-25 12:27:40Z" duration="0.000378" asserts="0">
                <properties>
                  <property name="retryIteration" value="0" />
                  <property name="repeatIteration" value="0" />
                </properties>
              </test-case>
              <test-case id="1054" name="Inventory_AcquireItem_AddsItOnce" fullname="EscapeFromNightmares.Tests.EditMode.GameSessionTests.Inventory_AcquireItem_AddsItOnce" methodname="Inventory_AcquireItem_AddsItOnce" classname="EscapeFromNightmares.Tests.EditMode.GameSessionTests" runstate="Runnable" seed="1957503352" result="Passed" start-time="2026-05-25 12:27:40Z" end-time="2026-05-25 12:27:40Z" duration="0.000226" asserts="0">
                <properties>
                  <property name="retryIteration" value="0" />
                  <property name="repeatIteration" value="0" />
                </properties>
              </test-case>
              <test-case id="1042" name="InventoryWindow_BuildSlotModelsShowsAcquiredItemsAndSelection" fullname="EscapeFromNightmares.Tests.EditMode.GameSessionTests.InventoryWindow_BuildSlotModelsShowsAcquiredItemsAndSelection" methodname="InventoryWindow_BuildSlotModelsShowsAcquiredItemsAndSelection" classname="EscapeFromNightmares.Tests.EditMode.GameSessionTests" runstate="Runnable" seed="345382375" result="Passed" start-time="2026-05-25 12:27:40Z" end-time="2026-05-25 12:27:40Z" duration="0.002936" asserts="0">
                <properties>
                  <property name="retryIteration" value="0" />
                  <property name="repeatIteration" value="0" />
                </properties>
              </test-case>
              <test-case id="1051" name="MonsterAIController_DebugStateOverridePersistsUntilCleared" fullname="EscapeFromNightmares.Tests.EditMode.GameSessionTests.MonsterAIController_DebugStateOverridePersistsUntilCleared" methodname="MonsterAIController_DebugStateOverridePersistsUntilCleared" classname="EscapeFromNightmares.Tests.EditMode.GameSessionTests" runstate="Runnable" seed="751272470" result="Passed" start-time="2026-05-25 12:27:40Z" end-time="2026-05-25 12:27:40Z" duration="0.000288" asserts="0">
                <properties>
                  <property name="retryIteration" value="0" />
                  <property name="repeatIteration" value="0" />
                </properties>
              </test-case>
              <test-case id="1045" name="MonsterPlacementCatalog_AssetLoadsAndMatchesRuntimeRoomFaces" fullname="EscapeFromNightmares.Tests.EditMode.GameSessionTests.MonsterPlacementCatalog_AssetLoadsAndMatchesRuntimeRoomFaces" methodname="MonsterPlacementCatalog_AssetLoadsAndMatchesRuntimeRoomFaces" classname="EscapeFromNightmares.Tests.EditMode.GameSessionTests" runstate="Runnable" seed="402370953" result="Failed" start-time="2026-05-25 12:27:40Z" end-time="2026-05-25 12:27:40Z" duration="0.006099" asserts="0">
                <properties>
                  <property name="retryIteration" value="0" />
                  <property name="repeatIteration" value="0" />
                </properties>
                <failure>
                  <message><![CDATA[  Expected: True
  But was:  False
]]></message>
                  <stack-trace><![CDATA[at EscapeFromNightmares.Tests.EditMode.GameSessionTests.MonsterPlacementCatalog_AssetLoadsAndMatchesRuntimeRoomFaces () [0x000e9] in D:\Game\Project\Escape_from_Nightmares\Assets\EscapeFromNightmares\Tests\EditMode\GameSessionTests.cs:954
]]></stack-trace>
                </failure>
              </test-case>
              <test-case id="1046" name="MonsterPlacementCatalog_CreateMergedDefaultEntriesPreservesExistingEnabledRects" fullname="EscapeFromNightmares.Tests.EditMode.GameSessionTests.MonsterPlacementCatalog_CreateMergedDefaultEntriesPreservesExistingEnabledRects" methodname="MonsterPlacementCatalog_CreateMergedDefaultEntriesPreservesExistingEnabledRects" classname="EscapeFromNightmares.Tests.EditMode.GameSessionTests" runstate="Runnable" seed="1847101647" result="Passed" start-time="2026-05-25 12:27:40Z" end-time="2026-05-25 12:27:40Z" duration="0.001618" asserts="0">
                <properties>
                  <property name="retryIteration" value="0" />
                  <property name="repeatIteration" value="0" />
                </properties>
              </test-case>
              <test-case id="1044" name="MonsterPlacementCatalog_DefaultEntriesExcludeChildRoomAndUseDisabledEmptyRects" fullname="EscapeFromNightmares.Tests.EditMode.GameSessionTests.MonsterPlacementCatalog_DefaultEntriesExcludeChildRoomAndUseDisabledEmptyRects" methodname="MonsterPlacementCatalog_DefaultEntriesExcludeChildRoomAndUseDisabledEmptyRects" classname="EscapeFromNightmares.Tests.EditMode.GameSessionTests" runstate="Runnable" seed="250596338" result="Passed" start-time="2026-05-25 12:27:40Z" end-time="2026-05-25 12:27:40Z" duration="0.001407" asserts="0">
                <properties>
                  <property name="retryIteration" value="0" />
                  <property name="repeatIteration" value="0" />
                </properties>
              </test-case>
              <test-case id="1050" name="MonsterRuntimeQaPanel_CreateBuildsInactiveNonBlockingPanelWithText" fullname="EscapeFromNightmares.Tests.EditMode.GameSessionTests.MonsterRuntimeQaPanel_CreateBuildsInactiveNonBlockingPanelWithText" methodname="MonsterRuntimeQaPanel_CreateBuildsInactiveNonBlockingPanelWithText" classname="EscapeFromNightmares.Tests.EditMode.GameSessionTests" runstate="Runnable" seed="1350292722" result="Passed" start-time="2026-05-25 12:27:40Z" end-time="2026-05-25 12:27:40Z" duration="0.006524" asserts="0">
                <properties>
                  <property name="retryIteration" value="0" />
                  <property name="repeatIteration" value="0" />
                </properties>
              </test-case>
              <test-case id="1064" name="Puzzle_TrySolve_AtticToySequenceGrantsRewardsOnce" fullname="EscapeFromNightmares.Tests.EditMode.GameSessionTests.Puzzle_TrySolve_AtticToySequenceGrantsRewardsOnce" methodname="Puzzle_TrySolve_AtticToySequenceGrantsRewardsOnce" classname="EscapeFromNightmares.Tests.EditMode.GameSessionTests" runstate="Runnable" seed="1600595317" result="Passed" start-time="2026-05-25 12:27:40Z" end-time="2026-05-25 12:27:40Z" duration="0.001086" asserts="0">
                <properties>
                  <property name="retryIteration" value="0" />
                  <property name="repeatIteration" value="0" />
                </properties>
              </test-case>
              <test-case id="1063" name="Puzzle_TrySolve_AtticToySequenceRequiresDrawingFragment" fullname="EscapeFromNightmares.Tests.EditMode.GameSessionTests.Puzzle_TrySolve_AtticToySequenceRequiresDrawingFragment" methodname="Puzzle_TrySolve_AtticToySequenceRequiresDrawingFragment" classname="EscapeFromNightmares.Tests.EditMode.GameSessionTests" runstate="Runnable" seed="1676377523" result="Passed" start-time="2026-05-25 12:27:40Z" end-time="2026-05-25 12:27:40Z" duration="0.000816" asserts="0">
                <properties>
                  <property name="retryIteration" value="0" />
                  <property name="repeatIteration" value="0" />
                </properties>
              </test-case>
              <test-case id="1065" name="Puzzle_TrySolve_BasementAltarSpawnsKeyWithoutImmediateReward" fullname="EscapeFromNightmares.Tests.EditMode.GameSessionTests.Puzzle_TrySolve_BasementAltarSpawnsKeyWithoutImmediateReward" methodname="Puzzle_TrySolve_BasementAltarSpawnsKeyWithoutImmediateReward" classname="EscapeFromNightmares.Tests.EditMode.GameSessionTests" runstate="Runnable" seed="1060626813" result="Passed" start-time="2026-05-25 12:27:40Z" end-time="2026-05-25 12:27:40Z" duration="0.000937" asserts="0">
                <properties>
                  <property name="retryIteration" value="0" />
                  <property name="repeatIteration" value="0" />
                </properties>
              </test-case>
              <test-case id="1062" name="Puzzle_TrySolve_BreakerBoxRequiresFusePartsAndGrantsKeychainOnce" fullname="EscapeFromNightmares.Tests.EditMode.GameSessionTests.Puzzle_TrySolve_BreakerBoxRequiresFusePartsAndGrantsKeychainOnce" methodname="Puzzle_TrySolve_BreakerBoxRequiresFusePartsAndGrantsKeychainOnce" classname="EscapeFromNightmares.Tests.EditMode.GameSessionTests" runstate="Runnable" seed="1478022909" result="Passed" start-time="2026-05-25 12:27:40Z" end-time="2026-05-25 12:27:40Z" duration="0.000631" asserts="0">
                <properties>
                  <property name="retryIteration" value="0" />
                  <property name="repeatIteration" value="0" />
                </properties>
              </test-case>
              <test-case id="1080" name="Puzzle_TrySolve_DeferredStudySafeDoesNotTrackSolvedPuzzle" fullname="EscapeFromNightmares.Tests.EditMode.GameSessionTests.Puzzle_TrySolve_DeferredStudySafeDoesNotTrackSolvedPuzzle" methodname="Puzzle_TrySolve_DeferredStudySafeDoesNotTrackSolvedPuzzle" classname="EscapeFromNightmares.Tests.EditMode.GameSessionTests" runstate="Runnable" seed="394153816" result="Passed" start-time="2026-05-25 12:27:40Z" end-time="2026-05-25 12:27:40Z" duration="0.000344" asserts="0">
                <properties>
                  <property name="retryIteration" value="0" />
                  <property name="repeatIteration" value="0" />
                </properties>
              </test-case>
              <test-case id="1066" name="Puzzle_TrySolve_FrontDoorEscapeRequiresKeyAndSetsStageClear" fullname="EscapeFromNightmares.Tests.EditMode.GameSessionTests.Puzzle_TrySolve_FrontDoorEscapeRequiresKeyAndSetsStageClear" methodname="Puzzle_TrySolve_FrontDoorEscapeRequiresKeyAndSetsStageClear" classname="EscapeFromNightmares.Tests.EditMode.GameSessionTests" runstate="Runnable" seed="420347636" result="Passed" start-time="2026-05-25 12:27:40Z" end-time="2026-05-25 12:27:40Z" duration="0.000361" asserts="0">
                <properties>
                  <property name="retryIteration" value="0" />
                  <property name="repeatIteration" value="0" />
                </properties>
              </test-case>
              <test-case id="1061" name="Puzzle_TrySolve_LaundryStorageBoxGrantsFuseOnce" fullname="EscapeFromNightmares.Tests.EditMode.GameSessionTests.Puzzle_TrySolve_LaundryStorageBoxGrantsFuseOnce" methodname="Puzzle_TrySolve_LaundryStorageBoxGrantsFuseOnce" classname="EscapeFromNightmares.Tests.EditMode.GameSessionTests" runstate="Runnable" seed="1819583138" result="Passed" start-time="2026-05-25 12:27:40Z" end-time="2026-05-25 12:27:40Z" duration="0.000454" asserts="0">
                <properties>
                  <property name="retryIteration" value="0" />
                  <property name="repeatIteration" value="0" />
                </properties>
              </test-case>
              <test-case id="1060" name="Puzzle_TrySolve_MasterBedroomDrawerGrantsNecklaceAndSetsSolvedState" fullname="EscapeFromNightmares.Tests.EditMode.GameSessionTests.Puzzle_TrySolve_MasterBedroomDrawerGrantsNecklaceAndSetsSolvedState" methodname="Puzzle_TrySolve_MasterBedroomDrawerGrantsNecklaceAndSetsSolvedState" classname="EscapeFromNightmares.Tests.EditMode.GameSessionTests" runstate="Runnable" seed="1971219317" result="Passed" start-time="2026-05-25 12:27:40Z" end-time="2026-05-25 12:27:40Z" duration="0.000364" asserts="0">
                <properties>
                  <property name="retryIteration" value="0" />
                  <property name="repeatIteration" value="0" />
                </properties>
              </test-case>
              <test-case id="1059" name="Puzzle_TrySolve_MirrorSymbolPanelGrantsMirrorAndSetsSolvedState" fullname="EscapeFromNightmares.Tests.EditMode.GameSessionTests.Puzzle_TrySolve_MirrorSymbolPanelGrantsMirrorAndSetsSolvedState" methodname="Puzzle_TrySolve_MirrorSymbolPanelGrantsMirrorAndSetsSolvedState" classname="EscapeFromNightmares.Tests.EditMode.GameSessionTests" runstate="Runnable" seed="1250553013" result="Passed" start-time="2026-05-25 12:27:40Z" end-time="2026-05-25 12:27:40Z" duration="0.000356" asserts="0">
                <properties>
                  <property name="retryIteration" value="0" />
                  <property name="repeatIteration" value="0" />
                </properties>
              </test-case>
              <test-case id="1057" name="Puzzle_TrySolve_StudySafeUnlocksWithoutRewardOrSolvedState" fullname="EscapeFromNightmares.Tests.EditMode.GameSessionTests.Puzzle_TrySolve_StudySafeUnlocksWithoutRewardOrSolvedState" methodname="Puzzle_TrySolve_StudySafeUnlocksWithoutRewardOrSolvedState" classname="EscapeFromNightmares.Tests.EditMode.GameSessionTests" runstate="Runnable" seed="166205476" result="Passed" start-time="2026-05-25 12:27:40Z" end-time="2026-05-25 12:27:40Z" duration="0.000592" asserts="0">
                <properties>
                  <property name="retryIteration" value="0" />
                  <property name="repeatIteration" value="0" />
                </properties>
              </test-case>
              <test-case id="1058" name="Puzzle_TrySolve_WrongTokensDoNotGrantRewardOrSolvedState" fullname="EscapeFromNightmares.Tests.EditMode.GameSessionTests.Puzzle_TrySolve_WrongTokensDoNotGrantRewardOrSolvedState" methodname="Puzzle_TrySolve_WrongTokensDoNotGrantRewardOrSolvedState" classname="EscapeFromNightmares.Tests.EditMode.GameSessionTests" runstate="Runnable" seed="1924718279" result="Passed" start-time="2026-05-25 12:27:40Z" end-time="2026-05-25 12:27:40Z" duration="0.000436" asserts="0">
                <properties>
                  <property name="retryIteration" value="0" />
                  <property name="repeatIteration" value="0" />
                </properties>
              </test-case>
              <test-case id="1100" name="ResourceManager_MissingSpritePath_ReturnsFallbackSprite" fullname="EscapeFromNightmares.Tests.EditMode.GameSessionTests.ResourceManager_MissingSpritePath_ReturnsFallbackSprite" methodname="ResourceManager_MissingSpritePath_ReturnsFallbackSprite" classname="EscapeFromNightmares.Tests.EditMode.GameSessionTests" runstate="Runnable" seed="744404634" result="Passed" start-time="2026-05-25 12:27:40Z" end-time="2026-05-25 12:27:40Z" duration="0.001057" asserts="0">
                <properties>
                  <property name="retryIteration" value="0" />
                  <property name="repeatIteration" value="0" />
                </properties>
              </test-case>
              <test-case id="1099" name="ResourcePathCatalog_CreateDefault_UsesExpectedResourcesPaths" fullname="EscapeFromNightmares.Tests.EditMode.GameSessionTests.ResourcePathCatalog_CreateDefault_UsesExpectedResourcesPaths" methodname="ResourcePathCatalog_CreateDefault_UsesExpectedResourcesPaths" classname="EscapeFromNightmares.Tests.EditMode.GameSessionTests" runstate="Runnable" seed="1187352488" result="Passed" start-time="2026-05-25 12:27:40Z" end-time="2026-05-25 12:27:40Z" duration="0.000386" asserts="0">
                <properties>
                  <property name="retryIteration" value="0" />
                  <property name="repeatIteration" value="0" />
                </properties>
              </test-case>
              <test-case id="1043" name="RoomSpriteCatalog_TryFindReturnsDirectSpriteReference" fullname="EscapeFromNightmares.Tests.EditMode.GameSessionTests.RoomSpriteCatalog_TryFindReturnsDirectSpriteReference" methodname="RoomSpriteCatalog_TryFindReturnsDirectSpriteReference" classname="EscapeFromNightmares.Tests.EditMode.GameSessionTests" runstate="Runnable" seed="686259112" result="Passed" start-time="2026-05-25 12:27:40Z" end-time="2026-05-25 12:27:40Z" duration="0.000699" asserts="0">
                <properties>
                  <property name="retryIteration" value="0" />
                  <property name="repeatIteration" value="0" />
                </properties>
              </test-case>
              <test-case id="1098" name="SettingsSaveService_SavesSettingsAndClearRecordsOnly" fullname="EscapeFromNightmares.Tests.EditMode.GameSessionTests.SettingsSaveService_SavesSettingsAndClearRecordsOnly" methodname="SettingsSaveService_SavesSettingsAndClearRecordsOnly" classname="EscapeFromNightmares.Tests.EditMode.GameSessionTests" runstate="Runnable" seed="1297005733" result="Passed" start-time="2026-05-25 12:27:40Z" end-time="2026-05-25 12:27:40Z" duration="0.004062" asserts="0">
                <properties>
                  <property name="retryIteration" value="0" />
                  <property name="repeatIteration" value="0" />
                </properties>
              </test-case>
              <test-case id="1096" name="SoundCatalog_TryFind_ReturnsDrawerSoundEntries" fullname="EscapeFromNightmares.Tests.EditMode.GameSessionTests.SoundCatalog_TryFind_ReturnsDrawerSoundEntries" methodname="SoundCatalog_TryFind_ReturnsDrawerSoundEntries" classname="EscapeFromNightmares.Tests.EditMode.GameSessionTests" runstate="Runnable" seed="687193687" result="Passed" start-time="2026-05-25 12:27:40Z" end-time="2026-05-25 12:27:40Z" duration="0.000394" asserts="0">
                <properties>
                  <property name="retryIteration" value="0" />
                  <property name="repeatIteration" value="0" />
                </properties>
              </test-case>
              <test-case id="1095" name="SoundCatalog_TryFind_ReturnsEntryWithCategory" fullname="EscapeFromNightmares.Tests.EditMode.GameSessionTests.SoundCatalog_TryFind_ReturnsEntryWithCategory" methodname="SoundCatalog_TryFind_ReturnsEntryWithCategory" classname="EscapeFromNightmares.Tests.EditMode.GameSessionTests" runstate="Runnable" seed="76601853" result="Passed" start-time="2026-05-25 12:27:40Z" end-time="2026-05-25 12:27:40Z" duration="0.000267" asserts="0">
                <properties>
                  <property name="retryIteration" value="0" />
                  <property name="repeatIteration" value="0" />
                </properties>
              </test-case>
              <test-case id="1102" name="SoundManager_ApplyVolumesWithoutMixer_UsesAudioSourceFallback" fullname="EscapeFromNightmares.Tests.EditMode.GameSessionTests.SoundManager_ApplyVolumesWithoutMixer_UsesAudioSourceFallback" methodname="SoundManager_ApplyVolumesWithoutMixer_UsesAudioSourceFallback" classname="EscapeFromNightmares.Tests.EditMode.GameSessionTests" runstate="Runnable" seed="1531438090" result="Passed" start-time="2026-05-25 12:27:40Z" end-time="2026-05-25 12:27:40Z" duration="0.002616" asserts="0">
                <properties>
                  <property name="retryIteration" value="0" />
                  <property name="repeatIteration" value="0" />
                </properties>
              </test-case>
              <test-case id="1103" name="SoundManager_PlayMissingClip_DoesNotThrow" fullname="EscapeFromNightmares.Tests.EditMode.GameSessionTests.SoundManager_PlayMissingClip_DoesNotThrow" methodname="SoundManager_PlayMissingClip_DoesNotThrow" classname="EscapeFromNightmares.Tests.EditMode.GameSessionTests" runstate="Runnable" seed="425630114" result="Passed" start-time="2026-05-25 12:27:40Z" end-time="2026-05-25 12:27:40Z" duration="0.000744" asserts="0">
                <properties>
                  <property name="retryIteration" value="0" />
                  <property name="repeatIteration" value="0" />
                </properties>
              </test-case>
              <test-case id="1101" name="SoundManager_VolumeToDecibels_MapsRange" fullname="EscapeFromNightmares.Tests.EditMode.GameSessionTests.SoundManager_VolumeToDecibels_MapsRange" methodname="SoundManager_VolumeToDecibels_MapsRange" classname="EscapeFromNightmares.Tests.EditMode.GameSessionTests" runstate="Runnable" seed="1108911699" result="Passed" start-time="2026-05-25 12:27:40Z" end-time="2026-05-25 12:27:40Z" duration="0.000527" asserts="0">
                <properties>
                  <property name="retryIteration" value="0" />
                  <property name="repeatIteration" value="0" />
                </properties>
              </test-case>
              <test-case id="1089" name="Stage1Data_AiGeneratedCloseUpAndPuzzleAssetsLoadAndUseExpectedDimensions" fullname="EscapeFromNightmares.Tests.EditMode.GameSessionTests.Stage1Data_AiGeneratedCloseUpAndPuzzleAssetsLoadAndUseExpectedDimensions" methodname="Stage1Data_AiGeneratedCloseUpAndPuzzleAssetsLoadAndUseExpectedDimensions" classname="EscapeFromNightmares.Tests.EditMode.GameSessionTests" runstate="Runnable" seed="358515547" result="Passed" start-time="2026-05-25 12:27:40Z" end-time="2026-05-25 12:27:40Z" duration="0.506769" asserts="0">
                <properties>
                  <property name="retryIteration" value="0" />
                  <property name="repeatIteration" value="0" />
                </properties>
              </test-case>
              <test-case id="1024" name="Stage1Data_AtticChainResourcesLoadAsSprites" fullname="EscapeFromNightmares.Tests.EditMode.GameSessionTests.Stage1Data_AtticChainResourcesLoadAsSprites" methodname="Stage1Data_AtticChainResourcesLoadAsSprites" classname="EscapeFromNightmares.Tests.EditMode.GameSessionTests" runstate="Runnable" seed="1979718062" result="Passed" start-time="2026-05-25 12:27:40Z" end-time="2026-05-25 12:27:40Z" duration="0.004310" asserts="0">
                <properties>
                  <property name="retryIteration" value="0" />
                  <property name="repeatIteration" value="0" />
                </properties>
              </test-case>
              <test-case id="1023" name="Stage1Data_AtticChainUsesFourFaceHarness" fullname="EscapeFromNightmares.Tests.EditMode.GameSessionTests.Stage1Data_AtticChainUsesFourFaceHarness" methodname="Stage1Data_AtticChainUsesFourFaceHarness" classname="EscapeFromNightmares.Tests.EditMode.GameSessionTests" runstate="Runnable" seed="527218131" result="Passed" start-time="2026-05-25 12:27:40Z" end-time="2026-05-25 12:27:40Z" duration="0.002519" asserts="0">
                <properties>
                  <property name="retryIteration" value="0" />
                  <property name="repeatIteration" value="0" />
                </properties>
              </test-case>
              <test-case id="1009" name="Stage1Data_BasementAltarChainResourcesLoadAsSprites" fullname="EscapeFromNightmares.Tests.EditMode.GameSessionTests.Stage1Data_BasementAltarChainResourcesLoadAsSprites" methodname="Stage1Data_BasementAltarChainResourcesLoadAsSprites" classname="EscapeFromNightmares.Tests.EditMode.GameSessionTests" runstate="Runnable" seed="540492510" result="Passed" start-time="2026-05-25 12:27:40Z" end-time="2026-05-25 12:27:40Z" duration="0.300226" asserts="0">
                <properties>
                  <property name="retryIteration" value="0" />
                  <property name="repeatIteration" value="0" />
                </properties>
              </test-case>
              <test-case id="1008" name="Stage1Data_BasementAltarChainUsesPlannedFaces" fullname="EscapeFromNightmares.Tests.EditMode.GameSessionTests.Stage1Data_BasementAltarChainUsesPlannedFaces" methodname="Stage1Data_BasementAltarChainUsesPlannedFaces" classname="EscapeFromNightmares.Tests.EditMode.GameSessionTests" runstate="Runnable" seed="68825205" result="Passed" start-time="2026-05-25 12:27:40Z" end-time="2026-05-25 12:27:40Z" duration="0.002104" asserts="0">
                <properties>
                  <property name="retryIteration" value="0" />
                  <property name="repeatIteration" value="0" />
                </properties>
              </test-case>
              <test-case id="1035" name="Stage1Data_ChildBedHideUsesHideViewResource" fullname="EscapeFromNightmares.Tests.EditMode.GameSessionTests.Stage1Data_ChildBedHideUsesHideViewResource" methodname="Stage1Data_ChildBedHideUsesHideViewResource" classname="EscapeFromNightmares.Tests.EditMode.GameSessionTests" runstate="Runnable" seed="1046298416" result="Passed" start-time="2026-05-25 12:27:40Z" end-time="2026-05-25 12:27:40Z" duration="0.000432" asserts="0">
                <properties>
                  <property name="retryIteration" value="0" />
                  <property name="repeatIteration" value="0" />
                </properties>
              </test-case>
              <test-case id="1029" name="Stage1Data_ChildDeskDrawerUsesCloseUpResources" fullname="EscapeFromNightmares.Tests.EditMode.GameSessionTests.Stage1Data_ChildDeskDrawerUsesCloseUpResources" methodname="Stage1Data_ChildDeskDrawerUsesCloseUpResources" classname="EscapeFromNightmares.Tests.EditMode.GameSessionTests" runstate="Runnable" seed="1500885213" result="Passed" start-time="2026-05-25 12:27:40Z" end-time="2026-05-25 12:27:40Z" duration="0.000415" asserts="0">
                <properties>
                  <property name="retryIteration" value="0" />
                  <property name="repeatIteration" value="0" />
                </properties>
              </test-case>
              <test-case id="1027" name="Stage1Data_ChildRoomHidesObjectSpritesButKeepsHitboxes" fullname="EscapeFromNightmares.Tests.EditMode.GameSessionTests.Stage1Data_ChildRoomHidesObjectSpritesButKeepsHitboxes" methodname="Stage1Data_ChildRoomHidesObjectSpritesButKeepsHitboxes" classname="EscapeFromNightmares.Tests.EditMode.GameSessionTests" runstate="Runnable" seed="1853009012" result="Passed" start-time="2026-05-25 12:27:40Z" end-time="2026-05-25 12:27:40Z" duration="0.001589" asserts="0">
                <properties>
                  <property name="retryIteration" value="0" />
                  <property name="repeatIteration" value="0" />
                </properties>
              </test-case>
              <test-case id="1025" name="Stage1Data_ChildRoomPlacesSampleInteractionsOnFourFaces" fullname="EscapeFromNightmares.Tests.EditMode.GameSessionTests.Stage1Data_ChildRoomPlacesSampleInteractionsOnFourFaces" methodname="Stage1Data_ChildRoomPlacesSampleInteractionsOnFourFaces" classname="EscapeFromNightmares.Tests.EditMode.GameSessionTests" runstate="Runnable" seed="1654550072" result="Passed" start-time="2026-05-25 12:27:40Z" end-time="2026-05-25 12:27:40Z" duration="0.001102" asserts="0">
                <properties>
                  <property name="retryIteration" value="0" />
                  <property name="repeatIteration" value="0" />
                </properties>
              </test-case>
              <test-case id="1026" name="Stage1Data_ChildRoomUsesExpectedImageResourcesAndHitboxes" fullname="EscapeFromNightmares.Tests.EditMode.GameSessionTests.Stage1Data_ChildRoomUsesExpectedImageResourcesAndHitboxes" methodname="Stage1Data_ChildRoomUsesExpectedImageResourcesAndHitboxes" classname="EscapeFromNightmares.Tests.EditMode.GameSessionTests" runstate="Runnable" seed="1975250006" result="Passed" start-time="2026-05-25 12:27:40Z" end-time="2026-05-25 12:27:40Z" duration="0.000988" asserts="0">
                <properties>
                  <property name="retryIteration" value="0" />
                  <property name="repeatIteration" value="0" />
                </properties>
              </test-case>
              <test-case id="1088" name="Stage1Data_CloseUpInteractablesArePlacedOnOneFaceOnly" fullname="EscapeFromNightmares.Tests.EditMode.GameSessionTests.Stage1Data_CloseUpInteractablesArePlacedOnOneFaceOnly" methodname="Stage1Data_CloseUpInteractablesArePlacedOnOneFaceOnly" classname="EscapeFromNightmares.Tests.EditMode.GameSessionTests" runstate="Runnable" seed="435047814" result="Passed" start-time="2026-05-25 12:27:40Z" end-time="2026-05-25 12:27:40Z" duration="0.002998" asserts="0">
                <properties>
                  <property name="retryIteration" value="0" />
                  <property name="repeatIteration" value="0" />
                </properties>
              </test-case>
              <test-case id="1031" name="Stage1Data_CoreInspectionObjectsUseClueCloseUps" fullname="EscapeFromNightmares.Tests.EditMode.GameSessionTests.Stage1Data_CoreInspectionObjectsUseClueCloseUps" methodname="Stage1Data_CoreInspectionObjectsUseClueCloseUps" classname="EscapeFromNightmares.Tests.EditMode.GameSessionTests" runstate="Runnable" seed="1000184563" result="Passed" start-time="2026-05-25 12:27:40Z" end-time="2026-05-25 12:27:40Z" duration="0.000694" asserts="0">
                <properties>
                  <property name="retryIteration" value="0" />
                  <property name="repeatIteration" value="0" />
                </properties>
              </test-case>
              <test-case id="1020" name="Stage1Data_DressingRoomResourcesLoadAsSprites" fullname="EscapeFromNightmares.Tests.EditMode.GameSessionTests.Stage1Data_DressingRoomResourcesLoadAsSprites" methodname="Stage1Data_DressingRoomResourcesLoadAsSprites" classname="EscapeFromNightmares.Tests.EditMode.GameSessionTests" runstate="Runnable" seed="169226928" result="Passed" start-time="2026-05-25 12:27:40Z" end-time="2026-05-25 12:27:40Z" duration="0.001944" asserts="0">
                <properties>
                  <property name="retryIteration" value="0" />
                  <property name="repeatIteration" value="0" />
                </properties>
              </test-case>
              <test-case id="1019" name="Stage1Data_DressingRoomUsesFourFaceHarness" fullname="EscapeFromNightmares.Tests.EditMode.GameSessionTests.Stage1Data_DressingRoomUsesFourFaceHarness" methodname="Stage1Data_DressingRoomUsesFourFaceHarness" classname="EscapeFromNightmares.Tests.EditMode.GameSessionTests" runstate="Runnable" seed="1020327599" result="Passed" start-time="2026-05-25 12:27:40Z" end-time="2026-05-25 12:27:40Z" duration="0.000925" asserts="0">
                <properties>
                  <property name="retryIteration" value="0" />
                  <property name="repeatIteration" value="0" />
                </properties>
              </test-case>
              <test-case id="1010" name="Stage1Data_EntranceUsesFinalDoorHarness" fullname="EscapeFromNightmares.Tests.EditMode.GameSessionTests.Stage1Data_EntranceUsesFinalDoorHarness" methodname="Stage1Data_EntranceUsesFinalDoorHarness" classname="EscapeFromNightmares.Tests.EditMode.GameSessionTests" runstate="Runnable" seed="585419337" result="Passed" start-time="2026-05-25 12:27:40Z" end-time="2026-05-25 12:27:40Z" duration="0.000998" asserts="0">
                <properties>
                  <property name="retryIteration" value="0" />
                  <property name="repeatIteration" value="0" />
                </properties>
              </test-case>
              <test-case id="1087" name="Stage1Data_FaceCloseUpAndPuzzleResourcesLoadAsSprites" fullname="EscapeFromNightmares.Tests.EditMode.GameSessionTests.Stage1Data_FaceCloseUpAndPuzzleResourcesLoadAsSprites" methodname="Stage1Data_FaceCloseUpAndPuzzleResourcesLoadAsSprites" classname="EscapeFromNightmares.Tests.EditMode.GameSessionTests" runstate="Runnable" seed="1754062603" result="Passed" start-time="2026-05-25 12:27:40Z" end-time="2026-05-25 12:27:40Z" duration="0.000746" asserts="0">
                <properties>
                  <property name="retryIteration" value="0" />
                  <property name="repeatIteration" value="0" />
                </properties>
              </test-case>
              <test-case id="1053" name="Stage1Data_FaceInteractablesPreserveRoomInteractables" fullname="EscapeFromNightmares.Tests.EditMode.GameSessionTests.Stage1Data_FaceInteractablesPreserveRoomInteractables" methodname="Stage1Data_FaceInteractablesPreserveRoomInteractables" classname="EscapeFromNightmares.Tests.EditMode.GameSessionTests" runstate="Runnable" seed="724490152" result="Passed" start-time="2026-05-25 12:27:40Z" end-time="2026-05-25 12:27:40Z" duration="0.000784" asserts="0">
                <properties>
                  <property name="retryIteration" value="0" />
                  <property name="repeatIteration" value="0" />
                </properties>
              </test-case>
              <test-case id="1011" name="Stage1Data_FinalChaseFrontDoorResourcesLoadAsSprites" fullname="EscapeFromNightmares.Tests.EditMode.GameSessionTests.Stage1Data_FinalChaseFrontDoorResourcesLoadAsSprites" methodname="Stage1Data_FinalChaseFrontDoorResourcesLoadAsSprites" classname="EscapeFromNightmares.Tests.EditMode.GameSessionTests" runstate="Runnable" seed="905216639" result="Passed" start-time="2026-05-25 12:27:40Z" end-time="2026-05-25 12:27:41Z" duration="0.137744" asserts="0">
                <properties>
                  <property name="retryIteration" value="0" />
                  <property name="repeatIteration" value="0" />
                </properties>
              </test-case>
              <test-case id="1012" name="Stage1Data_FirstFloorLaundryPowerChainResourcesLoadAsSprites" fullname="EscapeFromNightmares.Tests.EditMode.GameSessionTests.Stage1Data_FirstFloorLaundryPowerChainResourcesLoadAsSprites" methodname="Stage1Data_FirstFloorLaundryPowerChainResourcesLoadAsSprites" classname="EscapeFromNightmares.Tests.EditMode.GameSessionTests" runstate="Runnable" seed="54378496" result="Passed" start-time="2026-05-25 12:27:41Z" end-time="2026-05-25 12:27:41Z" duration="0.424343" asserts="0">
                <properties>
                  <property name="retryIteration" value="0" />
                  <property name="repeatIteration" value="0" />
                </properties>
              </test-case>
              <test-case id="1007" name="Stage1Data_FirstFloorLaundryPowerChainUsesPlannedFaces" fullname="EscapeFromNightmares.Tests.EditMode.GameSessionTests.Stage1Data_FirstFloorLaundryPowerChainUsesPlannedFaces" methodname="Stage1Data_FirstFloorLaundryPowerChainUsesPlannedFaces" classname="EscapeFromNightmares.Tests.EditMode.GameSessionTests" runstate="Runnable" seed="53643890" result="Passed" start-time="2026-05-25 12:27:41Z" end-time="2026-05-25 12:27:41Z" duration="0.002497" asserts="0">
                <properties>
                  <property name="retryIteration" value="0" />
                  <property name="repeatIteration" value="0" />
                </properties>
              </test-case>
              <test-case id="1002" name="Stage1Data_HasStartRoomAndRequiredPuzzles" fullname="EscapeFromNightmares.Tests.EditMode.GameSessionTests.Stage1Data_HasStartRoomAndRequiredPuzzles" methodname="Stage1Data_HasStartRoomAndRequiredPuzzles" classname="EscapeFromNightmares.Tests.EditMode.GameSessionTests" runstate="Runnable" seed="268214805" result="Passed" start-time="2026-05-25 12:27:41Z" end-time="2026-05-25 12:27:41Z" duration="0.000754" asserts="0">
                <properties>
                  <property name="retryIteration" value="0" />
                  <property name="repeatIteration" value="0" />
                </properties>
              </test-case>
              <test-case id="1022" name="Stage1Data_MasterBedroomResourcesLoadAsSprites" fullname="EscapeFromNightmares.Tests.EditMode.GameSessionTests.Stage1Data_MasterBedroomResourcesLoadAsSprites" methodname="Stage1Data_MasterBedroomResourcesLoadAsSprites" classname="EscapeFromNightmares.Tests.EditMode.GameSessionTests" runstate="Runnable" seed="1333211155" result="Passed" start-time="2026-05-25 12:27:41Z" end-time="2026-05-25 12:27:41Z" duration="0.001987" asserts="0">
                <properties>
                  <property name="retryIteration" value="0" />
                  <property name="repeatIteration" value="0" />
                </properties>
              </test-case>
              <test-case id="1021" name="Stage1Data_MasterBedroomUsesFourFaceHarness" fullname="EscapeFromNightmares.Tests.EditMode.GameSessionTests.Stage1Data_MasterBedroomUsesFourFaceHarness" methodname="Stage1Data_MasterBedroomUsesFourFaceHarness" classname="EscapeFromNightmares.Tests.EditMode.GameSessionTests" runstate="Runnable" seed="328863572" result="Passed" start-time="2026-05-25 12:27:41Z" end-time="2026-05-25 12:27:41Z" duration="0.001098" asserts="0">
                <properties>
                  <property name="retryIteration" value="0" />
                  <property name="repeatIteration" value="0" />
                </properties>
              </test-case>
              <test-case id="1016" name="Stage1Data_MirrorRoomResourcesLoadAsSprites" fullname="EscapeFromNightmares.Tests.EditMode.GameSessionTests.Stage1Data_MirrorRoomResourcesLoadAsSprites" methodname="Stage1Data_MirrorRoomResourcesLoadAsSprites" classname="EscapeFromNightmares.Tests.EditMode.GameSessionTests" runstate="Runnable" seed="938411840" result="Passed" start-time="2026-05-25 12:27:41Z" end-time="2026-05-25 12:27:41Z" duration="0.101434" asserts="0">
                <properties>
                  <property name="retryIteration" value="0" />
                  <property name="repeatIteration" value="0" />
                </properties>
              </test-case>
              <test-case id="1015" name="Stage1Data_MirrorRoomUsesFourFaceHarness" fullname="EscapeFromNightmares.Tests.EditMode.GameSessionTests.Stage1Data_MirrorRoomUsesFourFaceHarness" methodname="Stage1Data_MirrorRoomUsesFourFaceHarness" classname="EscapeFromNightmares.Tests.EditMode.GameSessionTests" runstate="Runnable" seed="1539679623" result="Passed" start-time="2026-05-25 12:27:41Z" end-time="2026-05-25 12:27:41Z" duration="0.001613" asserts="0">
                <properties>
                  <property name="retryIteration" value="0" />
                  <property name="repeatIteration" value="0" />
                </properties>
              </test-case>
              <test-case id="1091" name="Stage1Data_MonsterShadowAssetLoadsAndIsRegistered" fullname="EscapeFromNightmares.Tests.EditMode.GameSessionTests.Stage1Data_MonsterShadowAssetLoadsAndIsRegistered" methodname="Stage1Data_MonsterShadowAssetLoadsAndIsRegistered" classname="EscapeFromNightmares.Tests.EditMode.GameSessionTests" runstate="Runnable" seed="788679801" result="Passed" start-time="2026-05-25 12:27:41Z" end-time="2026-05-25 12:27:41Z" duration="0.008072" asserts="0">
                <properties>
                  <property name="retryIteration" value="0" />
                  <property name="repeatIteration" value="0" />
                </properties>
              </test-case>
              <test-case id="1086" name="Stage1Data_PuzzlesHaveCloseUpResourcePaths" fullname="EscapeFromNightmares.Tests.EditMode.GameSessionTests.Stage1Data_PuzzlesHaveCloseUpResourcePaths" methodname="Stage1Data_PuzzlesHaveCloseUpResourcePaths" classname="EscapeFromNightmares.Tests.EditMode.GameSessionTests" runstate="Runnable" seed="1319337095" result="Passed" start-time="2026-05-25 12:27:41Z" end-time="2026-05-25 12:27:41Z" duration="0.000477" asserts="0">
                <properties>
                  <property name="retryIteration" value="0" />
                  <property name="repeatIteration" value="0" />
                </properties>
              </test-case>
              <test-case id="1003" name="Stage1Data_RoomsUseExpectedDirectionalFaces" fullname="EscapeFromNightmares.Tests.EditMode.GameSessionTests.Stage1Data_RoomsUseExpectedDirectionalFaces" methodname="Stage1Data_RoomsUseExpectedDirectionalFaces" classname="EscapeFromNightmares.Tests.EditMode.GameSessionTests" runstate="Runnable" seed="357099516" result="Passed" start-time="2026-05-25 12:27:41Z" end-time="2026-05-25 12:27:41Z" duration="0.001731" asserts="0">
                <properties>
                  <property name="retryIteration" value="0" />
                  <property name="repeatIteration" value="0" />
                </properties>
              </test-case>
              <test-case id="1018" name="Stage1Data_SecondFloorBathroomResourcesLoadAsSprites" fullname="EscapeFromNightmares.Tests.EditMode.GameSessionTests.Stage1Data_SecondFloorBathroomResourcesLoadAsSprites" methodname="Stage1Data_SecondFloorBathroomResourcesLoadAsSprites" classname="EscapeFromNightmares.Tests.EditMode.GameSessionTests" runstate="Runnable" seed="2129376206" result="Passed" start-time="2026-05-25 12:27:41Z" end-time="2026-05-25 12:27:41Z" duration="0.001917" asserts="0">
                <properties>
                  <property name="retryIteration" value="0" />
                  <property name="repeatIteration" value="0" />
                </properties>
              </test-case>
              <test-case id="1017" name="Stage1Data_SecondFloorBathroomUsesFourFaceHarness" fullname="EscapeFromNightmares.Tests.EditMode.GameSessionTests.Stage1Data_SecondFloorBathroomUsesFourFaceHarness" methodname="Stage1Data_SecondFloorBathroomUsesFourFaceHarness" classname="EscapeFromNightmares.Tests.EditMode.GameSessionTests" runstate="Runnable" seed="323339279" result="Passed" start-time="2026-05-25 12:27:41Z" end-time="2026-05-25 12:27:41Z" duration="0.001016" asserts="0">
                <properties>
                  <property name="retryIteration" value="0" />
                  <property name="repeatIteration" value="0" />
                </properties>
              </test-case>
              <test-case id="1006" name="Stage1Data_SecondFloorHallwayDoorsAreTransparentNormalizedHitboxes" fullname="EscapeFromNightmares.Tests.EditMode.GameSessionTests.Stage1Data_SecondFloorHallwayDoorsAreTransparentNormalizedHitboxes" methodname="Stage1Data_SecondFloorHallwayDoorsAreTransparentNormalizedHitboxes" classname="EscapeFromNightmares.Tests.EditMode.GameSessionTests" runstate="Runnable" seed="815845830" result="Passed" start-time="2026-05-25 12:27:41Z" end-time="2026-05-25 12:27:41Z" duration="0.001455" asserts="0">
                <properties>
                  <property name="retryIteration" value="0" />
                  <property name="repeatIteration" value="0" />
                </properties>
              </test-case>
              <test-case id="1005" name="Stage1Data_SecondFloorHallwayUsesTwoPerspectiveFaces" fullname="EscapeFromNightmares.Tests.EditMode.GameSessionTests.Stage1Data_SecondFloorHallwayUsesTwoPerspectiveFaces" methodname="Stage1Data_SecondFloorHallwayUsesTwoPerspectiveFaces" classname="EscapeFromNightmares.Tests.EditMode.GameSessionTests" runstate="Runnable" seed="1519069415" result="Passed" start-time="2026-05-25 12:27:41Z" end-time="2026-05-25 12:27:41Z" duration="0.000679" asserts="0">
                <properties>
                  <property name="retryIteration" value="0" />
                  <property name="repeatIteration" value="0" />
                </properties>
              </test-case>
              <test-case id="1004" name="Stage1Data_SingleConnectionFourFaceRoomsExposeExactlyOneExitDoor" fullname="EscapeFromNightmares.Tests.EditMode.GameSessionTests.Stage1Data_SingleConnectionFourFaceRoomsExposeExactlyOneExitDoor" methodname="Stage1Data_SingleConnectionFourFaceRoomsExposeExactlyOneExitDoor" classname="EscapeFromNightmares.Tests.EditMode.GameSessionTests" runstate="Runnable" seed="1791907868" result="Passed" start-time="2026-05-25 12:27:41Z" end-time="2026-05-25 12:27:41Z" duration="0.001163" asserts="0">
                <properties>
                  <property name="retryIteration" value="0" />
                  <property name="repeatIteration" value="0" />
                </properties>
              </test-case>
              <test-case id="1090" name="Stage1Data_StageClearEndingAssetLoadsAndIsRegistered" fullname="EscapeFromNightmares.Tests.EditMode.GameSessionTests.Stage1Data_StageClearEndingAssetLoadsAndIsRegistered" methodname="Stage1Data_StageClearEndingAssetLoadsAndIsRegistered" classname="EscapeFromNightmares.Tests.EditMode.GameSessionTests" runstate="Runnable" seed="682698141" result="Passed" start-time="2026-05-25 12:27:41Z" end-time="2026-05-25 12:27:41Z" duration="0.019055" asserts="0">
                <properties>
                  <property name="retryIteration" value="0" />
                  <property name="repeatIteration" value="0" />
                </properties>
              </test-case>
              <test-case id="1092" name="Stage1Data_StrictIdentityCloseUpCasesAreDocumentedAsAiGeneratedExceptions" fullname="EscapeFromNightmares.Tests.EditMode.GameSessionTests.Stage1Data_StrictIdentityCloseUpCasesAreDocumentedAsAiGeneratedExceptions" methodname="Stage1Data_StrictIdentityCloseUpCasesAreDocumentedAsAiGeneratedExceptions" classname="EscapeFromNightmares.Tests.EditMode.GameSessionTests" runstate="Runnable" seed="2090899234" result="Failed" label="Error" start-time="2026-05-25 12:27:41Z" end-time="2026-05-25 12:27:41Z" duration="0.000753" asserts="0">
                <properties>
                  <property name="retryIteration" value="0" />
                  <property name="repeatIteration" value="0" />
                </properties>
                <failure>
                  <message><![CDATA[System.IO.DirectoryNotFoundException : Could not find a part of the path "D:\Game\Project\Escape_from_Nightmares\docs\ROOM_IMAGE_HARNESS.md".]]></message>
                  <stack-trace><![CDATA[  at System.IO.FileStream..ctor (System.String path, System.IO.FileMode mode, System.IO.FileAccess access, System.IO.FileShare share, System.Int32 bufferSize, System.Boolean anonymous, System.IO.FileOptions options) [0x00164] in <1eb9db207454431c84a47bcd81e79c37>:0 
  at System.IO.FileStream..ctor (System.String path, System.IO.FileMode mode, System.IO.FileAccess access, System.IO.FileShare share, System.Int32 bufferSize, System.IO.FileOptions options) [0x00000] in <1eb9db207454431c84a47bcd81e79c37>:0 
  at (wrapper remoting-invoke-with-check) System.IO.FileStream..ctor(string,System.IO.FileMode,System.IO.FileAccess,System.IO.FileShare,int,System.IO.FileOptions)
  at System.IO.StreamReader..ctor (System.String path, System.Text.Encoding encoding, System.Boolean detectEncodingFromByteOrderMarks, System.Int32 bufferSize) [0x00055] in <1eb9db207454431c84a47bcd81e79c37>:0 
  at System.IO.StreamReader..ctor (System.String path, System.Text.Encoding encoding, System.Boolean detectEncodingFromByteOrderMarks) [0x00000] in <1eb9db207454431c84a47bcd81e79c37>:0 
  at (wrapper remoting-invoke-with-check) System.IO.StreamReader..ctor(string,System.Text.Encoding,bool)
  at System.IO.File.InternalReadAllText (System.String path, System.Text.Encoding encoding) [0x00000] in <1eb9db207454431c84a47bcd81e79c37>:0 
  at System.IO.File.ReadAllText (System.String path) [0x0002c] in <1eb9db207454431c84a47bcd81e79c37>:0 
  at EscapeFromNightmares.Tests.EditMode.GameSessionTests.Stage1Data_StrictIdentityCloseUpCasesAreDocumentedAsAiGeneratedExceptions () [0x00001] in D:\Game\Project\Escape_from_Nightmares\Assets\EscapeFromNightmares\Tests\EditMode\GameSessionTests.cs:1831 
  at (wrapper managed-to-native) System.Reflection.RuntimeMethodInfo.InternalInvoke(System.Reflection.RuntimeMethodInfo,object,object[],System.Exception&)
  at System.Reflection.RuntimeMethodInfo.Invoke (System.Object obj, System.Reflection.BindingFlags invokeAttr, System.Reflection.Binder binder, System.Object[] parameters, System.Globalization.CultureInfo culture) [0x0006a] in <1eb9db207454431c84a47bcd81e79c37>:0 ]]></stack-trace>
                </failure>
              </test-case>
              <test-case id="1014" name="Stage1Data_StudyInteractablesUseTransparentHitboxesAndClueResource" fullname="EscapeFromNightmares.Tests.EditMode.GameSessionTests.Stage1Data_StudyInteractablesUseTransparentHitboxesAndClueResource" methodname="Stage1Data_StudyInteractablesUseTransparentHitboxesAndClueResource" classname="EscapeFromNightmares.Tests.EditMode.GameSessionTests" runstate="Runnable" seed="813530852" result="Passed" start-time="2026-05-25 12:27:41Z" end-time="2026-05-25 12:27:41Z" duration="0.000705" asserts="0">
                <properties>
                  <property name="retryIteration" value="0" />
                  <property name="repeatIteration" value="0" />
                </properties>
              </test-case>
              <test-case id="1013" name="Stage1Data_StudyPlacesSafeExitAndClueOnFourFaces" fullname="EscapeFromNightmares.Tests.EditMode.GameSessionTests.Stage1Data_StudyPlacesSafeExitAndClueOnFourFaces" methodname="Stage1Data_StudyPlacesSafeExitAndClueOnFourFaces" classname="EscapeFromNightmares.Tests.EditMode.GameSessionTests" runstate="Runnable" seed="342544430" result="Passed" start-time="2026-05-25 12:27:41Z" end-time="2026-05-25 12:27:41Z" duration="0.000940" asserts="0">
                <properties>
                  <property name="retryIteration" value="0" />
                  <property name="repeatIteration" value="0" />
                </properties>
              </test-case>
              <test-case id="1030" name="Stage1Data_StudySafeUsesDeferredRewardCloseUpResources" fullname="EscapeFromNightmares.Tests.EditMode.GameSessionTests.Stage1Data_StudySafeUsesDeferredRewardCloseUpResources" methodname="Stage1Data_StudySafeUsesDeferredRewardCloseUpResources" classname="EscapeFromNightmares.Tests.EditMode.GameSessionTests" runstate="Runnable" seed="1968154765" result="Passed" start-time="2026-05-25 12:27:41Z" end-time="2026-05-25 12:27:41Z" duration="0.000498" asserts="0">
                <properties>
                  <property name="retryIteration" value="0" />
                  <property name="repeatIteration" value="0" />
                </properties>
              </test-case>
              <test-case id="1028" name="Stage1Data_TornDrawingFragmentUsesProjectResourceIcon" fullname="EscapeFromNightmares.Tests.EditMode.GameSessionTests.Stage1Data_TornDrawingFragmentUsesProjectResourceIcon" methodname="Stage1Data_TornDrawingFragmentUsesProjectResourceIcon" classname="EscapeFromNightmares.Tests.EditMode.GameSessionTests" runstate="Runnable" seed="453116795" result="Passed" start-time="2026-05-25 12:27:41Z" end-time="2026-05-25 12:27:41Z" duration="0.000395" asserts="0">
                <properties>
                  <property name="retryIteration" value="0" />
                  <property name="repeatIteration" value="0" />
                </properties>
              </test-case>
              <test-case id="1068" name="StageClearPanel_FallbackCreatesBlockingPanelWithTitleButton" fullname="EscapeFromNightmares.Tests.EditMode.GameSessionTests.StageClearPanel_FallbackCreatesBlockingPanelWithTitleButton" methodname="StageClearPanel_FallbackCreatesBlockingPanelWithTitleButton" classname="EscapeFromNightmares.Tests.EditMode.GameSessionTests" runstate="Runnable" seed="1575913975" result="Passed" start-time="2026-05-25 12:27:41Z" end-time="2026-05-25 12:27:41Z" duration="0.006945" asserts="0">
                <properties>
                  <property name="retryIteration" value="0" />
                  <property name="repeatIteration" value="0" />
                </properties>
              </test-case>
              <test-case id="1077" name="StudySafeDigit_CorrectInputStateUnlocksAndOpensWithoutReward" fullname="EscapeFromNightmares.Tests.EditMode.GameSessionTests.StudySafeDigit_CorrectInputStateUnlocksAndOpensWithoutReward" methodname="StudySafeDigit_CorrectInputStateUnlocksAndOpensWithoutReward" classname="EscapeFromNightmares.Tests.EditMode.GameSessionTests" runstate="Runnable" seed="865387701" result="Passed" start-time="2026-05-25 12:27:41Z" end-time="2026-05-25 12:27:41Z" duration="0.000441" asserts="0">
                <properties>
                  <property name="retryIteration" value="0" />
                  <property name="repeatIteration" value="0" />
                </properties>
              </test-case>
              <test-case id="1076" name="StudySafeDigit_LayoutPreservesSerializedOrSceneObjects" fullname="EscapeFromNightmares.Tests.EditMode.GameSessionTests.StudySafeDigit_LayoutPreservesSerializedOrSceneObjects" methodname="StudySafeDigit_LayoutPreservesSerializedOrSceneObjects" classname="EscapeFromNightmares.Tests.EditMode.GameSessionTests" runstate="Runnable" seed="154719075" result="Passed" start-time="2026-05-25 12:27:41Z" end-time="2026-05-25 12:27:41Z" duration="0.000247" asserts="0">
                <properties>
                  <property name="retryIteration" value="0" />
                  <property name="repeatIteration" value="0" />
                </properties>
              </test-case>
              <test-case id="1078" name="StudySafeDigit_MatchesOnlyConfiguredAnswer" fullname="EscapeFromNightmares.Tests.EditMode.GameSessionTests.StudySafeDigit_MatchesOnlyConfiguredAnswer" methodname="StudySafeDigit_MatchesOnlyConfiguredAnswer" classname="EscapeFromNightmares.Tests.EditMode.GameSessionTests" runstate="Runnable" seed="770594266" result="Passed" start-time="2026-05-25 12:27:41Z" end-time="2026-05-25 12:27:41Z" duration="0.000679" asserts="0">
                <properties>
                  <property name="retryIteration" value="0" />
                  <property name="repeatIteration" value="0" />
                </properties>
              </test-case>
              <test-case id="1073" name="StudySafeDigit_NextValueCyclesZeroThroughNine" fullname="EscapeFromNightmares.Tests.EditMode.GameSessionTests.StudySafeDigit_NextValueCyclesZeroThroughNine" methodname="StudySafeDigit_NextValueCyclesZeroThroughNine" classname="EscapeFromNightmares.Tests.EditMode.GameSessionTests" runstate="Runnable" seed="1587637112" result="Passed" start-time="2026-05-25 12:27:41Z" end-time="2026-05-25 12:27:41Z" duration="0.000254" asserts="0">
                <properties>
                  <property name="retryIteration" value="0" />
                  <property name="repeatIteration" value="0" />
                </properties>
              </test-case>
              <test-case id="1074" name="StudySafeDigit_ResourceMapsToTenImageAssets" fullname="EscapeFromNightmares.Tests.EditMode.GameSessionTests.StudySafeDigit_ResourceMapsToTenImageAssets" methodname="StudySafeDigit_ResourceMapsToTenImageAssets" classname="EscapeFromNightmares.Tests.EditMode.GameSessionTests" runstate="Runnable" seed="1299155349" result="Passed" start-time="2026-05-25 12:27:41Z" end-time="2026-05-25 12:27:41Z" duration="0.000221" asserts="0">
                <properties>
                  <property name="retryIteration" value="0" />
                  <property name="repeatIteration" value="0" />
                </properties>
              </test-case>
              <test-case id="1075" name="StudySafeDigit_ResourcesLoadAsSprites" fullname="EscapeFromNightmares.Tests.EditMode.GameSessionTests.StudySafeDigit_ResourcesLoadAsSprites" methodname="StudySafeDigit_ResourcesLoadAsSprites" classname="EscapeFromNightmares.Tests.EditMode.GameSessionTests" runstate="Runnable" seed="912067065" result="Passed" start-time="2026-05-25 12:27:41Z" end-time="2026-05-25 12:27:41Z" duration="0.000314" asserts="0">
                <properties>
                  <property name="retryIteration" value="0" />
                  <property name="repeatIteration" value="0" />
                </properties>
              </test-case>
              <test-case id="1079" name="StudySafeDigit_WrongAutoStateDoesNotSolveOrReward" fullname="EscapeFromNightmares.Tests.EditMode.GameSessionTests.StudySafeDigit_WrongAutoStateDoesNotSolveOrReward" methodname="StudySafeDigit_WrongAutoStateDoesNotSolveOrReward" classname="EscapeFromNightmares.Tests.EditMode.GameSessionTests" runstate="Runnable" seed="24692176" result="Passed" start-time="2026-05-25 12:27:41Z" end-time="2026-05-25 12:27:41Z" duration="0.000333" asserts="0">
                <properties>
                  <property name="retryIteration" value="0" />
                  <property name="repeatIteration" value="0" />
                </properties>
              </test-case>
            </test-suite>
            <test-suite type="TestFixture" id="1104" name="StageAssetCatalogTests" fullname="EscapeFromNightmares.Tests.EditMode.StageAssetCatalogTests" classname="EscapeFromNightmares.Tests.EditMode.StageAssetCatalogTests" runstate="Runnable" testcasecount="3" result="Passed" start-time="2026-05-25 12:27:41Z" end-time="2026-05-25 12:27:41Z" duration="0.155150" total="3" passed="3" failed="0" inconclusive="0" skipped="0" asserts="0">
              <properties />
              <test-case id="1106" name="Stage1Asset_ReferencesAreCompleteAndIdsAreUnique" fullname="EscapeFromNightmares.Tests.EditMode.StageAssetCatalogTests.Stage1Asset_ReferencesAreCompleteAndIdsAreUnique" methodname="Stage1Asset_ReferencesAreCompleteAndIdsAreUnique" classname="EscapeFromNightmares.Tests.EditMode.StageAssetCatalogTests" runstate="Runnable" seed="903502165" result="Passed" start-time="2026-05-25 12:27:41Z" end-time="2026-05-25 12:27:41Z" duration="0.002078" asserts="0">
                <properties>
                  <property name="retryIteration" value="0" />
                  <property name="repeatIteration" value="0" />
                </properties>
              </test-case>
              <test-case id="1107" name="Stage1Asset_RoomGraphDoorTargetsAndResourcesAreValid" fullname="EscapeFromNightmares.Tests.EditMode.StageAssetCatalogTests.Stage1Asset_RoomGraphDoorTargetsAndResourcesAreValid" methodname="Stage1Asset_RoomGraphDoorTargetsAndResourcesAreValid" classname="EscapeFromNightmares.Tests.EditMode.StageAssetCatalogTests" runstate="Runnable" seed="340858901" result="Passed" start-time="2026-05-25 12:27:41Z" end-time="2026-05-25 12:27:41Z" duration="0.150473" asserts="0">
                <properties>
                  <property name="retryIteration" value="0" />
                  <property name="repeatIteration" value="0" />
                </properties>
              </test-case>
              <test-case id="1105" name="StageCatalog_Stage1AssetIsRegistered" fullname="EscapeFromNightmares.Tests.EditMode.StageAssetCatalogTests.StageCatalog_Stage1AssetIsRegistered" methodname="StageCatalog_Stage1AssetIsRegistered" classname="EscapeFromNightmares.Tests.EditMode.StageAssetCatalogTests" runstate="Runnable" seed="347880655" result="Passed" start-time="2026-05-25 12:27:41Z" end-time="2026-05-25 12:27:41Z" duration="0.000510" asserts="0">
                <properties>
                  <property name="retryIteration" value="0" />
                  <property name="repeatIteration" value="0" />
                </properties>
                <output><![CDATA[Saving results to: C:/Users/rlaxo/AppData/LocalLow/DefaultCompany/EscapeFromNightmares\TestResults.xml
]]></output>
              </test-case>
            </test-suite>
          </test-suite>
        </test-suite>
      </test-suite>
    </test-suite>
  </test-suite>
</test-run>