<?xml version="1.0" encoding="utf-8"?>
<test-run id="2" testcasecount="109" result="Failed(Child)" total="109" passed="103" failed="4" inconclusive="0" skipped="2" asserts="0" engine-version="3.5.0.0" clr-version="4.0.30319.42000" start-time="2026-05-26 23:05:54Z" end-time="2026-05-26 23:05:56Z" duration="1.9612724">
  <test-suite type="TestSuite" id="1000" name="EscapeFromNightmares" fullname="EscapeFromNightmares" runstate="Runnable" testcasecount="109" result="Failed" site="Child" start-time="2026-05-26 23:05:54Z" end-time="2026-05-26 23:05:56Z" duration="1.961272" total="109" passed="103" failed="4" inconclusive="0" skipped="2" asserts="0">
    <properties>
      <property name="platform" value="EditMode" />
    </properties>
    <failure>
      <message><![CDATA[One or more child tests had errors]]></message>
    </failure>
    <test-suite type="Assembly" id="1113" name="EscapeFromNightmares.EditModeTests.dll" fullname="D:/Game/Project/Escape_from_Nightmare/Library/ScriptAssemblies/EscapeFromNightmares.EditModeTests.dll" runstate="Runnable" testcasecount="109" result="Failed" site="Child" start-time="2026-05-26 23:05:54Z" end-time="2026-05-26 23:05:56Z" duration="1.954233" total="109" passed="103" failed="4" inconclusive="0" skipped="2" asserts="0">
      <properties>
        <property name="_PID" value="20152" />
        <property name="_APPDOMAIN" value="Unity Child Domain" />
        <property name="platform" value="EditMode" />
        <property name="EditorOnly" value="True" />
      </properties>
      <failure>
        <message><![CDATA[One or more child tests had errors]]></message>
      </failure>
      <test-suite type="TestSuite" id="1114" name="EscapeFromNightmares" fullname="EscapeFromNightmares" runstate="Runnable" testcasecount="109" result="Failed" site="Child" start-time="2026-05-26 23:05:54Z" end-time="2026-05-26 23:05:56Z" duration="1.953506" total="109" passed="103" failed="4" inconclusive="0" skipped="2" asserts="0">
        <properties />
        <failure>
          <message><![CDATA[One or more child tests had errors]]></message>
        </failure>
        <test-suite type="TestSuite" id="1115" name="Tests" fullname="EscapeFromNightmares.Tests" runstate="Runnable" testcasecount="109" result="Failed" site="Child" start-time="2026-05-26 23:05:54Z" end-time="2026-05-26 23:05:56Z" duration="1.953148" total="109" passed="103" failed="4" inconclusive="0" skipped="2" asserts="0">
          <properties />
          <failure>
            <message><![CDATA[One or more child tests had errors]]></message>
          </failure>
          <test-suite type="TestSuite" id="1116" name="EditMode" fullname="EscapeFromNightmares.Tests.EditMode" runstate="Runnable" testcasecount="109" result="Failed" site="Child" start-time="2026-05-26 23:05:54Z" end-time="2026-05-26 23:05:56Z" duration="1.952761" total="109" passed="103" failed="4" inconclusive="0" skipped="2" asserts="0">
            <properties />
            <failure>
              <message><![CDATA[One or more child tests had errors]]></message>
            </failure>
            <test-suite type="TestFixture" id="1001" name="GameSessionTests" fullname="EscapeFromNightmares.Tests.EditMode.GameSessionTests" classname="EscapeFromNightmares.Tests.EditMode.GameSessionTests" runstate="Runnable" testcasecount="100" result="Failed" site="Child" start-time="2026-05-26 23:05:54Z" end-time="2026-05-26 23:05:56Z" duration="1.472900" total="100" passed="94" failed="4" inconclusive="0" skipped="2" asserts="0">
              <properties />
              <failure>
                <message><![CDATA[One or more child tests had errors]]></message>
              </failure>
              <test-case id="1096" name="BindingLookup_TryFindSoundReturnsDrawerSoundEntries" fullname="EscapeFromNightmares.Tests.EditMode.GameSessionTests.BindingLookup_TryFindSoundReturnsDrawerSoundEntries" methodname="BindingLookup_TryFindSoundReturnsDrawerSoundEntries" classname="EscapeFromNightmares.Tests.EditMode.GameSessionTests" runstate="Runnable" seed="120091836" result="Passed" start-time="2026-05-26 23:05:54Z" end-time="2026-05-26 23:05:54Z" duration="0.023857" asserts="0">
                <properties>
                  <property name="retryIteration" value="0" />
                  <property name="repeatIteration" value="0" />
                </properties>
              </test-case>
              <test-case id="1095" name="BindingLookup_TryFindSoundReturnsEntryWithCategory" fullname="EscapeFromNightmares.Tests.EditMode.GameSessionTests.BindingLookup_TryFindSoundReturnsEntryWithCategory" methodname="BindingLookup_TryFindSoundReturnsEntryWithCategory" classname="EscapeFromNightmares.Tests.EditMode.GameSessionTests" runstate="Runnable" seed="1592357680" result="Passed" start-time="2026-05-26 23:05:54Z" end-time="2026-05-26 23:05:54Z" duration="0.000967" asserts="0">
                <properties>
                  <property name="retryIteration" value="0" />
                  <property name="repeatIteration" value="0" />
                </properties>
              </test-case>
              <test-case id="1043" name="BindingLookup_TryFindSpriteReturnsDirectSpriteReference" fullname="EscapeFromNightmares.Tests.EditMode.GameSessionTests.BindingLookup_TryFindSpriteReturnsDirectSpriteReference" methodname="BindingLookup_TryFindSpriteReturnsDirectSpriteReference" classname="EscapeFromNightmares.Tests.EditMode.GameSessionTests" runstate="Runnable" seed="231934621" result="Passed" start-time="2026-05-26 23:05:54Z" end-time="2026-05-26 23:05:54Z" duration="0.001957" asserts="0">
                <properties>
                  <property name="retryIteration" value="0" />
                  <property name="repeatIteration" value="0" />
                </properties>
              </test-case>
              <test-case id="1093" name="Documentation_StrictIdentityCloseUpCasesRecordCropRects" fullname="EscapeFromNightmares.Tests.EditMode.GameSessionTests.Documentation_StrictIdentityCloseUpCasesRecordCropRects" methodname="Documentation_StrictIdentityCloseUpCasesRecordCropRects" classname="EscapeFromNightmares.Tests.EditMode.GameSessionTests" runstate="Runnable" seed="943906079" result="Skipped" label="Ignored" start-time="2026-05-26 23:05:54Z" end-time="2026-05-26 23:05:54Z" duration="0.003509" asserts="0">
                <properties>
                  <property name="retryIteration" value="0" />
                  <property name="repeatIteration" value="0" />
                </properties>
                <reason>
                  <message><![CDATA[docs/ROOM_IMAGE_HARNESS.md is not present in this worktree.]]></message>
                </reason>
              </test-case>
              <test-case id="1036" name="EscapeActionResolver_ChildDeskDrawerOpensCloseUpBeforeItemPickup" fullname="EscapeFromNightmares.Tests.EditMode.GameSessionTests.EscapeActionResolver_ChildDeskDrawerOpensCloseUpBeforeItemPickup" methodname="EscapeActionResolver_ChildDeskDrawerOpensCloseUpBeforeItemPickup" classname="EscapeFromNightmares.Tests.EditMode.GameSessionTests" runstate="Runnable" seed="444344157" result="Passed" start-time="2026-05-26 23:05:54Z" end-time="2026-05-26 23:05:54Z" duration="0.004533" asserts="0">
                <properties>
                  <property name="retryIteration" value="0" />
                  <property name="repeatIteration" value="0" />
                </properties>
              </test-case>
              <test-case id="1071" name="EscapeActionResolver_FrontDoorKeyPickupMarksBasementAltarSolved" fullname="EscapeFromNightmares.Tests.EditMode.GameSessionTests.EscapeActionResolver_FrontDoorKeyPickupMarksBasementAltarSolved" methodname="EscapeActionResolver_FrontDoorKeyPickupMarksBasementAltarSolved" classname="EscapeFromNightmares.Tests.EditMode.GameSessionTests" runstate="Runnable" seed="658824930" result="Passed" start-time="2026-05-26 23:05:54Z" end-time="2026-05-26 23:05:54Z" duration="0.001887" asserts="0">
                <properties>
                  <property name="retryIteration" value="0" />
                  <property name="repeatIteration" value="0" />
                </properties>
              </test-case>
              <test-case id="1084" name="EscapeActionResolver_MirrorExitReturnsMoveRoomAction" fullname="EscapeFromNightmares.Tests.EditMode.GameSessionTests.EscapeActionResolver_MirrorExitReturnsMoveRoomAction" methodname="EscapeActionResolver_MirrorExitReturnsMoveRoomAction" classname="EscapeFromNightmares.Tests.EditMode.GameSessionTests" runstate="Runnable" seed="468398864" result="Passed" start-time="2026-05-26 23:05:54Z" end-time="2026-05-26 23:05:54Z" duration="0.001119" asserts="0">
                <properties>
                  <property name="retryIteration" value="0" />
                  <property name="repeatIteration" value="0" />
                </properties>
              </test-case>
              <test-case id="1094" name="EscapeActionResolver_OneShotUsedInteractableFails" fullname="EscapeFromNightmares.Tests.EditMode.GameSessionTests.EscapeActionResolver_OneShotUsedInteractableFails" methodname="EscapeActionResolver_OneShotUsedInteractableFails" classname="EscapeFromNightmares.Tests.EditMode.GameSessionTests" runstate="Runnable" seed="762304599" result="Passed" start-time="2026-05-26 23:05:54Z" end-time="2026-05-26 23:05:54Z" duration="0.000766" asserts="0">
                <properties>
                  <property name="retryIteration" value="0" />
                  <property name="repeatIteration" value="0" />
                </properties>
              </test-case>
              <test-case id="1085" name="EscapeActionResolver_OpenPuzzleDoesNotSolveImmediately" fullname="EscapeFromNightmares.Tests.EditMode.GameSessionTests.EscapeActionResolver_OpenPuzzleDoesNotSolveImmediately" methodname="EscapeActionResolver_OpenPuzzleDoesNotSolveImmediately" classname="EscapeFromNightmares.Tests.EditMode.GameSessionTests" runstate="Runnable" seed="653967440" result="Passed" start-time="2026-05-26 23:05:54Z" end-time="2026-05-26 23:05:54Z" duration="0.000975" asserts="0">
                <properties>
                  <property name="retryIteration" value="0" />
                  <property name="repeatIteration" value="0" />
                </properties>
              </test-case>
              <test-case id="1097" name="EscapeActionResolver_SoundIdAddsPlaySoundAction" fullname="EscapeFromNightmares.Tests.EditMode.GameSessionTests.EscapeActionResolver_SoundIdAddsPlaySoundAction" methodname="EscapeActionResolver_SoundIdAddsPlaySoundAction" classname="EscapeFromNightmares.Tests.EditMode.GameSessionTests" runstate="Runnable" seed="1271477146" result="Passed" start-time="2026-05-26 23:05:54Z" end-time="2026-05-26 23:05:54Z" duration="0.001143" asserts="0">
                <properties>
                  <property name="retryIteration" value="0" />
                  <property name="repeatIteration" value="0" />
                </properties>
              </test-case>
              <test-case id="1055" name="FlagService_ConditionsMet_ChecksFlagsItemsAndSolvedPuzzles" fullname="EscapeFromNightmares.Tests.EditMode.GameSessionTests.FlagService_ConditionsMet_ChecksFlagsItemsAndSolvedPuzzles" methodname="FlagService_ConditionsMet_ChecksFlagsItemsAndSolvedPuzzles" classname="EscapeFromNightmares.Tests.EditMode.GameSessionTests" runstate="Runnable" seed="1718140155" result="Passed" start-time="2026-05-26 23:05:54Z" end-time="2026-05-26 23:05:54Z" duration="0.000836" asserts="0">
                <properties>
                  <property name="retryIteration" value="0" />
                  <property name="repeatIteration" value="0" />
                </properties>
              </test-case>
              <test-case id="1069" name="GameDirector_ApplyFinalChaseStartStateForcesMonsterChaseAndFlag" fullname="EscapeFromNightmares.Tests.EditMode.GameSessionTests.GameDirector_ApplyFinalChaseStartStateForcesMonsterChaseAndFlag" methodname="GameDirector_ApplyFinalChaseStartStateForcesMonsterChaseAndFlag" classname="EscapeFromNightmares.Tests.EditMode.GameSessionTests" runstate="Runnable" seed="994714455" result="Passed" start-time="2026-05-26 23:05:54Z" end-time="2026-05-26 23:05:54Z" duration="0.001240" asserts="0">
                <properties>
                  <property name="retryIteration" value="0" />
                  <property name="repeatIteration" value="0" />
                </properties>
              </test-case>
              <test-case id="1070" name="GameDirector_ApplyLaundryStorageBoxMonsterStartStateEnablesMonsterAndSetsFirstAppearanceOnce" fullname="EscapeFromNightmares.Tests.EditMode.GameSessionTests.GameDirector_ApplyLaundryStorageBoxMonsterStartStateEnablesMonsterAndSetsFirstAppearanceOnce" methodname="GameDirector_ApplyLaundryStorageBoxMonsterStartStateEnablesMonsterAndSetsFirstAppearanceOnce" classname="EscapeFromNightmares.Tests.EditMode.GameSessionTests" runstate="Runnable" seed="687370664" result="Passed" start-time="2026-05-26 23:05:54Z" end-time="2026-05-26 23:05:54Z" duration="0.000965" asserts="0">
                <properties>
                  <property name="retryIteration" value="0" />
                  <property name="repeatIteration" value="0" />
                </properties>
              </test-case>
              <test-case id="1052" name="GameDirector_ApplyMonsterPlacementMapsNormalizedRectToRectTransformAnchors" fullname="EscapeFromNightmares.Tests.EditMode.GameSessionTests.GameDirector_ApplyMonsterPlacementMapsNormalizedRectToRectTransformAnchors" methodname="GameDirector_ApplyMonsterPlacementMapsNormalizedRectToRectTransformAnchors" classname="EscapeFromNightmares.Tests.EditMode.GameSessionTests" runstate="Runnable" seed="2063258728" result="Passed" start-time="2026-05-26 23:05:54Z" end-time="2026-05-26 23:05:54Z" duration="0.003755" asserts="0">
                <properties>
                  <property name="retryIteration" value="0" />
                  <property name="repeatIteration" value="0" />
                </properties>
              </test-case>
              <test-case id="1067" name="GameDirector_ApplyStageClearStateSavesRecordAndResetsMonster" fullname="EscapeFromNightmares.Tests.EditMode.GameSessionTests.GameDirector_ApplyStageClearStateSavesRecordAndResetsMonster" methodname="GameDirector_ApplyStageClearStateSavesRecordAndResetsMonster" classname="EscapeFromNightmares.Tests.EditMode.GameSessionTests" runstate="Runnable" seed="1106867010" result="Passed" start-time="2026-05-26 23:05:54Z" end-time="2026-05-26 23:05:54Z" duration="0.012342" asserts="0">
                <properties>
                  <property name="retryIteration" value="0" />
                  <property name="repeatIteration" value="0" />
                </properties>
              </test-case>
              <test-case id="1034" name="GameDirector_ChildDeskDrawerHitboxStopsRenderingAfterItemAcquired" fullname="EscapeFromNightmares.Tests.EditMode.GameSessionTests.GameDirector_ChildDeskDrawerHitboxStopsRenderingAfterItemAcquired" methodname="GameDirector_ChildDeskDrawerHitboxStopsRenderingAfterItemAcquired" classname="EscapeFromNightmares.Tests.EditMode.GameSessionTests" runstate="Runnable" seed="1025388997" result="Passed" start-time="2026-05-26 23:05:54Z" end-time="2026-05-26 23:05:54Z" duration="0.001790" asserts="0">
                <properties>
                  <property name="retryIteration" value="0" />
                  <property name="repeatIteration" value="0" />
                </properties>
              </test-case>
              <test-case id="1032" name="GameDirector_ConditionalRoomBackgroundsUseSessionState" fullname="EscapeFromNightmares.Tests.EditMode.GameSessionTests.GameDirector_ConditionalRoomBackgroundsUseSessionState" methodname="GameDirector_ConditionalRoomBackgroundsUseSessionState" classname="EscapeFromNightmares.Tests.EditMode.GameSessionTests" runstate="Runnable" seed="405934634" result="Passed" start-time="2026-05-26 23:05:54Z" end-time="2026-05-26 23:05:54Z" duration="0.001926" asserts="0">
                <properties>
                  <property name="retryIteration" value="0" />
                  <property name="repeatIteration" value="0" />
                </properties>
              </test-case>
              <test-case id="1049" name="GameDirector_CreateMonsterQaSnapshotReportsDisabledEmptyAndReadyPlacements" fullname="EscapeFromNightmares.Tests.EditMode.GameSessionTests.GameDirector_CreateMonsterQaSnapshotReportsDisabledEmptyAndReadyPlacements" methodname="GameDirector_CreateMonsterQaSnapshotReportsDisabledEmptyAndReadyPlacements" classname="EscapeFromNightmares.Tests.EditMode.GameSessionTests" runstate="Runnable" seed="1422637107" result="Passed" start-time="2026-05-26 23:05:54Z" end-time="2026-05-26 23:05:54Z" duration="0.001767" asserts="0">
                <properties>
                  <property name="retryIteration" value="0" />
                  <property name="repeatIteration" value="0" />
                </properties>
              </test-case>
              <test-case id="1048" name="GameDirector_CreateMonsterQaSnapshotReportsHiddenAndMissingPlacementReasons" fullname="EscapeFromNightmares.Tests.EditMode.GameSessionTests.GameDirector_CreateMonsterQaSnapshotReportsHiddenAndMissingPlacementReasons" methodname="GameDirector_CreateMonsterQaSnapshotReportsHiddenAndMissingPlacementReasons" classname="EscapeFromNightmares.Tests.EditMode.GameSessionTests" runstate="Runnable" seed="857926652" result="Passed" start-time="2026-05-26 23:05:54Z" end-time="2026-05-26 23:05:54Z" duration="0.000492" asserts="0">
                <properties>
                  <property name="retryIteration" value="0" />
                  <property name="repeatIteration" value="0" />
                </properties>
              </test-case>
              <test-case id="1033" name="GameDirector_FinalChaseBackgroundsUseSessionState" fullname="EscapeFromNightmares.Tests.EditMode.GameSessionTests.GameDirector_FinalChaseBackgroundsUseSessionState" methodname="GameDirector_FinalChaseBackgroundsUseSessionState" classname="EscapeFromNightmares.Tests.EditMode.GameSessionTests" runstate="Runnable" seed="512056415" result="Passed" start-time="2026-05-26 23:05:54Z" end-time="2026-05-26 23:05:54Z" duration="0.001165" asserts="0">
                <properties>
                  <property name="retryIteration" value="0" />
                  <property name="repeatIteration" value="0" />
                </properties>
              </test-case>
              <test-case id="1082" name="GameDirector_NextFaceDirectionTogglesTwoFaceHallways" fullname="EscapeFromNightmares.Tests.EditMode.GameSessionTests.GameDirector_NextFaceDirectionTogglesTwoFaceHallways" methodname="GameDirector_NextFaceDirectionTogglesTwoFaceHallways" classname="EscapeFromNightmares.Tests.EditMode.GameSessionTests" runstate="Runnable" seed="1462011218" result="Passed" start-time="2026-05-26 23:05:54Z" end-time="2026-05-26 23:05:54Z" duration="0.003792" asserts="0">
                <properties>
                  <property name="retryIteration" value="0" />
                  <property name="repeatIteration" value="0" />
                </properties>
              </test-case>
              <test-case id="1072" name="GameDirector_ShouldRenderRoomHitboxHonorsConditionsAndUsedState" fullname="EscapeFromNightmares.Tests.EditMode.GameSessionTests.GameDirector_ShouldRenderRoomHitboxHonorsConditionsAndUsedState" methodname="GameDirector_ShouldRenderRoomHitboxHonorsConditionsAndUsedState" classname="EscapeFromNightmares.Tests.EditMode.GameSessionTests" runstate="Runnable" seed="331595182" result="Passed" start-time="2026-05-26 23:05:54Z" end-time="2026-05-26 23:05:55Z" duration="0.000892" asserts="0">
                <properties>
                  <property name="retryIteration" value="0" />
                  <property name="repeatIteration" value="0" />
                </properties>
              </test-case>
              <test-case id="1047" name="GameDirector_TryResolveMonsterPlacementRequiresVisibleStateEnabledEntryAndPositiveRect" fullname="EscapeFromNightmares.Tests.EditMode.GameSessionTests.GameDirector_TryResolveMonsterPlacementRequiresVisibleStateEnabledEntryAndPositiveRect" methodname="GameDirector_TryResolveMonsterPlacementRequiresVisibleStateEnabledEntryAndPositiveRect" classname="EscapeFromNightmares.Tests.EditMode.GameSessionTests" runstate="Runnable" seed="770563379" result="Passed" start-time="2026-05-26 23:05:55Z" end-time="2026-05-26 23:05:55Z" duration="0.000925" asserts="0">
                <properties>
                  <property name="retryIteration" value="0" />
                  <property name="repeatIteration" value="0" />
                </properties>
              </test-case>
              <test-case id="1081" name="GameSession_RotateFaceWrapsAndMoveToResetsNorth" fullname="EscapeFromNightmares.Tests.EditMode.GameSessionTests.GameSession_RotateFaceWrapsAndMoveToResetsNorth" methodname="GameSession_RotateFaceWrapsAndMoveToResetsNorth" classname="EscapeFromNightmares.Tests.EditMode.GameSessionTests" runstate="Runnable" seed="105296889" result="Passed" start-time="2026-05-26 23:05:55Z" end-time="2026-05-26 23:05:55Z" duration="0.000885" asserts="0">
                <properties>
                  <property name="retryIteration" value="0" />
                  <property name="repeatIteration" value="0" />
                </properties>
              </test-case>
              <test-case id="1037" name="InteractionSystem_ChildDeskDrawerReturnsOpenCloseUp" fullname="EscapeFromNightmares.Tests.EditMode.GameSessionTests.InteractionSystem_ChildDeskDrawerReturnsOpenCloseUp" methodname="InteractionSystem_ChildDeskDrawerReturnsOpenCloseUp" classname="EscapeFromNightmares.Tests.EditMode.GameSessionTests" runstate="Runnable" seed="1857900823" result="Passed" start-time="2026-05-26 23:05:55Z" end-time="2026-05-26 23:05:55Z" duration="0.001417" asserts="0">
                <properties>
                  <property name="retryIteration" value="0" />
                  <property name="repeatIteration" value="0" />
                </properties>
              </test-case>
              <test-case id="1056" name="InteractionSystem_ConditionFailure_ReturnsNone" fullname="EscapeFromNightmares.Tests.EditMode.GameSessionTests.InteractionSystem_ConditionFailure_ReturnsNone" methodname="InteractionSystem_ConditionFailure_ReturnsNone" classname="EscapeFromNightmares.Tests.EditMode.GameSessionTests" runstate="Runnable" seed="72268648" result="Passed" start-time="2026-05-26 23:05:55Z" end-time="2026-05-26 23:05:55Z" duration="0.000740" asserts="0">
                <properties>
                  <property name="retryIteration" value="0" />
                  <property name="repeatIteration" value="0" />
                </properties>
              </test-case>
              <test-case id="1083" name="InteractionSystem_DoorInteraction_ReturnsMoveRoom" fullname="EscapeFromNightmares.Tests.EditMode.GameSessionTests.InteractionSystem_DoorInteraction_ReturnsMoveRoom" methodname="InteractionSystem_DoorInteraction_ReturnsMoveRoom" classname="EscapeFromNightmares.Tests.EditMode.GameSessionTests" runstate="Runnable" seed="1456488152" result="Passed" start-time="2026-05-26 23:05:55Z" end-time="2026-05-26 23:05:55Z" duration="0.001212" asserts="0">
                <properties>
                  <property name="retryIteration" value="0" />
                  <property name="repeatIteration" value="0" />
                </properties>
              </test-case>
              <test-case id="1039" name="InteractionSystem_DressingColorClueReturnsOpenCloseUp" fullname="EscapeFromNightmares.Tests.EditMode.GameSessionTests.InteractionSystem_DressingColorClueReturnsOpenCloseUp" methodname="InteractionSystem_DressingColorClueReturnsOpenCloseUp" classname="EscapeFromNightmares.Tests.EditMode.GameSessionTests" runstate="Runnable" seed="1780981938" result="Passed" start-time="2026-05-26 23:05:55Z" end-time="2026-05-26 23:05:55Z" duration="0.001048" asserts="0">
                <properties>
                  <property name="retryIteration" value="0" />
                  <property name="repeatIteration" value="0" />
                </properties>
              </test-case>
              <test-case id="1041" name="InteractionSystem_MasterDrawerReturnsOpenPuzzle" fullname="EscapeFromNightmares.Tests.EditMode.GameSessionTests.InteractionSystem_MasterDrawerReturnsOpenPuzzle" methodname="InteractionSystem_MasterDrawerReturnsOpenPuzzle" classname="EscapeFromNightmares.Tests.EditMode.GameSessionTests" runstate="Runnable" seed="1970551530" result="Passed" start-time="2026-05-26 23:05:55Z" end-time="2026-05-26 23:05:55Z" duration="0.001022" asserts="0">
                <properties>
                  <property name="retryIteration" value="0" />
                  <property name="repeatIteration" value="0" />
                </properties>
              </test-case>
              <test-case id="1040" name="InteractionSystem_MirrorPanelReturnsOpenPuzzle" fullname="EscapeFromNightmares.Tests.EditMode.GameSessionTests.InteractionSystem_MirrorPanelReturnsOpenPuzzle" methodname="InteractionSystem_MirrorPanelReturnsOpenPuzzle" classname="EscapeFromNightmares.Tests.EditMode.GameSessionTests" runstate="Runnable" seed="1272015725" result="Passed" start-time="2026-05-26 23:05:55Z" end-time="2026-05-26 23:05:55Z" duration="0.001092" asserts="0">
                <properties>
                  <property name="retryIteration" value="0" />
                  <property name="repeatIteration" value="0" />
                </properties>
              </test-case>
              <test-case id="1038" name="InteractionSystem_StudySafeClueReturnsOpenCloseUp" fullname="EscapeFromNightmares.Tests.EditMode.GameSessionTests.InteractionSystem_StudySafeClueReturnsOpenCloseUp" methodname="InteractionSystem_StudySafeClueReturnsOpenCloseUp" classname="EscapeFromNightmares.Tests.EditMode.GameSessionTests" runstate="Runnable" seed="1368746020" result="Passed" start-time="2026-05-26 23:05:55Z" end-time="2026-05-26 23:05:55Z" duration="0.001384" asserts="0">
                <properties>
                  <property name="retryIteration" value="0" />
                  <property name="repeatIteration" value="0" />
                </properties>
              </test-case>
              <test-case id="1054" name="Inventory_AcquireItem_AddsItOnce" fullname="EscapeFromNightmares.Tests.EditMode.GameSessionTests.Inventory_AcquireItem_AddsItOnce" methodname="Inventory_AcquireItem_AddsItOnce" classname="EscapeFromNightmares.Tests.EditMode.GameSessionTests" runstate="Runnable" seed="1463880118" result="Passed" start-time="2026-05-26 23:05:55Z" end-time="2026-05-26 23:05:55Z" duration="0.000865" asserts="0">
                <properties>
                  <property name="retryIteration" value="0" />
                  <property name="repeatIteration" value="0" />
                </properties>
              </test-case>
              <test-case id="1042" name="InventoryWindow_BuildSlotModelsShowsAcquiredItemsAndSelection" fullname="EscapeFromNightmares.Tests.EditMode.GameSessionTests.InventoryWindow_BuildSlotModelsShowsAcquiredItemsAndSelection" methodname="InventoryWindow_BuildSlotModelsShowsAcquiredItemsAndSelection" classname="EscapeFromNightmares.Tests.EditMode.GameSessionTests" runstate="Runnable" seed="534993876" result="Passed" start-time="2026-05-26 23:05:55Z" end-time="2026-05-26 23:05:55Z" duration="0.003065" asserts="0">
                <properties>
                  <property name="retryIteration" value="0" />
                  <property name="repeatIteration" value="0" />
                </properties>
              </test-case>
              <test-case id="1051" name="MonsterAIController_DebugStateOverridePersistsUntilCleared" fullname="EscapeFromNightmares.Tests.EditMode.GameSessionTests.MonsterAIController_DebugStateOverridePersistsUntilCleared" methodname="MonsterAIController_DebugStateOverridePersistsUntilCleared" classname="EscapeFromNightmares.Tests.EditMode.GameSessionTests" runstate="Runnable" seed="1782676973" result="Passed" start-time="2026-05-26 23:05:55Z" end-time="2026-05-26 23:05:55Z" duration="0.000395" asserts="0">
                <properties>
                  <property name="retryIteration" value="0" />
                  <property name="repeatIteration" value="0" />
                </properties>
              </test-case>
              <test-case id="1046" name="MonsterPlacementCatalog_CreateMergedDefaultEntriesPreservesExistingEnabledRects" fullname="EscapeFromNightmares.Tests.EditMode.GameSessionTests.MonsterPlacementCatalog_CreateMergedDefaultEntriesPreservesExistingEnabledRects" methodname="MonsterPlacementCatalog_CreateMergedDefaultEntriesPreservesExistingEnabledRects" classname="EscapeFromNightmares.Tests.EditMode.GameSessionTests" runstate="Runnable" seed="1170515292" result="Passed" start-time="2026-05-26 23:05:55Z" end-time="2026-05-26 23:05:55Z" duration="0.002599" asserts="0">
                <properties>
                  <property name="retryIteration" value="0" />
                  <property name="repeatIteration" value="0" />
                </properties>
              </test-case>
              <test-case id="1044" name="MonsterPlacementCatalog_DefaultEntriesExcludeChildRoomAndUseDisabledEmptyRects" fullname="EscapeFromNightmares.Tests.EditMode.GameSessionTests.MonsterPlacementCatalog_DefaultEntriesExcludeChildRoomAndUseDisabledEmptyRects" methodname="MonsterPlacementCatalog_DefaultEntriesExcludeChildRoomAndUseDisabledEmptyRects" classname="EscapeFromNightmares.Tests.EditMode.GameSessionTests" runstate="Runnable" seed="1149753449" result="Passed" start-time="2026-05-26 23:05:55Z" end-time="2026-05-26 23:05:55Z" duration="0.004547" asserts="0">
                <properties>
                  <property name="retryIteration" value="0" />
                  <property name="repeatIteration" value="0" />
                </properties>
              </test-case>
              <test-case id="1045" name="MonsterPlacementCatalog_DefaultRuntimeDataMatchesRoomFaces" fullname="EscapeFromNightmares.Tests.EditMode.GameSessionTests.MonsterPlacementCatalog_DefaultRuntimeDataMatchesRoomFaces" methodname="MonsterPlacementCatalog_DefaultRuntimeDataMatchesRoomFaces" classname="EscapeFromNightmares.Tests.EditMode.GameSessionTests" runstate="Runnable" seed="1908907144" result="Passed" start-time="2026-05-26 23:05:55Z" end-time="2026-05-26 23:05:55Z" duration="0.004463" asserts="0">
                <properties>
                  <property name="retryIteration" value="0" />
                  <property name="repeatIteration" value="0" />
                </properties>
              </test-case>
              <test-case id="1050" name="MonsterRuntimeQaPanel_CreateBuildsInactiveNonBlockingPanelWithText" fullname="EscapeFromNightmares.Tests.EditMode.GameSessionTests.MonsterRuntimeQaPanel_CreateBuildsInactiveNonBlockingPanelWithText" methodname="MonsterRuntimeQaPanel_CreateBuildsInactiveNonBlockingPanelWithText" classname="EscapeFromNightmares.Tests.EditMode.GameSessionTests" runstate="Runnable" seed="1562672231" result="Passed" start-time="2026-05-26 23:05:55Z" end-time="2026-05-26 23:05:55Z" duration="0.018074" asserts="0">
                <properties>
                  <property name="retryIteration" value="0" />
                  <property name="repeatIteration" value="0" />
                </properties>
              </test-case>
              <test-case id="1064" name="Puzzle_TrySolve_AtticToySequenceGrantsRewardsOnce" fullname="EscapeFromNightmares.Tests.EditMode.GameSessionTests.Puzzle_TrySolve_AtticToySequenceGrantsRewardsOnce" methodname="Puzzle_TrySolve_AtticToySequenceGrantsRewardsOnce" classname="EscapeFromNightmares.Tests.EditMode.GameSessionTests" runstate="Runnable" seed="1327183607" result="Passed" start-time="2026-05-26 23:05:55Z" end-time="2026-05-26 23:05:55Z" duration="0.001737" asserts="0">
                <properties>
                  <property name="retryIteration" value="0" />
                  <property name="repeatIteration" value="0" />
                </properties>
              </test-case>
              <test-case id="1063" name="Puzzle_TrySolve_AtticToySequenceRequiresDrawingFragment" fullname="EscapeFromNightmares.Tests.EditMode.GameSessionTests.Puzzle_TrySolve_AtticToySequenceRequiresDrawingFragment" methodname="Puzzle_TrySolve_AtticToySequenceRequiresDrawingFragment" classname="EscapeFromNightmares.Tests.EditMode.GameSessionTests" runstate="Runnable" seed="136788738" result="Passed" start-time="2026-05-26 23:05:55Z" end-time="2026-05-26 23:05:55Z" duration="0.001254" asserts="0">
                <properties>
                  <property name="retryIteration" value="0" />
                  <property name="repeatIteration" value="0" />
                </properties>
              </test-case>
              <test-case id="1065" name="Puzzle_TrySolve_BasementAltarSpawnsKeyWithoutImmediateReward" fullname="EscapeFromNightmares.Tests.EditMode.GameSessionTests.Puzzle_TrySolve_BasementAltarSpawnsKeyWithoutImmediateReward" methodname="Puzzle_TrySolve_BasementAltarSpawnsKeyWithoutImmediateReward" classname="EscapeFromNightmares.Tests.EditMode.GameSessionTests" runstate="Runnable" seed="1726447016" result="Passed" start-time="2026-05-26 23:05:55Z" end-time="2026-05-26 23:05:55Z" duration="0.001576" asserts="0">
                <properties>
                  <property name="retryIteration" value="0" />
                  <property name="repeatIteration" value="0" />
                </properties>
              </test-case>
              <test-case id="1062" name="Puzzle_TrySolve_BreakerBoxRequiresFusePartsAndGrantsKeychainOnce" fullname="EscapeFromNightmares.Tests.EditMode.GameSessionTests.Puzzle_TrySolve_BreakerBoxRequiresFusePartsAndGrantsKeychainOnce" methodname="Puzzle_TrySolve_BreakerBoxRequiresFusePartsAndGrantsKeychainOnce" classname="EscapeFromNightmares.Tests.EditMode.GameSessionTests" runstate="Runnable" seed="800983245" result="Passed" start-time="2026-05-26 23:05:55Z" end-time="2026-05-26 23:05:55Z" duration="0.001019" asserts="0">
                <properties>
                  <property name="retryIteration" value="0" />
                  <property name="repeatIteration" value="0" />
                </properties>
              </test-case>
              <test-case id="1080" name="Puzzle_TrySolve_DeferredStudySafeDoesNotTrackSolvedPuzzle" fullname="EscapeFromNightmares.Tests.EditMode.GameSessionTests.Puzzle_TrySolve_DeferredStudySafeDoesNotTrackSolvedPuzzle" methodname="Puzzle_TrySolve_DeferredStudySafeDoesNotTrackSolvedPuzzle" classname="EscapeFromNightmares.Tests.EditMode.GameSessionTests" runstate="Runnable" seed="1438117989" result="Passed" start-time="2026-05-26 23:05:55Z" end-time="2026-05-26 23:05:55Z" duration="0.000826" asserts="0">
                <properties>
                  <property name="retryIteration" value="0" />
                  <property name="repeatIteration" value="0" />
                </properties>
              </test-case>
              <test-case id="1066" name="Puzzle_TrySolve_FrontDoorEscapeRequiresKeyAndSetsStageClear" fullname="EscapeFromNightmares.Tests.EditMode.GameSessionTests.Puzzle_TrySolve_FrontDoorEscapeRequiresKeyAndSetsStageClear" methodname="Puzzle_TrySolve_FrontDoorEscapeRequiresKeyAndSetsStageClear" classname="EscapeFromNightmares.Tests.EditMode.GameSessionTests" runstate="Runnable" seed="594403105" result="Passed" start-time="2026-05-26 23:05:55Z" end-time="2026-05-26 23:05:55Z" duration="0.001064" asserts="0">
                <properties>
                  <property name="retryIteration" value="0" />
                  <property name="repeatIteration" value="0" />
                </properties>
              </test-case>
              <test-case id="1061" name="Puzzle_TrySolve_LaundryStorageBoxGrantsFuseOnce" fullname="EscapeFromNightmares.Tests.EditMode.GameSessionTests.Puzzle_TrySolve_LaundryStorageBoxGrantsFuseOnce" methodname="Puzzle_TrySolve_LaundryStorageBoxGrantsFuseOnce" classname="EscapeFromNightmares.Tests.EditMode.GameSessionTests" runstate="Runnable" seed="1670437652" result="Passed" start-time="2026-05-26 23:05:55Z" end-time="2026-05-26 23:05:55Z" duration="0.000910" asserts="0">
                <properties>
                  <property name="retryIteration" value="0" />
                  <property name="repeatIteration" value="0" />
                </properties>
              </test-case>
              <test-case id="1060" name="Puzzle_TrySolve_MasterBedroomDrawerGrantsNecklaceAndSetsSolvedState" fullname="EscapeFromNightmares.Tests.EditMode.GameSessionTests.Puzzle_TrySolve_MasterBedroomDrawerGrantsNecklaceAndSetsSolvedState" methodname="Puzzle_TrySolve_MasterBedroomDrawerGrantsNecklaceAndSetsSolvedState" classname="EscapeFromNightmares.Tests.EditMode.GameSessionTests" runstate="Runnable" seed="1849375207" result="Passed" start-time="2026-05-26 23:05:55Z" end-time="2026-05-26 23:05:55Z" duration="0.001007" asserts="0">
                <properties>
                  <property name="retryIteration" value="0" />
                  <property name="repeatIteration" value="0" />
                </properties>
              </test-case>
              <test-case id="1059" name="Puzzle_TrySolve_MirrorSymbolPanelGrantsMirrorAndSetsSolvedState" fullname="EscapeFromNightmares.Tests.EditMode.GameSessionTests.Puzzle_TrySolve_MirrorSymbolPanelGrantsMirrorAndSetsSolvedState" methodname="Puzzle_TrySolve_MirrorSymbolPanelGrantsMirrorAndSetsSolvedState" classname="EscapeFromNightmares.Tests.EditMode.GameSessionTests" runstate="Runnable" seed="2028825850" result="Passed" start-time="2026-05-26 23:05:55Z" end-time="2026-05-26 23:05:55Z" duration="0.000925" asserts="0">
                <properties>
                  <property name="retryIteration" value="0" />
                  <property name="repeatIteration" value="0" />
                </properties>
              </test-case>
              <test-case id="1057" name="Puzzle_TrySolve_StudySafeUnlocksWithoutRewardOrSolvedState" fullname="EscapeFromNightmares.Tests.EditMode.GameSessionTests.Puzzle_TrySolve_StudySafeUnlocksWithoutRewardOrSolvedState" methodname="Puzzle_TrySolve_StudySafeUnlocksWithoutRewardOrSolvedState" classname="EscapeFromNightmares.Tests.EditMode.GameSessionTests" runstate="Runnable" seed="1837188386" result="Passed" start-time="2026-05-26 23:05:55Z" end-time="2026-05-26 23:05:55Z" duration="0.000934" asserts="0">
                <properties>
                  <property name="retryIteration" value="0" />
                  <property name="repeatIteration" value="0" />
                </properties>
              </test-case>
              <test-case id="1058" name="Puzzle_TrySolve_WrongTokensDoNotGrantRewardOrSolvedState" fullname="EscapeFromNightmares.Tests.EditMode.GameSessionTests.Puzzle_TrySolve_WrongTokensDoNotGrantRewardOrSolvedState" methodname="Puzzle_TrySolve_WrongTokensDoNotGrantRewardOrSolvedState" classname="EscapeFromNightmares.Tests.EditMode.GameSessionTests" runstate="Runnable" seed="1052649888" result="Passed" start-time="2026-05-26 23:05:55Z" end-time="2026-05-26 23:05:55Z" duration="0.001125" asserts="0">
                <properties>
                  <property name="retryIteration" value="0" />
                  <property name="repeatIteration" value="0" />
                </properties>
              </test-case>
              <test-case id="1099" name="RuntimeStageFactory_CreateStage1UsesRuntimeData" fullname="EscapeFromNightmares.Tests.EditMode.GameSessionTests.RuntimeStageFactory_CreateStage1UsesRuntimeData" methodname="RuntimeStageFactory_CreateStage1UsesRuntimeData" classname="EscapeFromNightmares.Tests.EditMode.GameSessionTests" runstate="Runnable" seed="36509614" result="Passed" start-time="2026-05-26 23:05:55Z" end-time="2026-05-26 23:05:55Z" duration="0.000841" asserts="0">
                <properties>
                  <property name="retryIteration" value="0" />
                  <property name="repeatIteration" value="0" />
                </properties>
              </test-case>
              <test-case id="1098" name="SettingsSaveService_SavesSettingsAndClearRecordsOnly" fullname="EscapeFromNightmares.Tests.EditMode.GameSessionTests.SettingsSaveService_SavesSettingsAndClearRecordsOnly" methodname="SettingsSaveService_SavesSettingsAndClearRecordsOnly" classname="EscapeFromNightmares.Tests.EditMode.GameSessionTests" runstate="Runnable" seed="590198450" result="Passed" start-time="2026-05-26 23:05:55Z" end-time="2026-05-26 23:05:55Z" duration="0.014509" asserts="0">
                <properties>
                  <property name="retryIteration" value="0" />
                  <property name="repeatIteration" value="0" />
                </properties>
              </test-case>
              <test-case id="1100" name="SoundManager_ApplyVolumes_UsesAudioSourceVolumes" fullname="EscapeFromNightmares.Tests.EditMode.GameSessionTests.SoundManager_ApplyVolumes_UsesAudioSourceVolumes" methodname="SoundManager_ApplyVolumes_UsesAudioSourceVolumes" classname="EscapeFromNightmares.Tests.EditMode.GameSessionTests" runstate="Runnable" seed="1450048906" result="Passed" start-time="2026-05-26 23:05:55Z" end-time="2026-05-26 23:05:55Z" duration="0.003508" asserts="0">
                <properties>
                  <property name="retryIteration" value="0" />
                  <property name="repeatIteration" value="0" />
                </properties>
              </test-case>
              <test-case id="1101" name="SoundManager_PlayMissingClip_DoesNotThrow" fullname="EscapeFromNightmares.Tests.EditMode.GameSessionTests.SoundManager_PlayMissingClip_DoesNotThrow" methodname="SoundManager_PlayMissingClip_DoesNotThrow" classname="EscapeFromNightmares.Tests.EditMode.GameSessionTests" runstate="Runnable" seed="920928231" result="Passed" start-time="2026-05-26 23:05:55Z" end-time="2026-05-26 23:05:55Z" duration="0.000684" asserts="0">
                <properties>
                  <property name="retryIteration" value="0" />
                  <property name="repeatIteration" value="0" />
                </properties>
              </test-case>
              <test-case id="1089" name="Stage1Data_AiGeneratedCloseUpAndPuzzleAssetsLoadAndUseExpectedDimensions" fullname="EscapeFromNightmares.Tests.EditMode.GameSessionTests.Stage1Data_AiGeneratedCloseUpAndPuzzleAssetsLoadAndUseExpectedDimensions" methodname="Stage1Data_AiGeneratedCloseUpAndPuzzleAssetsLoadAndUseExpectedDimensions" classname="EscapeFromNightmares.Tests.EditMode.GameSessionTests" runstate="Runnable" seed="951417244" result="Failed" start-time="2026-05-26 23:05:55Z" end-time="2026-05-26 23:05:55Z" duration="0.368313" asserts="0">
                <properties>
                  <property name="retryIteration" value="0" />
                  <property name="repeatIteration" value="0" />
                </properties>
                <failure>
                  <message><![CDATA[  CloseUps/attic_family_album_photo
  Expected: 1280
  But was:  900
]]></message>
                  <stack-trace><![CDATA[at EscapeFromNightmares.Tests.EditMode.GameSessionTests.AssertPngAssetSize (System.String resourcePath, System.Int32 width, System.Int32 height) [0x00009] in D:\Game\Project\Escape_from_Nightmare\Assets\Tests\EditMode\GameSessionTests.cs:1983
at EscapeFromNightmares.Tests.EditMode.GameSessionTests.Stage1Data_AiGeneratedCloseUpAndPuzzleAssetsLoadAndUseExpectedDimensions () [0x00019] in D:\Game\Project\Escape_from_Nightmare\Assets\Tests\EditMode\GameSessionTests.cs:1737
]]></stack-trace>
                </failure>
              </test-case>
              <test-case id="1024" name="Stage1Data_AtticChainSpriteAssetsLoad" fullname="EscapeFromNightmares.Tests.EditMode.GameSessionTests.Stage1Data_AtticChainSpriteAssetsLoad" methodname="Stage1Data_AtticChainSpriteAssetsLoad" classname="EscapeFromNightmares.Tests.EditMode.GameSessionTests" runstate="Runnable" seed="611736841" result="Passed" start-time="2026-05-26 23:05:55Z" end-time="2026-05-26 23:05:55Z" duration="0.017255" asserts="0">
                <properties>
                  <property name="retryIteration" value="0" />
                  <property name="repeatIteration" value="0" />
                </properties>
              </test-case>
              <test-case id="1023" name="Stage1Data_AtticChainUsesFourFaceHarness" fullname="EscapeFromNightmares.Tests.EditMode.GameSessionTests.Stage1Data_AtticChainUsesFourFaceHarness" methodname="Stage1Data_AtticChainUsesFourFaceHarness" classname="EscapeFromNightmares.Tests.EditMode.GameSessionTests" runstate="Runnable" seed="1204940666" result="Passed" start-time="2026-05-26 23:05:55Z" end-time="2026-05-26 23:05:55Z" duration="0.003003" asserts="0">
                <properties>
                  <property name="retryIteration" value="0" />
                  <property name="repeatIteration" value="0" />
                </properties>
              </test-case>
              <test-case id="1009" name="Stage1Data_BasementAltarChainSpriteAssetsLoad" fullname="EscapeFromNightmares.Tests.EditMode.GameSessionTests.Stage1Data_BasementAltarChainSpriteAssetsLoad" methodname="Stage1Data_BasementAltarChainSpriteAssetsLoad" classname="EscapeFromNightmares.Tests.EditMode.GameSessionTests" runstate="Runnable" seed="1985134885" result="Failed" start-time="2026-05-26 23:05:55Z" end-time="2026-05-26 23:05:55Z" duration="0.256651" asserts="0">
                <properties>
                  <property name="retryIteration" value="0" />
                  <property name="repeatIteration" value="0" />
                </properties>
                <failure>
                  <message><![CDATA[  Puzzles/basement_altar
  Expected: 1280
  But was:  900
]]></message>
                  <stack-trace><![CDATA[at EscapeFromNightmares.Tests.EditMode.GameSessionTests.AssertPngAssetSize (System.String resourcePath, System.Int32 width, System.Int32 height) [0x00009] in D:\Game\Project\Escape_from_Nightmare\Assets\Tests\EditMode\GameSessionTests.cs:1983
at EscapeFromNightmares.Tests.EditMode.GameSessionTests.Stage1Data_BasementAltarChainSpriteAssetsLoad () [0x000fa] in D:\Game\Project\Escape_from_Nightmare\Assets\Tests\EditMode\GameSessionTests.cs:216
]]></stack-trace>
                </failure>
              </test-case>
              <test-case id="1008" name="Stage1Data_BasementAltarChainUsesPlannedFaces" fullname="EscapeFromNightmares.Tests.EditMode.GameSessionTests.Stage1Data_BasementAltarChainUsesPlannedFaces" methodname="Stage1Data_BasementAltarChainUsesPlannedFaces" classname="EscapeFromNightmares.Tests.EditMode.GameSessionTests" runstate="Runnable" seed="53403915" result="Passed" start-time="2026-05-26 23:05:55Z" end-time="2026-05-26 23:05:55Z" duration="0.002164" asserts="0">
                <properties>
                  <property name="retryIteration" value="0" />
                  <property name="repeatIteration" value="0" />
                </properties>
              </test-case>
              <test-case id="1035" name="Stage1Data_ChildBedHideUsesHideViewResource" fullname="EscapeFromNightmares.Tests.EditMode.GameSessionTests.Stage1Data_ChildBedHideUsesHideViewResource" methodname="Stage1Data_ChildBedHideUsesHideViewResource" classname="EscapeFromNightmares.Tests.EditMode.GameSessionTests" runstate="Runnable" seed="834162008" result="Passed" start-time="2026-05-26 23:05:55Z" end-time="2026-05-26 23:05:55Z" duration="0.000793" asserts="0">
                <properties>
                  <property name="retryIteration" value="0" />
                  <property name="repeatIteration" value="0" />
                </properties>
              </test-case>
              <test-case id="1029" name="Stage1Data_ChildDeskDrawerUsesCloseUpResources" fullname="EscapeFromNightmares.Tests.EditMode.GameSessionTests.Stage1Data_ChildDeskDrawerUsesCloseUpResources" methodname="Stage1Data_ChildDeskDrawerUsesCloseUpResources" classname="EscapeFromNightmares.Tests.EditMode.GameSessionTests" runstate="Runnable" seed="717740692" result="Passed" start-time="2026-05-26 23:05:55Z" end-time="2026-05-26 23:05:55Z" duration="0.000844" asserts="0">
                <properties>
                  <property name="retryIteration" value="0" />
                  <property name="repeatIteration" value="0" />
                </properties>
              </test-case>
              <test-case id="1027" name="Stage1Data_ChildRoomHidesObjectSpritesButKeepsHitboxes" fullname="EscapeFromNightmares.Tests.EditMode.GameSessionTests.Stage1Data_ChildRoomHidesObjectSpritesButKeepsHitboxes" methodname="Stage1Data_ChildRoomHidesObjectSpritesButKeepsHitboxes" classname="EscapeFromNightmares.Tests.EditMode.GameSessionTests" runstate="Runnable" seed="1017802015" result="Passed" start-time="2026-05-26 23:05:55Z" end-time="2026-05-26 23:05:55Z" duration="0.001856" asserts="0">
                <properties>
                  <property name="retryIteration" value="0" />
                  <property name="repeatIteration" value="0" />
                </properties>
              </test-case>
              <test-case id="1025" name="Stage1Data_ChildRoomPlacesSampleInteractionsOnFourFaces" fullname="EscapeFromNightmares.Tests.EditMode.GameSessionTests.Stage1Data_ChildRoomPlacesSampleInteractionsOnFourFaces" methodname="Stage1Data_ChildRoomPlacesSampleInteractionsOnFourFaces" classname="EscapeFromNightmares.Tests.EditMode.GameSessionTests" runstate="Runnable" seed="107799316" result="Passed" start-time="2026-05-26 23:05:55Z" end-time="2026-05-26 23:05:55Z" duration="0.001135" asserts="0">
                <properties>
                  <property name="retryIteration" value="0" />
                  <property name="repeatIteration" value="0" />
                </properties>
              </test-case>
              <test-case id="1026" name="Stage1Data_ChildRoomUsesExpectedImageResourcesAndHitboxes" fullname="EscapeFromNightmares.Tests.EditMode.GameSessionTests.Stage1Data_ChildRoomUsesExpectedImageResourcesAndHitboxes" methodname="Stage1Data_ChildRoomUsesExpectedImageResourcesAndHitboxes" classname="EscapeFromNightmares.Tests.EditMode.GameSessionTests" runstate="Runnable" seed="1178334992" result="Passed" start-time="2026-05-26 23:05:55Z" end-time="2026-05-26 23:05:55Z" duration="0.001158" asserts="0">
                <properties>
                  <property name="retryIteration" value="0" />
                  <property name="repeatIteration" value="0" />
                </properties>
              </test-case>
              <test-case id="1088" name="Stage1Data_CloseUpInteractablesArePlacedOnOneFaceOnly" fullname="EscapeFromNightmares.Tests.EditMode.GameSessionTests.Stage1Data_CloseUpInteractablesArePlacedOnOneFaceOnly" methodname="Stage1Data_CloseUpInteractablesArePlacedOnOneFaceOnly" classname="EscapeFromNightmares.Tests.EditMode.GameSessionTests" runstate="Runnable" seed="1086545177" result="Passed" start-time="2026-05-26 23:05:55Z" end-time="2026-05-26 23:05:55Z" duration="0.003349" asserts="0">
                <properties>
                  <property name="retryIteration" value="0" />
                  <property name="repeatIteration" value="0" />
                </properties>
              </test-case>
              <test-case id="1031" name="Stage1Data_CoreInspectionObjectsUseClueCloseUps" fullname="EscapeFromNightmares.Tests.EditMode.GameSessionTests.Stage1Data_CoreInspectionObjectsUseClueCloseUps" methodname="Stage1Data_CoreInspectionObjectsUseClueCloseUps" classname="EscapeFromNightmares.Tests.EditMode.GameSessionTests" runstate="Runnable" seed="2054723704" result="Passed" start-time="2026-05-26 23:05:55Z" end-time="2026-05-26 23:05:55Z" duration="0.001137" asserts="0">
                <properties>
                  <property name="retryIteration" value="0" />
                  <property name="repeatIteration" value="0" />
                </properties>
              </test-case>
              <test-case id="1020" name="Stage1Data_DressingRoomSpriteAssetsLoad" fullname="EscapeFromNightmares.Tests.EditMode.GameSessionTests.Stage1Data_DressingRoomSpriteAssetsLoad" methodname="Stage1Data_DressingRoomSpriteAssetsLoad" classname="EscapeFromNightmares.Tests.EditMode.GameSessionTests" runstate="Runnable" seed="1089623125" result="Passed" start-time="2026-05-26 23:05:55Z" end-time="2026-05-26 23:05:55Z" duration="0.002982" asserts="0">
                <properties>
                  <property name="retryIteration" value="0" />
                  <property name="repeatIteration" value="0" />
                </properties>
              </test-case>
              <test-case id="1019" name="Stage1Data_DressingRoomUsesFourFaceHarness" fullname="EscapeFromNightmares.Tests.EditMode.GameSessionTests.Stage1Data_DressingRoomUsesFourFaceHarness" methodname="Stage1Data_DressingRoomUsesFourFaceHarness" classname="EscapeFromNightmares.Tests.EditMode.GameSessionTests" runstate="Runnable" seed="1993283651" result="Passed" start-time="2026-05-26 23:05:55Z" end-time="2026-05-26 23:05:55Z" duration="0.001417" asserts="0">
                <properties>
                  <property name="retryIteration" value="0" />
                  <property name="repeatIteration" value="0" />
                </properties>
              </test-case>
              <test-case id="1010" name="Stage1Data_EntranceUsesFinalDoorHarness" fullname="EscapeFromNightmares.Tests.EditMode.GameSessionTests.Stage1Data_EntranceUsesFinalDoorHarness" methodname="Stage1Data_EntranceUsesFinalDoorHarness" classname="EscapeFromNightmares.Tests.EditMode.GameSessionTests" runstate="Runnable" seed="257493546" result="Passed" start-time="2026-05-26 23:05:55Z" end-time="2026-05-26 23:05:55Z" duration="0.001376" asserts="0">
                <properties>
                  <property name="retryIteration" value="0" />
                  <property name="repeatIteration" value="0" />
                </properties>
              </test-case>
              <test-case id="1087" name="Stage1Data_FaceCloseUpAndPuzzleSpriteAssetsLoad" fullname="EscapeFromNightmares.Tests.EditMode.GameSessionTests.Stage1Data_FaceCloseUpAndPuzzleSpriteAssetsLoad" methodname="Stage1Data_FaceCloseUpAndPuzzleSpriteAssetsLoad" classname="EscapeFromNightmares.Tests.EditMode.GameSessionTests" runstate="Runnable" seed="551786205" result="Passed" start-time="2026-05-26 23:05:55Z" end-time="2026-05-26 23:05:55Z" duration="0.003837" asserts="0">
                <properties>
                  <property name="retryIteration" value="0" />
                  <property name="repeatIteration" value="0" />
                </properties>
              </test-case>
              <test-case id="1053" name="Stage1Data_FaceInteractablesPreserveRoomInteractables" fullname="EscapeFromNightmares.Tests.EditMode.GameSessionTests.Stage1Data_FaceInteractablesPreserveRoomInteractables" methodname="Stage1Data_FaceInteractablesPreserveRoomInteractables" classname="EscapeFromNightmares.Tests.EditMode.GameSessionTests" runstate="Runnable" seed="924452150" result="Passed" start-time="2026-05-26 23:05:55Z" end-time="2026-05-26 23:05:55Z" duration="0.001089" asserts="0">
                <properties>
                  <property name="retryIteration" value="0" />
                  <property name="repeatIteration" value="0" />
                </properties>
              </test-case>
              <test-case id="1011" name="Stage1Data_FinalChaseFrontDoorSpriteAssetsLoad" fullname="EscapeFromNightmares.Tests.EditMode.GameSessionTests.Stage1Data_FinalChaseFrontDoorSpriteAssetsLoad" methodname="Stage1Data_FinalChaseFrontDoorSpriteAssetsLoad" classname="EscapeFromNightmares.Tests.EditMode.GameSessionTests" runstate="Runnable" seed="159807928" result="Failed" start-time="2026-05-26 23:05:55Z" end-time="2026-05-26 23:05:55Z" duration="0.098492" asserts="0">
                <properties>
                  <property name="retryIteration" value="0" />
                  <property name="repeatIteration" value="0" />
                </properties>
                <failure>
                  <message><![CDATA[  Puzzles/front_door_escape
  Expected: 1280
  But was:  900
]]></message>
                  <stack-trace><![CDATA[at EscapeFromNightmares.Tests.EditMode.GameSessionTests.AssertPngAssetSize (System.String resourcePath, System.Int32 width, System.Int32 height) [0x00009] in D:\Game\Project\Escape_from_Nightmare\Assets\Tests\EditMode\GameSessionTests.cs:1983
at EscapeFromNightmares.Tests.EditMode.GameSessionTests.Stage1Data_FinalChaseFrontDoorSpriteAssetsLoad () [0x00054] in D:\Game\Project\Escape_from_Nightmare\Assets\Tests\EditMode\GameSessionTests.cs:264
]]></stack-trace>
                </failure>
              </test-case>
              <test-case id="1012" name="Stage1Data_FirstFloorLaundryPowerChainSpriteAssetsLoad" fullname="EscapeFromNightmares.Tests.EditMode.GameSessionTests.Stage1Data_FirstFloorLaundryPowerChainSpriteAssetsLoad" methodname="Stage1Data_FirstFloorLaundryPowerChainSpriteAssetsLoad" classname="EscapeFromNightmares.Tests.EditMode.GameSessionTests" runstate="Runnable" seed="2033687141" result="Failed" start-time="2026-05-26 23:05:55Z" end-time="2026-05-26 23:05:56Z" duration="0.382727" asserts="0">
                <properties>
                  <property name="retryIteration" value="0" />
                  <property name="repeatIteration" value="0" />
                </properties>
                <failure>
                  <message><![CDATA[  Puzzles/laundry_storage_box
  Expected: 1280
  But was:  900
]]></message>
                  <stack-trace><![CDATA[at EscapeFromNightmares.Tests.EditMode.GameSessionTests.AssertPngAssetSize (System.String resourcePath, System.Int32 width, System.Int32 height) [0x00009] in D:\Game\Project\Escape_from_Nightmare\Assets\Tests\EditMode\GameSessionTests.cs:1983
at EscapeFromNightmares.Tests.EditMode.GameSessionTests.Stage1Data_FirstFloorLaundryPowerChainSpriteAssetsLoad () [0x00142] in D:\Game\Project\Escape_from_Nightmare\Assets\Tests\EditMode\GameSessionTests.cs:308
]]></stack-trace>
                </failure>
              </test-case>
              <test-case id="1007" name="Stage1Data_FirstFloorLaundryPowerChainUsesPlannedFaces" fullname="EscapeFromNightmares.Tests.EditMode.GameSessionTests.Stage1Data_FirstFloorLaundryPowerChainUsesPlannedFaces" methodname="Stage1Data_FirstFloorLaundryPowerChainUsesPlannedFaces" classname="EscapeFromNightmares.Tests.EditMode.GameSessionTests" runstate="Runnable" seed="1406475508" result="Passed" start-time="2026-05-26 23:05:56Z" end-time="2026-05-26 23:05:56Z" duration="0.002608" asserts="0">
                <properties>
                  <property name="retryIteration" value="0" />
                  <property name="repeatIteration" value="0" />
                </properties>
              </test-case>
              <test-case id="1002" name="Stage1Data_HasStartRoomAndRequiredPuzzles" fullname="EscapeFromNightmares.Tests.EditMode.GameSessionTests.Stage1Data_HasStartRoomAndRequiredPuzzles" methodname="Stage1Data_HasStartRoomAndRequiredPuzzles" classname="EscapeFromNightmares.Tests.EditMode.GameSessionTests" runstate="Runnable" seed="503624934" result="Passed" start-time="2026-05-26 23:05:56Z" end-time="2026-05-26 23:05:56Z" duration="0.000989" asserts="0">
                <properties>
                  <property name="retryIteration" value="0" />
                  <property name="repeatIteration" value="0" />
                </properties>
              </test-case>
              <test-case id="1022" name="Stage1Data_MasterBedroomSpriteAssetsLoad" fullname="EscapeFromNightmares.Tests.EditMode.GameSessionTests.Stage1Data_MasterBedroomSpriteAssetsLoad" methodname="Stage1Data_MasterBedroomSpriteAssetsLoad" classname="EscapeFromNightmares.Tests.EditMode.GameSessionTests" runstate="Runnable" seed="2065342727" result="Passed" start-time="2026-05-26 23:05:56Z" end-time="2026-05-26 23:05:56Z" duration="0.002769" asserts="0">
                <properties>
                  <property name="retryIteration" value="0" />
                  <property name="repeatIteration" value="0" />
                </properties>
              </test-case>
              <test-case id="1021" name="Stage1Data_MasterBedroomUsesFourFaceHarness" fullname="EscapeFromNightmares.Tests.EditMode.GameSessionTests.Stage1Data_MasterBedroomUsesFourFaceHarness" methodname="Stage1Data_MasterBedroomUsesFourFaceHarness" classname="EscapeFromNightmares.Tests.EditMode.GameSessionTests" runstate="Runnable" seed="97336669" result="Passed" start-time="2026-05-26 23:05:56Z" end-time="2026-05-26 23:05:56Z" duration="0.001774" asserts="0">
                <properties>
                  <property name="retryIteration" value="0" />
                  <property name="repeatIteration" value="0" />
                </properties>
              </test-case>
              <test-case id="1016" name="Stage1Data_MirrorRoomSpriteAssetsLoad" fullname="EscapeFromNightmares.Tests.EditMode.GameSessionTests.Stage1Data_MirrorRoomSpriteAssetsLoad" methodname="Stage1Data_MirrorRoomSpriteAssetsLoad" classname="EscapeFromNightmares.Tests.EditMode.GameSessionTests" runstate="Runnable" seed="394310558" result="Passed" start-time="2026-05-26 23:05:56Z" end-time="2026-05-26 23:05:56Z" duration="0.075251" asserts="0">
                <properties>
                  <property name="retryIteration" value="0" />
                  <property name="repeatIteration" value="0" />
                </properties>
              </test-case>
              <test-case id="1015" name="Stage1Data_MirrorRoomUsesFourFaceHarness" fullname="EscapeFromNightmares.Tests.EditMode.GameSessionTests.Stage1Data_MirrorRoomUsesFourFaceHarness" methodname="Stage1Data_MirrorRoomUsesFourFaceHarness" classname="EscapeFromNightmares.Tests.EditMode.GameSessionTests" runstate="Runnable" seed="853063518" result="Passed" start-time="2026-05-26 23:05:56Z" end-time="2026-05-26 23:05:56Z" duration="0.001527" asserts="0">
                <properties>
                  <property name="retryIteration" value="0" />
                  <property name="repeatIteration" value="0" />
                </properties>
              </test-case>
              <test-case id="1091" name="Stage1Data_MonsterShadowAssetLoadsAndIsRegistered" fullname="EscapeFromNightmares.Tests.EditMode.GameSessionTests.Stage1Data_MonsterShadowAssetLoadsAndIsRegistered" methodname="Stage1Data_MonsterShadowAssetLoadsAndIsRegistered" classname="EscapeFromNightmares.Tests.EditMode.GameSessionTests" runstate="Runnable" seed="1464792654" result="Passed" start-time="2026-05-26 23:05:56Z" end-time="2026-05-26 23:05:56Z" duration="0.001496" asserts="0">
                <properties>
                  <property name="retryIteration" value="0" />
                  <property name="repeatIteration" value="0" />
                </properties>
              </test-case>
              <test-case id="1086" name="Stage1Data_PuzzlesHaveCloseUpResourcePaths" fullname="EscapeFromNightmares.Tests.EditMode.GameSessionTests.Stage1Data_PuzzlesHaveCloseUpResourcePaths" methodname="Stage1Data_PuzzlesHaveCloseUpResourcePaths" classname="EscapeFromNightmares.Tests.EditMode.GameSessionTests" runstate="Runnable" seed="408991600" result="Passed" start-time="2026-05-26 23:05:56Z" end-time="2026-05-26 23:05:56Z" duration="0.000801" asserts="0">
                <properties>
                  <property name="retryIteration" value="0" />
                  <property name="repeatIteration" value="0" />
                </properties>
              </test-case>
              <test-case id="1003" name="Stage1Data_RoomsUseExpectedDirectionalFaces" fullname="EscapeFromNightmares.Tests.EditMode.GameSessionTests.Stage1Data_RoomsUseExpectedDirectionalFaces" methodname="Stage1Data_RoomsUseExpectedDirectionalFaces" classname="EscapeFromNightmares.Tests.EditMode.GameSessionTests" runstate="Runnable" seed="1305867939" result="Passed" start-time="2026-05-26 23:05:56Z" end-time="2026-05-26 23:05:56Z" duration="0.001967" asserts="0">
                <properties>
                  <property name="retryIteration" value="0" />
                  <property name="repeatIteration" value="0" />
                </properties>
              </test-case>
              <test-case id="1018" name="Stage1Data_SecondFloorBathroomSpriteAssetsLoad" fullname="EscapeFromNightmares.Tests.EditMode.GameSessionTests.Stage1Data_SecondFloorBathroomSpriteAssetsLoad" methodname="Stage1Data_SecondFloorBathroomSpriteAssetsLoad" classname="EscapeFromNightmares.Tests.EditMode.GameSessionTests" runstate="Runnable" seed="633594125" result="Passed" start-time="2026-05-26 23:05:56Z" end-time="2026-05-26 23:05:56Z" duration="0.003566" asserts="0">
                <properties>
                  <property name="retryIteration" value="0" />
                  <property name="repeatIteration" value="0" />
                </properties>
              </test-case>
              <test-case id="1017" name="Stage1Data_SecondFloorBathroomUsesFourFaceHarness" fullname="EscapeFromNightmares.Tests.EditMode.GameSessionTests.Stage1Data_SecondFloorBathroomUsesFourFaceHarness" methodname="Stage1Data_SecondFloorBathroomUsesFourFaceHarness" classname="EscapeFromNightmares.Tests.EditMode.GameSessionTests" runstate="Runnable" seed="1805101823" result="Passed" start-time="2026-05-26 23:05:56Z" end-time="2026-05-26 23:05:56Z" duration="0.001541" asserts="0">
                <properties>
                  <property name="retryIteration" value="0" />
                  <property name="repeatIteration" value="0" />
                </properties>
              </test-case>
              <test-case id="1006" name="Stage1Data_SecondFloorHallwayDoorsAreTransparentNormalizedHitboxes" fullname="EscapeFromNightmares.Tests.EditMode.GameSessionTests.Stage1Data_SecondFloorHallwayDoorsAreTransparentNormalizedHitboxes" methodname="Stage1Data_SecondFloorHallwayDoorsAreTransparentNormalizedHitboxes" classname="EscapeFromNightmares.Tests.EditMode.GameSessionTests" runstate="Runnable" seed="436110689" result="Passed" start-time="2026-05-26 23:05:56Z" end-time="2026-05-26 23:05:56Z" duration="0.001058" asserts="0">
                <properties>
                  <property name="retryIteration" value="0" />
                  <property name="repeatIteration" value="0" />
                </properties>
              </test-case>
              <test-case id="1005" name="Stage1Data_SecondFloorHallwayUsesTwoPerspectiveFaces" fullname="EscapeFromNightmares.Tests.EditMode.GameSessionTests.Stage1Data_SecondFloorHallwayUsesTwoPerspectiveFaces" methodname="Stage1Data_SecondFloorHallwayUsesTwoPerspectiveFaces" classname="EscapeFromNightmares.Tests.EditMode.GameSessionTests" runstate="Runnable" seed="332001683" result="Passed" start-time="2026-05-26 23:05:56Z" end-time="2026-05-26 23:05:56Z" duration="0.000941" asserts="0">
                <properties>
                  <property name="retryIteration" value="0" />
                  <property name="repeatIteration" value="0" />
                </properties>
              </test-case>
              <test-case id="1004" name="Stage1Data_SingleConnectionFourFaceRoomsExposeExactlyOneExitDoor" fullname="EscapeFromNightmares.Tests.EditMode.GameSessionTests.Stage1Data_SingleConnectionFourFaceRoomsExposeExactlyOneExitDoor" methodname="Stage1Data_SingleConnectionFourFaceRoomsExposeExactlyOneExitDoor" classname="EscapeFromNightmares.Tests.EditMode.GameSessionTests" runstate="Runnable" seed="1207613440" result="Passed" start-time="2026-05-26 23:05:56Z" end-time="2026-05-26 23:05:56Z" duration="0.001310" asserts="0">
                <properties>
                  <property name="retryIteration" value="0" />
                  <property name="repeatIteration" value="0" />
                </properties>
              </test-case>
              <test-case id="1090" name="Stage1Data_StageClearEndingAssetLoadsAndIsRegistered" fullname="EscapeFromNightmares.Tests.EditMode.GameSessionTests.Stage1Data_StageClearEndingAssetLoadsAndIsRegistered" methodname="Stage1Data_StageClearEndingAssetLoadsAndIsRegistered" classname="EscapeFromNightmares.Tests.EditMode.GameSessionTests" runstate="Runnable" seed="663759772" result="Passed" start-time="2026-05-26 23:05:56Z" end-time="2026-05-26 23:05:56Z" duration="0.019153" asserts="0">
                <properties>
                  <property name="retryIteration" value="0" />
                  <property name="repeatIteration" value="0" />
                </properties>
              </test-case>
              <test-case id="1092" name="Stage1Data_StrictIdentityCloseUpCasesAreDocumentedAsAiGeneratedExceptions" fullname="EscapeFromNightmares.Tests.EditMode.GameSessionTests.Stage1Data_StrictIdentityCloseUpCasesAreDocumentedAsAiGeneratedExceptions" methodname="Stage1Data_StrictIdentityCloseUpCasesAreDocumentedAsAiGeneratedExceptions" classname="EscapeFromNightmares.Tests.EditMode.GameSessionTests" runstate="Runnable" seed="605939848" result="Skipped" label="Ignored" start-time="2026-05-26 23:05:56Z" end-time="2026-05-26 23:05:56Z" duration="0.000611" asserts="0">
                <properties>
                  <property name="retryIteration" value="0" />
                  <property name="repeatIteration" value="0" />
                </properties>
                <reason>
                  <message><![CDATA[docs/ROOM_IMAGE_HARNESS.md is not present in this worktree.]]></message>
                </reason>
              </test-case>
              <test-case id="1014" name="Stage1Data_StudyInteractablesUseTransparentHitboxesAndClueResource" fullname="EscapeFromNightmares.Tests.EditMode.GameSessionTests.Stage1Data_StudyInteractablesUseTransparentHitboxesAndClueResource" methodname="Stage1Data_StudyInteractablesUseTransparentHitboxesAndClueResource" classname="EscapeFromNightmares.Tests.EditMode.GameSessionTests" runstate="Runnable" seed="1514248970" result="Passed" start-time="2026-05-26 23:05:56Z" end-time="2026-05-26 23:05:56Z" duration="0.001204" asserts="0">
                <properties>
                  <property name="retryIteration" value="0" />
                  <property name="repeatIteration" value="0" />
                </properties>
              </test-case>
              <test-case id="1013" name="Stage1Data_StudyPlacesSafeExitAndClueOnFourFaces" fullname="EscapeFromNightmares.Tests.EditMode.GameSessionTests.Stage1Data_StudyPlacesSafeExitAndClueOnFourFaces" methodname="Stage1Data_StudyPlacesSafeExitAndClueOnFourFaces" classname="EscapeFromNightmares.Tests.EditMode.GameSessionTests" runstate="Runnable" seed="394022332" result="Passed" start-time="2026-05-26 23:05:56Z" end-time="2026-05-26 23:05:56Z" duration="0.001337" asserts="0">
                <properties>
                  <property name="retryIteration" value="0" />
                  <property name="repeatIteration" value="0" />
                </properties>
              </test-case>
              <test-case id="1030" name="Stage1Data_StudySafeUsesDeferredRewardCloseUpResources" fullname="EscapeFromNightmares.Tests.EditMode.GameSessionTests.Stage1Data_StudySafeUsesDeferredRewardCloseUpResources" methodname="Stage1Data_StudySafeUsesDeferredRewardCloseUpResources" classname="EscapeFromNightmares.Tests.EditMode.GameSessionTests" runstate="Runnable" seed="60270025" result="Passed" start-time="2026-05-26 23:05:56Z" end-time="2026-05-26 23:05:56Z" duration="0.000955" asserts="0">
                <properties>
                  <property name="retryIteration" value="0" />
                  <property name="repeatIteration" value="0" />
                </properties>
              </test-case>
              <test-case id="1028" name="Stage1Data_TornDrawingFragmentUsesProjectResourceIcon" fullname="EscapeFromNightmares.Tests.EditMode.GameSessionTests.Stage1Data_TornDrawingFragmentUsesProjectResourceIcon" methodname="Stage1Data_TornDrawingFragmentUsesProjectResourceIcon" classname="EscapeFromNightmares.Tests.EditMode.GameSessionTests" runstate="Runnable" seed="93785927" result="Passed" start-time="2026-05-26 23:05:56Z" end-time="2026-05-26 23:05:56Z" duration="0.000892" asserts="0">
                <properties>
                  <property name="retryIteration" value="0" />
                  <property name="repeatIteration" value="0" />
                </properties>
              </test-case>
              <test-case id="1068" name="StageClearPanel_FallbackCreatesBlockingPanelWithTitleButton" fullname="EscapeFromNightmares.Tests.EditMode.GameSessionTests.StageClearPanel_FallbackCreatesBlockingPanelWithTitleButton" methodname="StageClearPanel_FallbackCreatesBlockingPanelWithTitleButton" classname="EscapeFromNightmares.Tests.EditMode.GameSessionTests" runstate="Runnable" seed="1694068089" result="Passed" start-time="2026-05-26 23:05:56Z" end-time="2026-05-26 23:05:56Z" duration="0.009251" asserts="0">
                <properties>
                  <property name="retryIteration" value="0" />
                  <property name="repeatIteration" value="0" />
                </properties>
              </test-case>
              <test-case id="1077" name="StudySafeDigit_CorrectInputStateUnlocksAndOpensWithoutReward" fullname="EscapeFromNightmares.Tests.EditMode.GameSessionTests.StudySafeDigit_CorrectInputStateUnlocksAndOpensWithoutReward" methodname="StudySafeDigit_CorrectInputStateUnlocksAndOpensWithoutReward" classname="EscapeFromNightmares.Tests.EditMode.GameSessionTests" runstate="Runnable" seed="181255391" result="Passed" start-time="2026-05-26 23:05:56Z" end-time="2026-05-26 23:05:56Z" duration="0.000879" asserts="0">
                <properties>
                  <property name="retryIteration" value="0" />
                  <property name="repeatIteration" value="0" />
                </properties>
              </test-case>
              <test-case id="1076" name="StudySafeDigit_LayoutPreservesSerializedOrSceneObjects" fullname="EscapeFromNightmares.Tests.EditMode.GameSessionTests.StudySafeDigit_LayoutPreservesSerializedOrSceneObjects" methodname="StudySafeDigit_LayoutPreservesSerializedOrSceneObjects" classname="EscapeFromNightmares.Tests.EditMode.GameSessionTests" runstate="Runnable" seed="1063234584" result="Passed" start-time="2026-05-26 23:05:56Z" end-time="2026-05-26 23:05:56Z" duration="0.000352" asserts="0">
                <properties>
                  <property name="retryIteration" value="0" />
                  <property name="repeatIteration" value="0" />
                </properties>
              </test-case>
              <test-case id="1078" name="StudySafeDigit_MatchesOnlyConfiguredAnswer" fullname="EscapeFromNightmares.Tests.EditMode.GameSessionTests.StudySafeDigit_MatchesOnlyConfiguredAnswer" methodname="StudySafeDigit_MatchesOnlyConfiguredAnswer" classname="EscapeFromNightmares.Tests.EditMode.GameSessionTests" runstate="Runnable" seed="1639906361" result="Passed" start-time="2026-05-26 23:05:56Z" end-time="2026-05-26 23:05:56Z" duration="0.001453" asserts="0">
                <properties>
                  <property name="retryIteration" value="0" />
                  <property name="repeatIteration" value="0" />
                </properties>
              </test-case>
              <test-case id="1073" name="StudySafeDigit_NextValueCyclesZeroThroughNine" fullname="EscapeFromNightmares.Tests.EditMode.GameSessionTests.StudySafeDigit_NextValueCyclesZeroThroughNine" methodname="StudySafeDigit_NextValueCyclesZeroThroughNine" classname="EscapeFromNightmares.Tests.EditMode.GameSessionTests" runstate="Runnable" seed="539300123" result="Passed" start-time="2026-05-26 23:05:56Z" end-time="2026-05-26 23:05:56Z" duration="0.000274" asserts="0">
                <properties>
                  <property name="retryIteration" value="0" />
                  <property name="repeatIteration" value="0" />
                </properties>
              </test-case>
              <test-case id="1074" name="StudySafeDigit_ResourceMapsToTenImageAssets" fullname="EscapeFromNightmares.Tests.EditMode.GameSessionTests.StudySafeDigit_ResourceMapsToTenImageAssets" methodname="StudySafeDigit_ResourceMapsToTenImageAssets" classname="EscapeFromNightmares.Tests.EditMode.GameSessionTests" runstate="Runnable" seed="1451963609" result="Passed" start-time="2026-05-26 23:05:56Z" end-time="2026-05-26 23:05:56Z" duration="0.000326" asserts="0">
                <properties>
                  <property name="retryIteration" value="0" />
                  <property name="repeatIteration" value="0" />
                </properties>
              </test-case>
              <test-case id="1079" name="StudySafeDigit_WrongAutoStateDoesNotSolveOrReward" fullname="EscapeFromNightmares.Tests.EditMode.GameSessionTests.StudySafeDigit_WrongAutoStateDoesNotSolveOrReward" methodname="StudySafeDigit_WrongAutoStateDoesNotSolveOrReward" classname="EscapeFromNightmares.Tests.EditMode.GameSessionTests" runstate="Runnable" seed="1908360694" result="Passed" start-time="2026-05-26 23:05:56Z" end-time="2026-05-26 23:05:56Z" duration="0.000683" asserts="0">
                <properties>
                  <property name="retryIteration" value="0" />
                  <property name="repeatIteration" value="0" />
                </properties>
              </test-case>
              <test-case id="1075" name="StudySafeDigits_LoadAsSpriteAssets" fullname="EscapeFromNightmares.Tests.EditMode.GameSessionTests.StudySafeDigits_LoadAsSpriteAssets" methodname="StudySafeDigits_LoadAsSpriteAssets" classname="EscapeFromNightmares.Tests.EditMode.GameSessionTests" runstate="Runnable" seed="926713904" result="Passed" start-time="2026-05-26 23:05:56Z" end-time="2026-05-26 23:05:56Z" duration="0.004907" asserts="0">
                <properties>
                  <property name="retryIteration" value="0" />
                  <property name="repeatIteration" value="0" />
                </properties>
              </test-case>
            </test-suite>
            <test-suite type="TestFixture" id="1102" name="PuzzleFlowControllerTests" fullname="EscapeFromNightmares.Tests.EditMode.PuzzleFlowControllerTests" classname="EscapeFromNightmares.Tests.EditMode.PuzzleFlowControllerTests" runstate="Runnable" testcasecount="2" result="Passed" start-time="2026-05-26 23:05:56Z" end-time="2026-05-26 23:05:56Z" duration="0.004498" total="2" passed="2" failed="0" inconclusive="0" skipped="0" asserts="0">
              <properties />
              <test-case id="1103" name="AddToken_ReplacesLastToken_WhenInputIsFull" fullname="EscapeFromNightmares.Tests.EditMode.PuzzleFlowControllerTests.AddToken_ReplacesLastToken_WhenInputIsFull" methodname="AddToken_ReplacesLastToken_WhenInputIsFull" classname="EscapeFromNightmares.Tests.EditMode.PuzzleFlowControllerTests" runstate="Runnable" seed="538120741" result="Passed" start-time="2026-05-26 23:05:56Z" end-time="2026-05-26 23:05:56Z" duration="0.000716" asserts="0">
                <properties>
                  <property name="retryIteration" value="0" />
                  <property name="repeatIteration" value="0" />
                </properties>
              </test-case>
              <test-case id="1104" name="Reset_ClearsInputAndShowsEmptyLabel" fullname="EscapeFromNightmares.Tests.EditMode.PuzzleFlowControllerTests.Reset_ClearsInputAndShowsEmptyLabel" methodname="Reset_ClearsInputAndShowsEmptyLabel" classname="EscapeFromNightmares.Tests.EditMode.PuzzleFlowControllerTests" runstate="Runnable" seed="932513995" result="Passed" start-time="2026-05-26 23:05:56Z" end-time="2026-05-26 23:05:56Z" duration="0.000256" asserts="0">
                <properties>
                  <property name="retryIteration" value="0" />
                  <property name="repeatIteration" value="0" />
                </properties>
              </test-case>
            </test-suite>
            <test-suite type="TestFixture" id="1105" name="StageAssetCatalogTests" fullname="EscapeFromNightmares.Tests.EditMode.StageAssetCatalogTests" classname="EscapeFromNightmares.Tests.EditMode.StageAssetCatalogTests" runstate="Runnable" testcasecount="7" result="Passed" start-time="2026-05-26 23:05:56Z" end-time="2026-05-26 23:05:56Z" duration="0.472454" total="7" passed="7" failed="0" inconclusive="0" skipped="0" asserts="0">
              <properties />
              <test-case id="1110" name="GameDirector_DefaultResourceCatalogHelperLoadsFallbackCatalog" fullname="EscapeFromNightmares.Tests.EditMode.StageAssetCatalogTests.GameDirector_DefaultResourceCatalogHelperLoadsFallbackCatalog" methodname="GameDirector_DefaultResourceCatalogHelperLoadsFallbackCatalog" classname="EscapeFromNightmares.Tests.EditMode.StageAssetCatalogTests" runstate="Runnable" seed="1459512465" result="Passed" start-time="2026-05-26 23:05:56Z" end-time="2026-05-26 23:05:56Z" duration="0.019902" asserts="0">
                <properties>
                  <property name="retryIteration" value="0" />
                  <property name="repeatIteration" value="0" />
                </properties>
              </test-case>
              <test-case id="1112" name="MainScene_GameDirectorMonsterPlacementsAreGenerated" fullname="EscapeFromNightmares.Tests.EditMode.StageAssetCatalogTests.MainScene_GameDirectorMonsterPlacementsAreGenerated" methodname="MainScene_GameDirectorMonsterPlacementsAreGenerated" classname="EscapeFromNightmares.Tests.EditMode.StageAssetCatalogTests" runstate="Runnable" seed="1413649931" result="Passed" start-time="2026-05-26 23:05:56Z" end-time="2026-05-26 23:05:56Z" duration="0.232693" asserts="0">
                <properties>
                  <property name="retryIteration" value="0" />
                  <property name="repeatIteration" value="0" />
                </properties>
              </test-case>
              <test-case id="1111" name="MainScene_GameDirectorSpriteBindingsAreCompleteUniqueAndCatalogLinked" fullname="EscapeFromNightmares.Tests.EditMode.StageAssetCatalogTests.MainScene_GameDirectorSpriteBindingsAreCompleteUniqueAndCatalogLinked" methodname="MainScene_GameDirectorSpriteBindingsAreCompleteUniqueAndCatalogLinked" classname="EscapeFromNightmares.Tests.EditMode.StageAssetCatalogTests" runstate="Runnable" seed="2123148409" result="Passed" start-time="2026-05-26 23:05:56Z" end-time="2026-05-26 23:05:56Z" duration="0.210931" asserts="0">
                <properties>
                  <property name="retryIteration" value="0" />
                  <property name="repeatIteration" value="0" />
                </properties>
              </test-case>
              <test-case id="1108" name="ResourcePathCatalog_ContainsEveryStage1VisibleSpriteReference" fullname="EscapeFromNightmares.Tests.EditMode.StageAssetCatalogTests.ResourcePathCatalog_ContainsEveryStage1VisibleSpriteReference" methodname="ResourcePathCatalog_ContainsEveryStage1VisibleSpriteReference" classname="EscapeFromNightmares.Tests.EditMode.StageAssetCatalogTests" runstate="Runnable" seed="988252967" result="Passed" start-time="2026-05-26 23:05:56Z" end-time="2026-05-26 23:05:56Z" duration="0.003382" asserts="0">
                <properties>
                  <property name="retryIteration" value="0" />
                  <property name="repeatIteration" value="0" />
                </properties>
              </test-case>
              <test-case id="1109" name="ResourcePathCatalog_LoadsFromResourcesForBootstrapFallback" fullname="EscapeFromNightmares.Tests.EditMode.StageAssetCatalogTests.ResourcePathCatalog_LoadsFromResourcesForBootstrapFallback" methodname="ResourcePathCatalog_LoadsFromResourcesForBootstrapFallback" classname="EscapeFromNightmares.Tests.EditMode.StageAssetCatalogTests" runstate="Runnable" seed="599997773" result="Passed" start-time="2026-05-26 23:05:56Z" end-time="2026-05-26 23:05:56Z" duration="0.000548" asserts="0">
                <properties>
                  <property name="retryIteration" value="0" />
                  <property name="repeatIteration" value="0" />
                </properties>
              </test-case>
              <test-case id="1106" name="RuntimeStageFactory_CreatesStage1Data" fullname="EscapeFromNightmares.Tests.EditMode.StageAssetCatalogTests.RuntimeStageFactory_CreatesStage1Data" methodname="RuntimeStageFactory_CreatesStage1Data" classname="EscapeFromNightmares.Tests.EditMode.StageAssetCatalogTests" runstate="Runnable" seed="1888836782" result="Passed" start-time="2026-05-26 23:05:56Z" end-time="2026-05-26 23:05:56Z" duration="0.000799" asserts="0">
                <properties>
                  <property name="retryIteration" value="0" />
                  <property name="repeatIteration" value="0" />
                </properties>
              </test-case>
              <test-case id="1107" name="Stage1Data_ReferencesAreCompleteAndIdsAreUnique" fullname="EscapeFromNightmares.Tests.EditMode.StageAssetCatalogTests.Stage1Data_ReferencesAreCompleteAndIdsAreUnique" methodname="Stage1Data_ReferencesAreCompleteAndIdsAreUnique" classname="EscapeFromNightmares.Tests.EditMode.StageAssetCatalogTests" runstate="Runnable" seed="1629382826" result="Passed" start-time="2026-05-26 23:05:56Z" end-time="2026-05-26 23:05:56Z" duration="0.001956" asserts="0">
                <properties>
                  <property name="retryIteration" value="0" />
                  <property name="repeatIteration" value="0" />
                </properties>
                <output><![CDATA[Saving results to: C:/Users/rlaxo/AppData/LocalLow/DefaultCompany/EscapeFromNightmares\TestResults.xml
]]></output>
              </test-case>
            </test-suite>
          </test-suite>
        </test-suite>
      </test-suite>
    </test-suite>
  </test-suite>
</test-run>